Qflow placement logfile created on Fri Jun 14 16:53:30 PDT 2019
Running blif2cel to generate input files for graywolf
blif2cel.tcl --blif /home/openvlsi/anais/hola/synthesis/mips.blif  --lef  /usr/local/share/qflow/tech/osu035/osu035_stdcells.lef --cel /home/openvlsi/anais/hola/layout/mips.cel
Opened BLIF file (/home/openvlsi/anais/hola/synthesis/mips.blif) for reading ...
Opened CEL file (/home/openvlsi/anais/hola/layout/mips.cel) for writing...
Loaded /usr/local/share/qflow/tech/osu035/osu035_stdcells.lef file for reading...
1st pass of blif file /home/openvlsi/anais/hola/synthesis/mips.blif. . .
Reading macros and/or technology data from LEF file. . .
LEF file specifies route layer Y pitch as 2
LEF file specifies route layer X pitch as 1.6
Parsing macro AND2X2
Parsing macro AOI21X1
Parsing macro AOI22X1
Parsing macro BUFX2
Parsing macro NOR3X1
Parsing macro DFFPOSX1
Parsing macro INVX1
Parsing macro NAND2X1
Parsing macro NAND3X1
Parsing macro NOR2X1
Parsing macro OAI21X1
Parsing macro OAI22X1
Parsing macro OR2X2
Parsing macro XOR2X1
Parsing macro MUX2X1
Parsing macro XNOR2X1
Parsing macro CLKBUF1
2nd pass of blif file. . .
3rd pass of blif file. . .
Done!
No mips.cel1 file found for project. . . no partial blockages to apply to layout.
No mips.cel2 file found for project. . . continuing without pin placement hints
Running GrayWolf placement
graywolf  mips

twflow version:2.1 date:Mon May 25 21:15:08 EDT 1992
Authors: Bill Swartz, Carl Sechen
         Yale University

syntax version:v1.1 date:Mon May 25 21:11:10 EDT 1992
TimberWolf System Syntax Checker
Authors: Carl Sechen, Kai-Win Lee, Bill Swartz,
         Dahe Chen, and Jimmy Lam
         Yale University

Read   50 objects so far...
Read  100 objects so far...
Read  150 objects so far...
Read  200 objects so far...
Read  250 objects so far...
Read  300 objects so far...
Read  350 objects so far...
Read  400 objects so far...
Read  450 objects so far...
Read  500 objects so far...
Read  550 objects so far...
Read  600 objects so far...
Read  650 objects so far...
Read  700 objects so far...
Read  750 objects so far...
Read  800 objects so far...
Read  850 objects so far...
Read  900 objects so far...
Read  950 objects so far...
Read 1000 objects so far...
Read 1050 objects so far...
Read 1100 objects so far...
Read 1150 objects so far...
Read 1200 objects so far...
Read 1250 objects so far...
Read 1300 objects so far...
Read 1350 objects so far...
Read 1400 objects so far...
Read 1450 objects so far...
Read 1500 objects so far...
Read 1550 objects so far...
Read 1600 objects so far...
Read 1650 objects so far...
Read 1700 objects so far...
Read 1750 objects so far...
Read 1800 objects so far...
Read 1850 objects so far...
Read 1900 objects so far...
Read 1950 objects so far...
Read 2000 objects so far...
Read 2050 objects so far...
Read 2100 objects so far...
Read 2150 objects so far...
Read 2200 objects so far...
Read 2250 objects so far...
Read 2300 objects so far...
Read 2350 objects so far...
Read 2400 objects so far...
Read 2450 objects so far...
Read 2500 objects so far...
Read 2550 objects so far...
Read 2600 objects so far...
Read 2650 objects so far...
Read 2700 objects so far...
Read 2750 objects so far...
Read 2800 objects so far...
Read 2850 objects so far...
Read 2900 objects so far...
Read 2950 objects so far...
Read 3000 objects so far...
Read 3050 objects so far...
Read 3100 objects so far...
Read 3150 objects so far...
Read 3200 objects so far...
Read 3250 objects so far...
Read 3300 objects so far...
Read 3350 objects so far...
Read 3400 objects so far...
Read 3450 objects so far...
Read 3500 objects so far...
Read 3550 objects so far...
Read 3600 objects so far...
Read 3650 objects so far...
Read 3700 objects so far...
Read 3750 objects so far...
Read 3800 objects so far...
Read 3850 objects so far...
Read 3900 objects so far...
Read 3950 objects so far...
Read 4000 objects so far...
Read 4050 objects so far...
Read 4100 objects so far...
Read 4150 objects so far...
Read 4200 objects so far...
Read 4250 objects so far...
Read 4300 objects so far...
Read 4350 objects so far...
Read 4400 objects so far...
Read 4450 objects so far...
Read 4500 objects so far...
Read 4550 objects so far...
Read 4600 objects so far...
Read 4650 objects so far...
Read 4700 objects so far...
Read 4750 objects so far...
Read 4800 objects so far...
Read 4850 objects so far...
Read 4900 objects so far...
Read 4950 objects so far...
Read 5000 objects so far...
Read 5050 objects so far...
Read 5100 objects so far...
Read 5150 objects so far...
Read 5200 objects so far...
Read 5250 objects so far...
Read 5300 objects so far...
Read 5350 objects so far...
Read 5400 objects so far...
Read 5450 objects so far...
Read 5500 objects so far...
Read 5550 objects so far...
Read 5600 objects so far...
Read 5650 objects so far...
Read 5700 objects so far...
Read 5750 objects so far...
Read 5800 objects so far...
Read 5850 objects so far...
Read 5900 objects so far...
Read 5950 objects so far...
Read 6000 objects so far...
Read 6050 objects so far...
Read 6100 objects so far...
Read 6150 objects so far...
Read 6200 objects so far...
Read 6250 objects so far...
Read 6300 objects so far...
Read 6350 objects so far...
Read 6400 objects so far...
Read 6450 objects so far...
Read 6500 objects so far...
Read 6550 objects so far...
Read 6600 objects so far...
Read 6650 objects so far...
Read 6700 objects so far...
Read 6750 objects so far...
Read 6800 objects so far...
Read 6850 objects so far...
Read 6900 objects so far...
Read 6950 objects so far...
Read 7000 objects so far...
Read 7050 objects so far...
Read 7100 objects so far...
Read 7150 objects so far...
Read 7200 objects so far...
Read 7250 objects so far...
Read 7300 objects so far...
Read 7350 objects so far...
Read 7400 objects so far...
Read 7450 objects so far...
Read 7500 objects so far...
Read 7550 objects so far...
Read 7600 objects so far...
Read 7650 objects so far...
Read 7700 objects so far...
Read 7750 objects so far...
Read 7800 objects so far...
Read 7850 objects so far...
Read 7900 objects so far...
Read 7950 objects so far...
Read 8000 objects so far...
Read 8050 objects so far...
Read 8100 objects so far...
Read 8150 objects so far...
Read 8200 objects so far...
Read 8250 objects so far...
Read 8300 objects so far...
Read 8350 objects so far...
Read 8400 objects so far...
Read 8450 objects so far...
Read 8500 objects so far...
Read 8550 objects so far...
Read 8600 objects so far...
Read 8650 objects so far...
Read 8700 objects so far...
Read 8750 objects so far...
Read 8800 objects so far...
Read 8850 objects so far...
Read 8900 objects so far...
Read 8950 objects so far...
Read 9000 objects so far...
Read 9050 objects so far...
Read 9100 objects so far...
Read 9150 objects so far...
Read 9200 objects so far...
Read 9250 objects so far...
Read 9300 objects so far...
Read 9350 objects so far...
Read 9400 objects so far...
Read 9450 objects so far...
Read 9500 objects so far...
Read 9550 objects so far...
Read 9600 objects so far...
Read 9650 objects so far...
Read 9700 objects so far...
Read 9750 objects so far...
Read 9800 objects so far...
Read 9850 objects so far...
Read 9900 objects so far...
Read 9950 objects so far...
Read 10000 objects so far...
Read 10050 objects so far...
Read 10100 objects so far...
Read 10150 objects so far...
Read 10200 objects so far...
Read 10250 objects so far...
Read 10300 objects so far...
Read 10350 objects so far...
Read 10400 objects so far...
No syntax errors were found

syntax terminated normally with no errors and 0 warning[s]


nocut - replacement for Mincut version:v1.0 date:Mon May 25 21:09:40 EDT 1992
TimberWolf System Floorplan Setup Program
Authors: Carl Sechen, Bill Swartz,
         Yale University

Read   50 objects so far...
Read  100 objects so far...
Read  150 objects so far...
Read  200 objects so far...
Read  250 objects so far...
Read  300 objects so far...
Read  350 objects so far...
Read  400 objects so far...
Read  450 objects so far...
Read  500 objects so far...
Read  550 objects so far...
Read  600 objects so far...
Read  650 objects so far...
Read  700 objects so far...
Read  750 objects so far...
Read  800 objects so far...
Read  850 objects so far...
Read  900 objects so far...
Read  950 objects so far...
Read 1000 objects so far...
Read 1050 objects so far...
Read 1100 objects so far...
Read 1150 objects so far...
Read 1200 objects so far...
Read 1250 objects so far...
Read 1300 objects so far...
Read 1350 objects so far...
Read 1400 objects so far...
Read 1450 objects so far...
Read 1500 objects so far...
Read 1550 objects so far...
Read 1600 objects so far...
Read 1650 objects so far...
Read 1700 objects so far...
Read 1750 objects so far...
Read 1800 objects so far...
Read 1850 objects so far...
Read 1900 objects so far...
Read 1950 objects so far...
Read 2000 objects so far...
Read 2050 objects so far...
Read 2100 objects so far...
Read 2150 objects so far...
Read 2200 objects so far...
Read 2250 objects so far...
Read 2300 objects so far...
Read 2350 objects so far...
Read 2400 objects so far...
Read 2450 objects so far...
Read 2500 objects so far...
Read 2550 objects so far...
Read 2600 objects so far...
Read 2650 objects so far...
Read 2700 objects so far...
Read 2750 objects so far...
Read 2800 objects so far...
Read 2850 objects so far...
Read 2900 objects so far...
Read 2950 objects so far...
Read 3000 objects so far...
Read 3050 objects so far...
Read 3100 objects so far...
Read 3150 objects so far...
Read 3200 objects so far...
Read 3250 objects so far...
Read 3300 objects so far...
Read 3350 objects so far...
Read 3400 objects so far...
Read 3450 objects so far...
Read 3500 objects so far...
Read 3550 objects so far...
Read 3600 objects so far...
Read 3650 objects so far...
Read 3700 objects so far...
Read 3750 objects so far...
Read 3800 objects so far...
Read 3850 objects so far...
Read 3900 objects so far...
Read 3950 objects so far...
Read 4000 objects so far...
Read 4050 objects so far...
Read 4100 objects so far...
Read 4150 objects so far...
Read 4200 objects so far...
Read 4250 objects so far...
Read 4300 objects so far...
Read 4350 objects so far...
Read 4400 objects so far...
Read 4450 objects so far...
Read 4500 objects so far...
Read 4550 objects so far...
Read 4600 objects so far...
Read 4650 objects so far...
Read 4700 objects so far...
Read 4750 objects so far...
Read 4800 objects so far...
Read 4850 objects so far...
Read 4900 objects so far...
Read 4950 objects so far...
Read 5000 objects so far...
Read 5050 objects so far...
Read 5100 objects so far...
Read 5150 objects so far...
Read 5200 objects so far...
Read 5250 objects so far...
Read 5300 objects so far...
Read 5350 objects so far...
Read 5400 objects so far...
Read 5450 objects so far...
Read 5500 objects so far...
Read 5550 objects so far...
Read 5600 objects so far...
Read 5650 objects so far...
Read 5700 objects so far...
Read 5750 objects so far...
Read 5800 objects so far...
Read 5850 objects so far...
Read 5900 objects so far...
Read 5950 objects so far...
Read 6000 objects so far...
Read 6050 objects so far...
Read 6100 objects so far...
Read 6150 objects so far...
Read 6200 objects so far...
Read 6250 objects so far...
Read 6300 objects so far...
Read 6350 objects so far...
Read 6400 objects so far...
Read 6450 objects so far...
Read 6500 objects so far...
Read 6550 objects so far...
Read 6600 objects so far...
Read 6650 objects so far...
Read 6700 objects so far...
Read 6750 objects so far...
Read 6800 objects so far...
Read 6850 objects so far...
Read 6900 objects so far...
Read 6950 objects so far...
Read 7000 objects so f
----------------------------
Total stdcells     :10344
Total cell width   :7.76e+06
Total cell height  :2.07e+07
Total cell area    :1.55e+10
Total core area    :1.55e+10
Average cell height:2.00e+03

ar...
Read 7050 objects so far...
Read 7100 objects so far...
Read 7150 objects so far...
Read 7200 objects so far...
Read 7250 objects so far...
Read 7300 objects so far...
Read 7350 objects so far...
Read 7400 objects so far...
Read 7450 objects so far...
Read 7500 objects so far...
Read 7550 objects so far...
Read 7600 objects so far...
Read 7650 objects so far...
Read 7700 objects so far...
Read 7750 objects so far...
Read 7800 objects so far...
Read 7850 objects so far...
Read 7900 objects so far...
Read 7950 objects so far...
Read 8000 objects so far...
Read 8050 objects so far...
Read 8100 objects so far...
Read 8150 objects so far...
Read 8200 objects so far...
Read 8250 objects so far...
Read 8300 objects so far...
Read 8350 objects so far...
Read 8400 objects so far...
Read 8450 objects so far...
Read 8500 objects so far...
Read 8550 objects so far...
Read 8600 objects so far...
Read 8650 objects so far...
Read 8700 objects so far...
Read 8750 objects so far...
Read 8800 objects so far...
Read 8850 objects so far...
Read 8900 objects so far...
Read 8950 objects so far...
Read 9000 objects so far...
Read 9050 objects so far...
Read 9100 objects so far...
Read 9150 objects so far...
Read 9200 objects so far...
Read 9250 objects so far...
Read 9300 objects so far...
Read 9350 objects so far...
Read 9400 objects so far...
Read 9450 objects so far...
Read 9500 objects so far...
Read 9550 objects so far...
Read 9600 objects so far...
Read 9650 objects so far...
Read 9700 objects so far...
Read 9750 objects so far...
Read 9800 objects so far...
Read 9850 objects so far...
Read 9900 objects so far...
Read 9950 objects so far...
Read 10000 objects so far...
Read 10050 objects so far...
Read 10100 objects so far...
Read 10150 objects so far...
Read 10200 objects so far...
Read 10250 objects so far...
Read 10300 objects so far...
Read 10350 objects so far...
Read 10400 objects so far...
Splitting mips.cel into mips.scel and mips.mcel...
	done!


nocut - replacement for Mincut terminated normally with no errors and 0 warning[s]


TimberWolfMC version:v2.2 date:Mon May 25 21:18:34 EDT 1992
Authors: Carl Sechen, Bill Swartz, Kai-Win Lee
         Dahe Chen, and Jimmy Lam
         Yale University

config version:v1.0 date:Mon May 25 20:57:18 EDT 1992
Row configuration program
    Yale University


config switches:
	Graphics mode on
	config will inherit window


Note: restore state file exists:mips


config terminated normally with no errors and 0 warning[s]


TimberWolfMC terminated normally with no errors and 0 warning[s]

WARNING[findcost]:Net <vdd> has 134 pins


TimberWolfSC switches:
	Graphics mode on
	TimberWolfSC will inherit window

TimberWolfSC version:v6.0 date:Mon May 25 21:19:07 EDT 1992
Row-Based Placement and Global Routing Program
Authors: Carl Sechen, Kai-Win Lee, and Bill Swartz,
         Yale University
  0 
  1   2   3   4   5   6   7   8   9  10  11  12  13  14  15 
 16  17  18  19  20  21  22  23  24  25  26  27  28  29  30 
 31  32  33  34  35  36  37  38  39  40  41  42  43  44  45 
 46  47  48  49  50  51  52  53  54  55  56  57  58  59  60 
 61  62  63  64  65  66  67  68  69  70  71  72  73  74  75 
 76  77  78  79  80  81  82  83  84  85  86  87  88  89  90 
 91  92  93  94  95  96  97  98  99 100 101 102 103 104 105 
106 107 108 109 110 111 112 113 114 115 116 117 118 119 120 
121 122 123 124 125 126 127 128 129 130 131 132 133 134 135 
136 137 138 139 140 141 142 143 144 145 146 147 148 149 150 
151 152 153 154 155 156 157 158 
 block left edge is at -399
 the longest block length is 147840
 building the steiner trees
 rebuilding the steiner tree

----start doing coarse global routing ------ 
 ITERATION  1
 ITERATION  2
 ITERATION  3
 ITERATION  4
 ITERATION  5
 ITERATION  6
 ITERATION  7
 ITERATION  8
 ITERATION  9
 ITERATION 10
 ITERATION 11
 ITERATION 12
 ITERATION 13
 ITERATION 14
 ITERATION 15
 ITERATION 16

  longest Row is:20   Its length is:156320
 doing feed-through pins assignment
 building the net-tree now !
 set up the global routing grids
 the starting value of tracks = 1969
 tracks = 1946 at attempts =  1000
 tracks = 1924 at attempts =  2000
 tracks = 1913 at attempts =  3000
 tracks = 1905 at attempts =  4000
 tracks = 1894 at attempts =  5000
 tracks = 1886 at attempts =  6000
 tracks = 1877 at attempts =  7000
 tracks = 1869 at attempts =  8000
 tracks = 1862 at attempts =  9000
 tracks = 1854 at attempts = 10000
 tracks = 1850 at attempts = 11000
 tracks = 1845 at attempts = 12000
 tracks = 1841 at attempts = 13000
 tracks = 1837 at attempts = 14000
 tracks = 1834 at attempts = 15000
 tracks = 1831 at attempts = 16000
 tracks = 1826 at attempts = 17000
 tracks = 1826 at attempts = 18000
 tracks = 1826 at attempts = 19000
 tracks = 1825 at attempts = 20000
 tracks = 1823 at attempts = 21000
 tracks = 1822 at attempts = 22000
 tracks = 1819 at attempts = 23000
 tracks = 1817 at attempts = 24000
 tracks = 1815 at attempts = 25000
 tracks = 1814 at attempts = 26000
 tracks = 1813 at attempts = 27000
 tracks = 1813 at attempts = 28000
 tracks = 1813 at attempts = 29000
 tracks = 1810 at attempts = 30000
 tracks = 1808 at attempts = 31000
 tracks = 1808 at attempts = 32000
 tracks = 1806 at attempts = 33000
 tracks = 1806 at attempts = 34000
 tracks = 1805 at attempts = 35000
 tracks = 1804 at attempts = 36000
 tracks = 1801 at attempts = 37000
 tracks = 1801 at attempts = 38000
 tracks = 1799 at attempts = 39000
 tracks = 1797 at attempts = 40000
 tracks = 1797 at attempts = 41000
 tracks = 1796 at attempts = 42000
 tracks = 1796 at attempts = 43000
 tracks = 1796 at attempts = 44000
 tracks = 1796 at attempts = 45000
 tracks = 1796 at attempts = 46000
 tracks = 1796 at attempts = 47000
 tracks = 1796 at attempts = 48000
 tracks = 1795 at attempts = 49000
 tracks = 1795 at attempts = 50000
 tracks = 1794 at attempts = 51000
 tracks = 1794 at attempts = 52000
 tracks = 1794 at attempts = 53000
 tracks = 1794 at attempts = 54000
 tracks = 1794 at attempts = 55000
 tracks = 1794 at attempts = 56000
 tracks = 1794 at attempts = 57000
 tracks = 1794 at attempts = 58000
 tracks = 1794 at attempts = 59000
 tracks = 1794 at attempts = 60000
 tracks = 1794 at attempts = 61000
 tracks = 1794 at attempts = 62000
 tracks = 1794 at attempts = 63000
 tracks = 1794 at attempts = 64000
 tracks = 1793 at attempts = 65000
 tracks = 1793 at attempts = 66000
 tracks = 1793 at attempts = 67000
 tracks = 1793 at attempts = 68000
 tracks = 1793 at attempts = 69000
 tracks = 1793 at attempts = 70000
 tracks = 1793 at attempts = 71000
 tracks = 1793 at attempts = 72000
 tracks = 1793 at attempts = 73000
 tracks = 1793 at attempts = 74000
 tracks = 1793 at attempts = 75000
 tracks = 1793 at attempts = 76000
 tracks = 1792 at attempts = 77000
 tracks = 1792 at attempts = 78000
 tracks = 1792 at attempts = 79000
 tracks = 1792 at attempts = 80000
 tracks = 1792 at attempts = 81000
 tracks = 1792 at attempts = 82000
 tracks = 1792 at attempts = 83000
 tracks = 1792 at attempts = 84000
 tracks = 1792 at attempts = 85000
 tracks = 1791 at attempts = 86000
 tracks = 1791 at attempts = 87000
 tracks = 1791 at attempts = 88000
 tracks = 1791 at attempts = 89000
 tracks = 1791 at attempts = 90000
 tracks = 1791 at attempts = 91000
 tracks = 1791 at attempts = 92000
 tracks = 1790 at attempts = 93000
 tracks = 1790 at attempts = 94000
 tracks = 1790 at attempts = 95000
 tracks = 1790 at attempts = 96000
 tracks = 1790 at attempts = 97000
 tracks = 1790 at attempts = 98000
 tracks = 1790 at attempts = 99000
 tracks = 1790 at attempts = 100000
 tracks = 1790 at attempts = 101000
 tracks = 1790 at attempts = 102000
 tracks = 1790 at attempts = 103000
 tracks = 1790 at attempts = 104000
 tracks = 1790 at attempts = 105000
 tracks = 1790 at attempts = 106000
 tracks = 1790 at attempts = 107000
 tracks = 1790 at attempts = 108000
 tracks = 1790 at attempts = 109000
 tracks = 1790 at attempts = 110000
 tracks = 1790 at attempts = 111000
 tracks = 1790 at attempts = 112000
 tracks = 1790 at attempts = 113000
 tracks = 1790 at attempts = 114000
 tracks = 1790 at attempts = 115000
 tracks = 1790 at attempts = 116000
 tracks = 1790 at attempts = 117000
 tracks = 1790 at attempts = 118000
 tracks = 1790 at attempts = 119000
 tracks = 1790 at attempts = 120000
 tracks = 1790 at attempts = 121000
 tracks = 1790 at attempts = 122000
 tracks = 1790 at attempts = 123000
 tracks = 1790 at attempts = 124000
 tracks = 1790 at attempts = 125000
 tracks = 1790 at attempts = 126000
 tracks = 1790 at attempts = 127000
 tracks = 1790 at attempts = 128000
 tracks = 1790 at attempts = 129000
 tracks = 1790 at attempts = 130000
 tracks = 1790 at attempts = 131000
 tracks = 1790 at attempts = 132000
 tracks = 1790 at attempts = 133000
 tracks = 1790 at attempts = 134000
 tracks = 1790 at attempts = 135000
 tracks = 1790 at attempts = 136000
 tracks = 1790 at attempts = 137000
 tracks = 1790 at attempts = 138000
 tracks = 1790 at attempts = 139000
 tracks = 1790 at attempts = 140000
 tracks = 1790 at attempts = 141000
 tracks = 1790 at attempts = 142000
 tracks = 1790 at attempts = 143000
 tracks = 1790 at attempts = 144000
 tracks = 1790 at attempts = 145000
 tracks = 1790 at attempts = 146000
 tracks = 1790 at attempts = 147000
 tracks = 1790 at attempts = 148000
 tracks = 1790 at attempts = 149000
 tracks = 1790 at attempts = 150000
 tracks = 1790 at attempts = 151000
 tracks = 1790 at attempts = 152000
 tracks = 1790 at attempts = 153000
 tracks = 1790 at attempts = 154000
 tracks = 1790 at attempts = 155000
 tracks = 1790 at attempts = 156000
 tracks = 1790 at attempts = 157000
 tracks = 1790 at attempts = 158000
 tracks = 1790 at attempts = 159000
 tracks = 1790 at attempts = 160000
 tracks = 1790 at attempts = 161000
 tracks = 1790 at attempts = 162000
 tracks = 1790 at attempts = 163000
 tracks = 1790 at attempts = 164000
 tracks = 1790 at attempts = 165000
 tracks = 1790 at attempts = 166000
 tracks = 1790 at attempts = 167000
 tracks = 1790 at attempts = 168000
 tracks = 1790 at attempts = 169000
 tracks = 1790 at attempts = 170000
 tracks = 1790 at attempts = 171000
 tracks = 1790 at attempts = 172000
 tracks = 1790 at attempts = 173000
 tracks = 1790 at attempts = 174000
 tracks = 1790 at attempts = 175000
 tracks = 1790 at attempts = 176000
 tracks = 1790 at attempts = 177000
 tracks = 1790 at attempts = 178000
 tracks = 1790 at attempts = 179000
 tracks = 1790 at attempts = 180000
 tracks = 1790 at attempts = 181000
 tracks = 1790 at attempts = 182000
 tracks = 1790 at attempts = 183000
 tracks = 1790 at attempts = 184000
 tracks = 1790 at attempts = 185000
 tracks = 1790 at attempts = 186000
 tracks = 1790 at attempts = 187000
 tracks = 1790 at attempts = 188000
 tracks = 1790 at attempts = 189000
 tracks = 1790 at attempts = 190000
 tracks = 1790 at attempts = 191000
 tracks = 1790 at attempts = 192000
 tracks = 1790 at attempts = 193000
 tracks = 1790 at attempts = 194000
 tracks = 1790 at attempts = 195000
 tracks = 1790 at attempts = 196000
 tracks = 1790 at attempts = 197000
 tracks = 1790 at attempts = 198000
 tracks = 1790 at attempts = 199000
 tracks = 1790 at attempts = 200000
 tracks = 1790 at attempts = 201000
 tracks = 1790 at attempts = 202000
 tracks = 1790 at attempts = 203000
 tracks = 1790 at attempts = 204000
 tracks = 1790 at attempts = 205000
 tracks = 1790 at attempts = 206000
 tracks = 1790 at attempts = 207000
 tracks = 1790 at attempts = 208000
 tracks = 1790 at attempts = 209000
 tracks = 1790 at attempts = 210000
 tracks = 1790 at attempts = 211000
 tracks = 1790 at attempts = 212000
 tracks = 1790 at attempts = 213000
 tracks = 1790 at attempts = 214000
 tracks = 1790 at attempts = 215000
 tracks = 1790 at attempts = 216000
 tracks = 1790 at attempts = 217000
 tracks = 1790 at attempts = 218000
 tracks = 1790 at attempts = 219000
 tracks = 1790 at attempts = 220000
 tracks = 1790 at attempts = 221000
 tracks = 1790 at attempts = 222000
 tracks = 1790 at attempts = 223000
 tracks = 1790 at attempts = 224000
 tracks = 1790 at attempts = 225000
 tracks = 1790 at attempts = 226000
 tracks = 1790 at attempts = 227000
 tracks = 1790 at attempts = 228000
 tracks = 1790 at attempts = 229000
 tracks = 1790 at attempts = 230000
 tracks = 1790 at attempts = 231000
 tracks = 1790 at attempts = 232000
 tracks = 1790 at attempts = 233000
 tracks = 1790 at attempts = 234000
 tracks = 1790 at attempts = 235000
 tracks = 1790 at attempts = 236000
 tracks = 1790 at attempts = 237000
 tracks = 1789 at attempts = 238000
 tracks = 1789 at attempts = 239000
 tracks = 1789 at attempts = 240000
 tracks = 1789 at attempts = 241000
 tracks = 1789 at attempts = 242000
 tracks = 1789 at attempts = 243000
 tracks = 1789 at attempts = 244000
 tracks = 1789 at attempts = 245000
 tracks = 1789 at attempts = 246000
 tracks = 1789 at attempts = 247000
 tracks = 1789 at attempts = 248000
 tracks = 1789 at attempts = 249000
 tracks = 1789 at attempts = 250000
 tracks = 1789 at attempts = 251000
 tracks = 1789 at attempts = 252000
 tracks = 1789 at attempts = 253000
 tracks = 1789 at attempts = 254000
 tracks = 1789 at attempts = 255000
 tracks = 1789 at attempts = 256000
 tracks = 1789 at attempts = 257000
 tracks = 1789 at attempts = 258000
 tracks = 1789 at attempts = 259000
 removing redundant feed-through pins
 the connectivity of all the nets is verified

 block left edge is at -399
 the longest block length is 147840
 building the steiner trees
 rebuilding the steiner tree

----start doing coarse global routing ------ 
 ITERATION  1
 ITERATION  2
 ITERATION  3
 ITERATION  4
 ITERATION  5
 ITERATION  6
 ITERATION  7
 ITERATION  8

  longest Row is:20   Its length is:155680
 doing feed-through pins assignment
 building the net-tree now !
 set up the global routing grids
 the starting value of tracks = 1940
 tracks = 1917 at attempts =  1000
 tracks = 1903 at attempts =  2000
 tracks = 1891 at attempts =  3000
 tracks = 1880 at attempts =  4000
 tracks = 1870 at attempts =  5000
 tracks = 1855 at attempts =  6000
 tracks = 1847 at attempts =  7000
 tracks = 1841 at attempts =  8000
 tracks = 1831 at attempts =  9000
 tracks = 1826 at attempts = 10000
 tracks = 1823 at attempts = 11000
 tracks = 1818 at attempts = 12000
 tracks = 1810 at attempts = 13000
 tracks = 1806 at attempts = 14000
 tracks = 1804 at attempts = 15000
 tracks = 1802 at attempts = 16000
 tracks = 1800 at attempts = 17000
 tracks = 1797 at attempts = 18000
 tracks = 1794 at attempts = 19000
 tracks = 1793 at attempts = 20000
 tracks = 1790 at attempts = 21000
 tracks = 1789 at attempts = 22000
 tracks = 1787 at attempts = 23000
 tracks = 1786 at attempts = 24000
 tracks = 1785 at attempts = 25000
 tracks = 1785 at attempts = 26000
 tracks = 1784 at attempts = 27000
 tracks = 1783 at attempts = 28000
 tracks = 1783 at attempts = 29000
 tracks = 1782 at attempts = 30000
 tracks = 1782 at attempts = 31000
 tracks = 1781 at attempts = 32000
 tracks = 1781 at attempts = 33000
 tracks = 1781 at attempts = 34000
 tracks = 1780 at attempts = 35000
 tracks = 1780 at attempts = 36000
 tracks = 1779 at attempts = 37000
 tracks = 1779 at attempts = 38000
 tracks = 1779 at attempts = 39000
 tracks = 1777 at attempts = 40000
 tracks = 1777 at attempts = 41000
 tracks = 1777 at attempts = 42000
 tracks = 1777 at attempts = 43000
 tracks = 1776 at attempts = 44000
 tracks = 1775 at attempts = 45000
 tracks = 1775 at attempts = 46000
 tracks = 1775 at attempts = 47000
 tracks = 1775 at attempts = 48000
 tracks = 1775 at attempts = 49000
 tracks = 1775 at attempts = 50000
 tracks = 1775 at attempts = 51000
 tracks = 1775 at attempts = 52000
 tracks = 1775 at attempts = 53000
 tracks = 1775 at attempts = 54000
 tracks = 1775 at attempts = 55000
 tracks = 1774 at attempts = 56000
 tracks = 1774 at attempts = 57000
 tracks = 1774 at attempts = 58000
 tracks = 1774 at attempts = 59000
 tracks = 1773 at attempts = 60000
 tracks = 1772 at attempts = 61000
 tracks = 1772 at attempts = 62000
 tracks = 1771 at attempts = 63000
 tracks = 1771 at attempts = 64000
 tracks = 1771 at attempts = 65000
 tracks = 1771 at attempts = 66000
 tracks = 1770 at attempts = 67000
 tracks = 1770 at attempts = 68000
 tracks = 1770 at attempts = 69000
 tracks = 1770 at attempts = 70000
 tracks = 1770 at attempts = 71000
 tracks = 1770 at attempts = 72000
 tracks = 1769 at attempts = 73000
 tracks = 1769 at attempts = 74000
 tracks = 1769 at attempts = 75000
 tracks = 1769 at attempts = 76000
 tracks = 1769 at attempts = 77000
 tracks = 1769 at attempts = 78000
 tracks = 1769 at attempts = 79000
 tracks = 1768 at attempts = 80000
 tracks = 1768 at attempts = 81000
 tracks = 1768 at attempts = 82000
 tracks = 1768 at attempts = 83000
 tracks = 1768 at attempts = 84000
 tracks = 1768 at attempts = 85000
 tracks = 1768 at attempts = 86000
 tracks = 1768 at attempts = 87000
 tracks = 1768 at attempts = 88000
 tracks = 1767 at attempts = 89000
 tracks = 1767 at attempts = 90000
 tracks = 1767 at attempts = 91000
 tracks = 1767 at attempts = 92000
 tracks = 1767 at attempts = 93000
 tracks = 1767 at attempts = 94000
 tracks = 1767 at attempts = 95000
 tracks = 1767 at attempts = 96000
 tracks = 1767 at attempts = 97000
 tracks = 1767 at attempts = 98000
 tracks = 1767 at attempts = 99000
 tracks = 1767 at attempts = 100000
 tracks = 1767 at attempts = 101000
 tracks = 1767 at attempts = 102000
 tracks = 1767 at attempts = 103000
 tracks = 1767 at attempts = 104000
 tracks = 1767 at attempts = 105000
 tracks = 1767 at attempts = 106000
 tracks = 1767 at attempts = 107000
 tracks = 1767 at attempts = 108000
 tracks = 1767 at attempts = 109000
 tracks = 1767 at attempts = 110000
 tracks = 1767 at attempts = 111000
 tracks = 1767 at attempts = 112000
 tracks = 1767 at attempts = 113000
 tracks = 1766 at attempts = 114000
 tracks = 1766 at attempts = 115000
 tracks = 1766 at attempts = 116000
 tracks = 1766 at attempts = 117000
 tracks = 1766 at attempts = 118000
 tracks = 1766 at attempts = 119000
 tracks = 1766 at attempts = 120000
 tracks = 1766 at attempts = 121000
 tracks = 1766 at attempts = 122000
 tracks = 1766 at attempts = 123000
 tracks = 1766 at attempts = 124000
 tracks = 1765 at attempts = 125000
 tracks = 1765 at attempts = 126000
 tracks = 1765 at attempts = 127000
 tracks = 1765 at attempts = 128000
 tracks = 1765 at attempts = 129000
 tracks = 1765 at attempts = 130000
 tracks = 1765 at attempts = 131000
 tracks = 1765 at attempts = 132000
 tracks = 1765 at attempts = 133000
 tracks = 1765 at attempts = 134000
 tracks = 1764 at attempts = 135000
 tracks = 1764 at attempts = 136000
 tracks = 1764 at attempts = 137000
 tracks = 1764 at attempts = 138000
 tracks = 1764 at attempts = 139000
 tracks = 1764 at attempts = 140000
 tracks = 1764 at attempts = 141000
 tracks = 1764 at attempts = 142000
 tracks = 1764 at attempts = 143000
 tracks = 1764 at attempts = 144000
 tracks = 1764 at attempts = 145000
 tracks = 1764 at attempts = 146000
 tracks = 1764 at attempts = 147000
 tracks = 1763 at attempts = 148000
 tracks = 1763 at attempts = 149000
 tracks = 1763 at attempts = 150000
 tracks = 1763 at attempts = 151000
 tracks = 1763 at attempts = 152000
 tracks = 1763 at attempts = 153000
 tracks = 1763 at attempts = 154000
 tracks = 1763 at attempts = 155000
 tracks = 1763 at attempts = 156000
 tracks = 1763 at attempts = 157000
 tracks = 1763 at attempts = 158000
 tracks = 1763 at attempts = 159000
 tracks = 1763 at attempts = 160000
 tracks = 1763 at attempts = 161000
 tracks = 1763 at attempts = 162000
 tracks = 1763 at attempts = 163000
 tracks = 1763 at attempts = 164000
 tracks = 1763 at attempts = 165000
 tracks = 1763 at attempts = 166000
 tracks = 1763 at attempts = 167000
 tracks = 1763 at attempts = 168000
 tracks = 1763 at attempts = 169000
 tracks = 1763 at attempts = 170000
 tracks = 1763 at attempts = 171000
 tracks = 1763 at attempts = 172000
 tracks = 1763 at attempts = 173000
 tracks = 1763 at attempts = 174000
 tracks = 1763 at attempts = 175000
 tracks = 1763 at attempts = 176000
 tracks = 1763 at attempts = 177000
 tracks = 1763 at attempts = 178000
 tracks = 1763 at attempts = 179000
 tracks = 1763 at attempts = 180000
 tracks = 1763 at attempts = 181000
 tracks = 1763 at attempts = 182000
 tracks = 1763 at attempts = 183000
 tracks = 1763 at attempts = 184000
 tracks = 1763 at attempts = 185000
 tracks = 1763 at attempts = 186000
 tracks = 1763 at attempts = 187000
 tracks = 1763 at attempts = 188000
 tracks = 1763 at attempts = 189000
 tracks = 1763 at attempts = 190000
 tracks = 1763 at attempts = 191000
 tracks = 1763 at attempts = 192000
 tracks = 1763 at attempts = 193000
 tracks = 1763 at attempts = 194000
 tracks = 1763 at attempts = 195000
 tracks = 1763 at attempts = 196000
 tracks = 1763 at attempts = 197000
 tracks = 1763 at attempts = 198000
 tracks = 1763 at attempts = 199000
 tracks = 1763 at attempts = 200000
 tracks = 1763 at attempts = 201000
 tracks = 1763 at attempts = 202000
 tracks = 1763 at attempts = 203000
 tracks = 1763 at attempts = 204000
 tracks = 1763 at attempts = 205000
 tracks = 1763 at attempts = 206000
 tracks = 1763 at attempts = 207000
 tracks = 1763 at attempts = 208000
 tracks = 1763 at attempts = 209000
 tracks = 1763 at attempts = 210000
 tracks = 1763 at attempts = 211000
 tracks = 1763 at attempts = 212000
 tracks = 1763 at attempts = 213000
 tracks = 1763 at attempts = 214000
 tracks = 1763 at attempts = 215000
 tracks = 1763 at attempts = 216000
 tracks = 1763 at attempts = 217000
 tracks = 1763 at attempts = 218000
 tracks = 1763 at attempts = 219000
 tracks = 1763 at attempts = 220000
 tracks = 1763 at attempts = 221000
 tracks = 1763 at attempts = 222000
 tracks = 1763 at attempts = 223000
 tracks = 1763 at attempts = 224000
 tracks = 1763 at attempts = 225000
 tracks = 1763 at attempts = 226000
 tracks = 1763 at attempts = 227000
 tracks = 1763 at attempts = 228000
 tracks = 1763 at attempts = 229000
 tracks = 1763 at attempts = 230000
 tracks = 1763 at attempts = 231000
 tracks = 1763 at attempts = 232000
 tracks = 1763 at attempts = 233000
 tracks = 1763 at attempts = 234000
 tracks = 1763 at attempts = 235000
 tracks = 1763 at attempts = 236000
 tracks = 1763 at attempts = 237000
 tracks = 1763 at attempts = 238000
 tracks = 1763 at attempts = 239000
 tracks = 1762 at attempts = 240000
 tracks = 1762 at attempts = 241000
 tracks = 1762 at attempts = 242000
 tracks = 1762 at attempts = 243000
 tracks = 1762 at attempts = 244000
 tracks = 1762 at attempts = 245000
 tracks = 1762 at attempts = 246000
 tracks = 1762 at attempts = 247000
 tracks = 1762 at attempts = 248000
 tracks = 1762 at attempts = 249000
 tracks = 1762 at attempts = 250000
 tracks = 1762 at attempts = 251000
 tracks = 1762 at attempts = 252000
 tracks = 1762 at attempts = 253000
 tracks = 1762 at attempts = 254000
 tracks = 1762 at attempts = 255000
 tracks = 1762 at attempts = 256000
 tracks = 1762 at attempts = 257000
 tracks = 1762 at attempts = 258000
 tracks = 1762 at attempts = 259000
 removing redundant feed-through pins
 the connectivity of all the nets is verified

 block left edge is at -399
 the longest block length is 147840
 building the steiner trees
 rebuilding the steiner tree

----start doing coarse global routing ------ 
 ITERATION  1
 ITERATION  2
 ITERATION  3
 ITERATION  4
 ITERATION  5
 ITERATION  6
 ITERATION  7
 ITERATION  8
 ITERATION  9
 ITERATION 10
 ITERATION 11
 ITERATION 12

  longest Row is:29   Its length is:155360
 doing feed-through pins assignment
 building the net-tree now !
 set up the global routing grids
 the starting value of tracks = 1922
 tracks = 1900 at attempts =  1000
 tracks = 1877 at attempts =  2000
 tracks = 1859 at attempts =  3000
 tracks = 1847 at attempts =  4000
 tracks = 1832 at attempts =  5000
 tracks = 1822 at attempts =  6000
 tracks = 1818 at attempts =  7000
 tracks = 1809 at attempts =  8000
 tracks = 1801 at attempts =  9000
 tracks = 1798 at attempts = 10000
 tracks = 1795 at attempts = 11000
 tracks = 1790 at attempts = 12000
 tracks = 1785 at attempts = 13000
 tracks = 1782 at attempts = 14000
 tracks = 1781 at attempts = 15000
 tracks = 1779 at attempts = 16000
 tracks = 1776 at attempts = 17000
 tracks = 1775 at attempts = 18000
 tracks = 1770 at attempts = 19000
 tracks = 1768 at attempts = 20000
 tracks = 1764 at attempts = 21000
 tracks = 1762 at attempts = 22000
 tracks = 1759 at attempts = 23000
 tracks = 1759 at attempts = 24000
 tracks = 1758 at attempts = 25000
 tracks = 1757 at attempts = 26000
 tracks = 1755 at attempts = 27000
 tracks = 1754 at attempts = 28000
 tracks = 1754 at attempts = 29000
 tracks = 1754 at attempts = 30000
 tracks = 1753 at attempts = 31000
 tracks = 1753 at attempts = 32000
 tracks = 1752 at attempts = 33000
 tracks = 1752 at attempts = 34000
 tracks = 1750 at attempts = 35000
 tracks = 1748 at attempts = 36000
 tracks = 1748 at attempts = 37000
 tracks = 1748 at attempts = 38000
 tracks = 1747 at attempts = 39000
 tracks = 1747 at attempts = 40000
 tracks = 1747 at attempts = 41000
 tracks = 1747 at attempts = 42000
 tracks = 1747 at attempts = 43000
 tracks = 1747 at attempts = 44000
 tracks = 1747 at attempts = 45000
 tracks = 1747 at attempts = 46000
 tracks = 1745 at attempts = 47000
 tracks = 1745 at attempts = 48000
 tracks = 1744 at attempts = 49000
 tracks = 1743 at attempts = 50000
 tracks = 1743 at attempts = 51000
 tracks = 1743 at attempts = 52000
 tracks = 1743 at attempts = 53000
 tracks = 1743 at attempts = 54000
 tracks = 1742 at attempts = 55000
 tracks = 1742 at attempts = 56000
 tracks = 1741 at attempts = 57000
 tracks = 1741 at attempts = 58000
 tracks = 1741 at attempts = 59000
 tracks = 1739 at attempts = 60000
 tracks = 1738 at attempts = 61000
 tracks = 1736 at attempts = 62000
 tracks = 1735 at attempts = 63000
 tracks = 1735 at attempts = 64000
 tracks = 1734 at attempts = 65000
 tracks = 1734 at attempts = 66000
 tracks = 1734 at attempts = 67000
 tracks = 1734 at attempts = 68000
 tracks = 1734 at attempts = 69000
 tracks = 1734 at attempts = 70000
 tracks = 1734 at attempts = 71000
 tracks = 1734 at attempts = 72000
 tracks = 1733 at attempts = 73000
 tracks = 1732 at attempts = 74000
 tracks = 1732 at attempts = 75000
 tracks = 1732 at attempts = 76000
 tracks = 1732 at attempts = 77000
 tracks = 1732 at attempts = 78000
 tracks = 1731 at attempts = 79000
 tracks = 1731 at attempts = 80000
 tracks = 1731 at attempts = 81000
 tracks = 1731 at attempts = 82000
 tracks = 1731 at attempts = 83000
 tracks = 1731 at attempts = 84000
 tracks = 1731 at attempts = 85000
 tracks = 1731 at attempts = 86000
 tracks = 1731 at attempts = 87000
 tracks = 1731 at attempts = 88000
 tracks = 1731 at attempts = 89000
 tracks = 1731 at attempts = 90000
 tracks = 1731 at attempts = 91000
 tracks = 1731 at attempts = 92000
 tracks = 1731 at attempts = 93000
 tracks = 1731 at attempts = 94000
 tracks = 1731 at attempts = 95000
 tracks = 1731 at attempts = 96000
 tracks = 1731 at attempts = 97000
 tracks = 1731 at attempts = 98000
 tracks = 1731 at attempts = 99000
 tracks = 1731 at attempts = 100000
 tracks = 1731 at attempts = 101000
 tracks = 1731 at attempts = 102000
 tracks = 1731 at attempts = 103000
 tracks = 1731 at attempts = 104000
 tracks = 1731 at attempts = 105000
 tracks = 1731 at attempts = 106000
 tracks = 1731 at attempts = 107000
 tracks = 1731 at attempts = 108000
 tracks = 1731 at attempts = 109000
 tracks = 1731 at attempts = 110000
 tracks = 1731 at attempts = 111000
 tracks = 1731 at attempts = 112000
 tracks = 1731 at attempts = 113000
 tracks = 1731 at attempts = 114000
 tracks = 1731 at attempts = 115000
 tracks = 1731 at attempts = 116000
 tracks = 1731 at attempts = 117000
 tracks = 1731 at attempts = 118000
 tracks = 1731 at attempts = 119000
 tracks = 1731 at attempts = 120000
 tracks = 1731 at attempts = 121000
 tracks = 1731 at attempts = 122000
 tracks = 1731 at attempts = 123000
 tracks = 1731 at attempts = 124000
 tracks = 1731 at attempts = 125000
 tracks = 1731 at attempts = 126000
 tracks = 1731 at attempts = 127000
 tracks = 1731 at attempts = 128000
 tracks = 1731 at attempts = 129000
 tracks = 1731 at attempts = 130000
 tracks = 1731 at attempts = 131000
 tracks = 1731 at attempts = 132000
 tracks = 1731 at attempts = 133000
 tracks = 1731 at attempts = 134000
 tracks = 1731 at attempts = 135000
 tracks = 1731 at attempts = 136000
 tracks = 1731 at attempts = 137000
 tracks = 1731 at attempts = 138000
 tracks = 1731 at attempts = 139000
 tracks = 1731 at attempts = 140000
 tracks = 1731 at attempts = 141000
 tracks = 1731 at attempts = 142000
 tracks = 1731 at attempts = 143000
 tracks = 1731 at attempts = 144000
 tracks = 1731 at attempts = 145000
 tracks = 1731 at attempts = 146000
 tracks = 1731 at attempts = 147000
 tracks = 1731 at attempts = 148000
 tracks = 1731 at attempts = 149000
 tracks = 1731 at attempts = 150000
 tracks = 1730 at attempts = 151000
 tracks = 1730 at attempts = 152000
 tracks = 1730 at attempts = 153000
 tracks = 1730 at attempts = 154000
 tracks = 1730 at attempts = 155000
 tracks = 1730 at attempts = 156000
 tracks = 1730 at attempts = 157000
 tracks = 1730 at attempts = 158000
 tracks = 1730 at attempts = 159000
 tracks = 1730 at attempts = 160000
 tracks = 1730 at attempts = 161000
 tracks = 1730 at attempts = 162000
 tracks = 1730 at attempts = 163000
 tracks = 1730 at attempts = 164000
 tracks = 1730 at attempts = 165000
 tracks = 1730 at attempts = 166000
 tracks = 1730 at attempts = 167000
 tracks = 1730 at attempts = 168000
 tracks = 1730 at attempts = 169000
 tracks = 1730 at attempts = 170000
 tracks = 1730 at attempts = 171000
 tracks = 1730 at attempts = 172000
 tracks = 1730 at attempts = 173000
 tracks = 1730 at attempts = 174000
 tracks = 1730 at attempts = 175000
 tracks = 1730 at attempts = 176000
 tracks = 1730 at attempts = 177000
 tracks = 1730 at attempts = 178000
 tracks = 1730 at attempts = 179000
 tracks = 1730 at attempts = 180000
 tracks = 1730 at attempts = 181000
 tracks = 1730 at attempts = 182000
 tracks = 1730 at attempts = 183000
 tracks = 1730 at attempts = 184000
 tracks = 1730 at attempts = 185000
 tracks = 1730 at attempts = 186000
 tracks = 1730 at attempts = 187000
 tracks = 1730 at attempts = 188000
 tracks = 1730 at attempts = 189000
 tracks = 1730 at attempts = 190000
 tracks = 1730 at attempts = 191000
 tracks = 1730 at attempts = 192000
 tracks = 1730 at attempts = 193000
 tracks = 1730 at attempts = 194000
 tracks = 1730 at attempts = 195000
 tracks = 1730 at attempts = 196000
 tracks = 1730 at attempts = 197000
 tracks = 1730 at attempts = 198000
 tracks = 1730 at attempts = 199000
 tracks = 1730 at attempts = 200000
 tracks = 1730 at attempts = 201000
 tracks = 1729 at attempts = 202000
 tracks = 1729 at attempts = 203000
 tracks = 1729 at attempts = 204000
 tracks = 1729 at attempts = 205000
 tracks = 1729 at attempts = 206000
 tracks = 1729 at attempts = 207000
 tracks = 1729 at attempts = 208000
 tracks = 1729 at attempts = 209000
 tracks = 1729 at attempts = 210000
 tracks = 1729 at attempts = 211000
 tracks = 1729 at attempts = 212000
 tracks = 1729 at attempts = 213000
 tracks = 1729 at attempts = 214000
 tracks = 1729 at attempts = 215000
 tracks = 1729 at attempts = 216000
 tracks = 1729 at attempts = 217000
 tracks = 1729 at attempts = 218000
 tracks = 1729 at attempts = 219000
 tracks = 1729 at attempts = 220000
 tracks = 1729 at attempts = 221000
 tracks = 1729 at attempts = 222000
 tracks = 1729 at attempts = 223000
 tracks = 1729 at attempts = 224000
 tracks = 1729 at attempts = 225000
 tracks = 1729 at attempts = 226000
 tracks = 1729 at attempts = 227000
 tracks = 1729 at attempts = 228000
 tracks = 1729 at attempts = 229000
 tracks = 1729 at attempts = 230000
 tracks = 1728 at attempts = 231000
 tracks = 1728 at attempts = 232000
 tracks = 1728 at attempts = 233000
 tracks = 1728 at attempts = 234000
 tracks = 1728 at attempts = 235000
 tracks = 1728 at attempts = 236000
 tracks = 1728 at attempts = 237000
 tracks = 1728 at attempts = 238000
 tracks = 1728 at attempts = 239000
 tracks = 1728 at attempts = 240000
 tracks = 1728 at attempts = 241000
 tracks = 1728 at attempts = 242000
 tracks = 1728 at attempts = 243000
 tracks = 1728 at attempts = 244000
 tracks = 1728 at attempts = 245000
 tracks = 1728 at attempts = 246000
 tracks = 1728 at attempts = 247000
 tracks = 1728 at attempts = 248000
 tracks = 1728 at attempts = 249000
 tracks = 1728 at attempts = 250000
 tracks = 1728 at attempts = 251000
 tracks = 1728 at attempts = 252000
 tracks = 1728 at attempts = 253000
 tracks = 1728 at attempts = 254000
 tracks = 1728 at attempts = 255000
 tracks = 1728 at attempts = 256000
 tracks = 1728 at attempts = 257000
 tracks = 1728 at attempts = 258000
 tracks = 1728 at attempts = 259000
 removing redundant feed-through pins
 the connectivity of all the nets is verified

 block left edge is at -399
 the longest block length is 147840
 building the steiner trees
 rebuilding the steiner tree

----start doing coarse global routing ------ 
 ITERATION  1

  longest Row is:6   Its length is:144000
 doing feed-through pins assignment
 building the net-tree now !
 set up the global routing grids
 the starting value of tracks = 1601
 tracks = 1598 at attempts =  1000
 tracks = 1595 at attempts =  2000
 tracks = 1592 at attempts =  3000
 tracks = 1590 at attempts =  4000
 tracks = 1587 at attempts =  5000
 tracks = 1585 at attempts =  6000
 tracks = 1584 at attempts =  7000
 tracks = 1583 at attempts =  8000
 tracks = 1583 at attempts =  9000
 tracks = 1583 at attempts = 10000
 tracks = 1583 at attempts = 11000
 tracks = 1583 at attempts = 12000
 tracks = 1582 at attempts = 13000
 tracks = 1582 at attempts = 14000
 tracks = 1582 at attempts = 15000
 tracks = 1580 at attempts = 16000
 tracks = 1579 at attempts = 17000
 tracks = 1579 at attempts = 18000
 tracks = 1578 at attempts = 19000
 tracks = 1578 at attempts = 20000
 tracks = 1578 at attempts = 21000
 tracks = 1577 at attempts = 22000
 tracks = 1577 at attempts = 23000
 tracks = 1577 at attempts = 24000
 tracks = 1576 at attempts = 25000
 tracks = 1576 at attempts = 26000
 tracks = 1576 at attempts = 27000
 tracks = 1576 at attempts = 28000
 tracks = 1576 at attempts = 29000
 tracks = 1576 at attempts = 30000
 tracks = 1576 at attempts = 31000
 tracks = 1576 at attempts = 32000
 tracks = 1576 at attempts = 33000
 tracks = 1576 at attempts = 34000
 tracks = 1576 at attempts = 35000
 tracks = 1576 at attempts = 36000
 tracks = 1576 at attempts = 37000
 tracks = 1576 at attempts = 38000
 tracks = 1576 at attempts = 39000
 tracks = 1576 at attempts = 40000
 tracks = 1576 at attempts = 41000
 tracks = 1576 at attempts = 42000
 tracks = 1576 at attempts = 43000
 tracks = 1576 at attempts = 44000
 tracks = 1576 at attempts = 45000
 tracks = 1576 at attempts = 46000
 tracks = 1576 at attempts = 47000
 tracks = 1576 at attempts = 48000
 tracks = 1576 at attempts = 49000
 tracks = 1576 at attempts = 50000
 tracks = 1576 at attempts = 51000
 tracks = 1576 at attempts = 52000
 tracks = 1576 at attempts = 53000
 tracks = 1576 at attempts = 54000
 tracks = 1576 at attempts = 55000
 tracks = 1576 at attempts = 56000
 tracks = 1576 at attempts = 57000
 tracks = 1576 at attempts = 58000
 tracks = 1576 at attempts = 59000
 tracks = 1576 at attempts = 60000
 tracks = 1576 at attempts = 61000
 tracks = 1576 at attempts = 62000
 tracks = 1576 at attempts = 63000
 tracks = 1576 at attempts = 64000
 tracks = 1576 at attempts = 65000
 tracks = 1576 at attempts = 66000
 tracks = 1576 at attempts = 67000
 tracks = 1576 at attempts = 68000
 tracks = 1576 at attempts = 69000
 tracks = 1576 at attempts = 70000
 tracks = 1576 at attempts = 71000
 tracks = 1576 at attempts = 72000
 tracks = 1576 at attempts = 73000
 tracks = 1576 at attempts = 74000
 tracks = 1576 at attempts = 75000
 tracks = 1576 at attempts = 76000
 tracks = 1576 at attempts = 77000
 tracks = 1576 at attempts = 78000
 tracks = 1576 at attempts = 79000
 tracks = 1576 at attempts = 80000
 tracks = 1576 at attempts = 81000
 tracks = 1576 at attempts = 82000
 tracks = 1576 at attempts = 83000
 tracks = 1576 at attempts = 84000
 tracks = 1576 at attempts = 85000
 tracks = 1576 at attempts = 86000
 tracks = 1576 at attempts = 87000
 tracks = 1576 at attempts = 88000
 tracks = 1576 at attempts = 89000
 tracks = 1576 at attempts = 90000
 tracks = 1576 at attempts = 91000
 tracks = 1576 at attempts = 92000
 tracks = 1576 at attempts = 93000
 tracks = 1576 at attempts = 94000
 tracks = 1576 at attempts = 95000
 tracks = 1576 at attempts = 96000
 tracks = 1576 at attempts = 97000
 tracks = 1576 at attempts = 98000
 tracks = 1576 at attempts = 99000
 tracks = 1576 at attempts = 100000
 tracks = 1576 at attempts = 101000
 tracks = 1576 at attempts = 102000
 tracks = 1576 at attempts = 103000
 tracks = 1576 at attempts = 104000
 tracks = 1576 at attempts = 105000
 tracks = 1576 at attempts = 106000
 tracks = 1576 at attempts = 107000
 tracks = 1576 at attempts = 108000
 tracks = 1576 at attempts = 109000
 tracks = 1576 at attempts = 110000
 tracks = 1576 at attempts = 111000
 tracks = 1576 at attempts = 112000
 tracks = 1576 at attempts = 113000
 tracks = 1576 at attempts = 114000
 tracks = 1576 at attempts = 115000
 tracks = 1576 at attempts = 116000
 tracks = 1576 at attempts = 117000
 tracks = 1576 at attempts = 118000
 tracks = 1576 at attempts = 119000
 tracks = 1576 at attempts = 120000
 tracks = 1576 at attempts = 121000
 tracks = 1576 at attempts = 122000
 tracks = 1576 at attempts = 123000
 tracks = 1576 at attempts = 124000
 tracks = 1576 at attempts = 125000
 tracks = 1576 at attempts = 126000
 tracks = 1576 at attempts = 127000
 tracks = 1576 at attempts = 128000
 tracks = 1576 at attempts = 129000
 tracks = 1576 at attempts = 130000
 tracks = 1576 at attempts = 131000
 tracks = 1576 at attempts = 132000
 tracks = 1576 at attempts = 133000
 tracks = 1576 at attempts = 134000
 tracks = 1576 at attempts = 135000
 tracks = 1576 at attempts = 136000
 tracks = 1576 at attempts = 137000
 tracks = 1576 at attempts = 138000
 tracks = 1576 at attempts = 139000
 tracks = 1576 at attempts = 140000
 tracks = 1576 at attempts = 141000
 tracks = 1576 at attempts = 142000
 tracks = 1576 at attempts = 143000
 tracks = 1576 at attempts = 144000
 tracks = 1576 at attempts = 145000
 tracks = 1576 at attempts = 146000
 tracks = 1576 at attempts = 147000
 tracks = 1576 at attempts = 148000
 tracks = 1576 at attempts = 149000
 tracks = 1576 at attempts = 150000
 tracks = 1576 at attempts = 151000
 tracks = 1576 at attempts = 152000
 tracks = 1576 at attempts = 153000
 tracks = 1576 at attempts = 154000
 tracks = 1576 at attempts = 155000
 tracks = 1576 at attempts = 156000
 tracks = 1576 at attempts = 157000
 tracks = 1576 at attempts = 158000
 tracks = 1576 at attempts = 159000
 tracks = 1576 at attempts = 160000
 tracks = 1576 at attempts = 161000
 tracks = 1576 at attempts = 162000
 tracks = 1576 at attempts = 163000
 tracks = 1576 at attempts = 164000
 tracks = 1576 at attempts = 165000
 tracks = 1576 at attempts = 166000
 tracks = 1576 at attempts = 167000
 tracks = 1576 at attempts = 168000
 tracks = 1576 at attempts = 169000
 tracks = 1576 at attempts = 170000
 tracks = 1576 at attempts = 171000
 tracks = 1576 at attempts = 172000
 tracks = 1576 at attempts = 173000
 tracks = 1576 at attempts = 174000
 tracks = 1576 at attempts = 175000
 tracks = 1576 at attempts = 176000
 tracks = 1576 at attempts = 177000
 tracks = 1576 at attempts = 178000
 tracks = 1576 at attempts = 179000
 tracks = 1576 at attempts = 180000
 tracks = 1576 at attempts = 181000
 tracks = 1576 at attempts = 182000
 tracks = 1576 at attempts = 183000
 tracks = 1576 at attempts = 184000
 tracks = 1576 at attempts = 185000
 tracks = 1576 at attempts = 186000
 tracks = 1576 at attempts = 187000
 tracks = 1576 at attempts = 188000
 tracks = 1576 at attempts = 189000
 tracks = 1576 at attempts = 190000
 tracks = 1576 at attempts = 191000
 tracks = 1576 at attempts = 192000
 tracks = 1576 at attempts = 193000
 tracks = 1576 at attempts = 194000
 tracks = 1576 at attempts = 195000
 tracks = 1576 at attempts = 196000
 tracks = 1576 at attempts = 197000
 tracks = 1576 at attempts = 198000
 tracks = 1576 at attempts = 199000
 tracks = 1576 at attempts = 200000
 tracks = 1576 at attempts = 201000
 tracks = 1576 at attempts = 202000
 tracks = 1576 at attempts = 203000
 tracks = 1576 at attempts = 204000
 tracks = 1576 at attempts = 205000
 tracks = 1576 at attempts = 206000
 tracks = 1576 at attempts = 207000
 tracks = 1576 at attempts = 208000
 tracks = 1576 at attempts = 209000
 tracks = 1576 at attempts = 210000
 tracks = 1576 at attempts = 211000
 tracks = 1576 at attempts = 212000
 tracks = 1576 at attempts = 213000
 tracks = 1576 at attempts = 214000
 tracks = 1576 at attempts = 215000
 tracks = 1576 at attempts = 216000
 tracks = 1576 at attempts = 217000
 tracks = 1576 at attempts = 218000
 tracks = 1576 at attempts = 219000
 tracks = 1576 at attempts = 220000
 tracks = 1576 at attempts = 221000
 tracks = 1576 at attempts = 222000
 tracks = 1576 at attempts = 223000
 tracks = 1576 at attempts = 224000
 tracks = 1576 at attempts = 225000
 tracks = 1576 at attempts = 226000
 tracks = 1576 at attempts = 227000
 tracks = 1576 at attempts = 228000
 tracks = 1576 at attempts = 229000
 tracks = 1576 at attempts = 230000
 tracks = 1576 at attempts = 231000
 tracks = 1576 at attempts = 232000
 tracks = 1576 at attempts = 233000
 tracks = 1576 at attempts = 234000
 tracks = 1576 at attempts = 235000
 tracks = 1576 at attempts = 236000
 tracks = 1576 at attempts = 237000
 tracks = 1576 at attempts = 238000
 tracks = 1576 at attempts = 239000
 tracks = 1576 at attempts = 240000
 tracks = 1576 at attempts = 241000
 tracks = 1576 at attempts = 242000
 tracks = 1576 at attempts = 243000
 tracks = 1576 at attempts = 244000
 tracks = 1576 at attempts = 245000
 tracks = 1576 at attempts = 246000
 tracks = 1576 at attempts = 247000
 tracks = 1576 at attempts = 248000
 tracks = 1576 at attempts = 249000
 tracks = 1576 at attempts = 250000
 tracks = 1576 at attempts = 251000
 tracks = 1576 at attempts = 252000
 tracks = 1576 at attempts = 253000
 tracks = 1576 at attempts = 254000
 tracks = 1576 at attempts = 255000
 tracks = 1576 at attempts = 256000
 tracks = 1576 at attempts = 257000
 tracks = 1576 at attempts = 258000
 tracks = 1576 at attempts = 259000
 removing redundant feed-through pins
 the connectivity of all the nets is verified

 block left edge is at -399
 the longest block length is 147840
 building the steiner trees
 rebuilding the steiner tree

----start doing coarse global routing ------ 
 ITERATION  1
 ITERATION  2
 ITERATION  3
 ITERATION  4
 ITERATION  5
 ITERATION  6
 ITERATION  7
 ITERATION  8
 ITERATION  9
 ITERATION 10
 ITERATION 11
 ITERATION 12

  longest Row is:20   Its length is:155040
 doing feed-through pins assignment
 building the net-tree now !
 set up the global routing grids
 the starting value of tracks = 1934
 tracks = 1912 at attempts =  1000
 tracks = 1881 at attempts =  2000
 tracks = 1865 at attempts =  3000
 tracks = 1855 at attempts =  4000
 tracks = 1844 at attempts =  5000
 tracks = 1834 at attempts =  6000
 tracks = 1825 at attempts =  7000
 tracks = 1816 at attempts =  8000
 tracks = 1811 at attempts =  9000
 tracks = 1798 at attempts = 10000
 tracks = 1795 at attempts = 11000
 tracks = 1791 at attempts = 12000
 tracks = 1784 at attempts = 13000
 tracks = 1783 at attempts = 14000
 tracks = 1778 at attempts = 15000
 tracks = 1775 at attempts = 16000
 tracks = 1772 at attempts = 17000
 tracks = 1769 at attempts = 18000
 tracks = 1767 at attempts = 19000
 tracks = 1765 at attempts = 20000
 tracks = 1764 at attempts = 21000
 tracks = 1763 at attempts = 22000
 tracks = 1761 at attempts = 23000
 tracks = 1759 at attempts = 24000
 tracks = 1759 at attempts = 25000
 tracks = 1759 at attempts = 26000
 tracks = 1758 at attempts = 27000
 tracks = 1757 at attempts = 28000
 tracks = 1756 at attempts = 29000
 tracks = 1756 at attempts = 30000
 tracks = 1754 at attempts = 31000
 tracks = 1754 at attempts = 32000
 tracks = 1754 at attempts = 33000
 tracks = 1754 at attempts = 34000
 tracks = 1752 at attempts = 35000
 tracks = 1752 at attempts = 36000
 tracks = 1752 at attempts = 37000
 tracks = 1752 at attempts = 38000
 tracks = 1752 at attempts = 39000
 tracks = 1752 at attempts = 40000
 tracks = 1751 at attempts = 41000
 tracks = 1749 at attempts = 42000
 tracks = 1749 at attempts = 43000
 tracks = 1749 at attempts = 44000
 tracks = 1748 at attempts = 45000
 tracks = 1748 at attempts = 46000
 tracks = 1748 at attempts = 47000
 tracks = 1746 at attempts = 48000
 tracks = 1746 at attempts = 49000
 tracks = 1746 at attempts = 50000
 tracks = 1746 at attempts = 51000
 tracks = 1746 at attempts = 52000
 tracks = 1746 at attempts = 53000
 tracks = 1746 at attempts = 54000
 tracks = 1745 at attempts = 55000
 tracks = 1745 at attempts = 56000
 tracks = 1744 at attempts = 57000
 tracks = 1744 at attempts = 58000
 tracks = 1744 at attempts = 59000
 tracks = 1744 at attempts = 60000
 tracks = 1744 at attempts = 61000
 tracks = 1744 at attempts = 62000
 tracks = 1744 at attempts = 63000
 tracks = 1744 at attempts = 64000
 tracks = 1744 at attempts = 65000
 tracks = 1744 at attempts = 66000
 tracks = 1744 at attempts = 67000
 tracks = 1744 at attempts = 68000
 tracks = 1742 at attempts = 69000
 tracks = 1742 at attempts = 70000
 tracks = 1742 at attempts = 71000
 tracks = 1742 at attempts = 72000
 tracks = 1741 at attempts = 73000
 tracks = 1741 at attempts = 74000
 tracks = 1741 at attempts = 75000
 tracks = 1741 at attempts = 76000
 tracks = 1741 at attempts = 77000
 tracks = 1741 at attempts = 78000
 tracks = 1741 at attempts = 79000
 tracks = 1741 at attempts = 80000
 tracks = 1741 at attempts = 81000
 tracks = 1741 at attempts = 82000
 tracks = 1741 at attempts = 83000
 tracks = 1741 at attempts = 84000
 tracks = 1741 at attempts = 85000
 tracks = 1741 at attempts = 86000
 tracks = 1741 at attempts = 87000
 tracks = 1741 at attempts = 88000
 tracks = 1741 at attempts = 89000
 tracks = 1741 at attempts = 90000
 tracks = 1741 at attempts = 91000
 tracks = 1741 at attempts = 92000
 tracks = 1741 at attempts = 93000
 tracks = 1741 at attempts = 94000
 tracks = 1741 at attempts = 95000
 tracks = 1741 at attempts = 96000
 tracks = 1741 at attempts = 97000
 tracks = 1741 at attempts = 98000
 tracks = 1741 at attempts = 99000
 tracks = 1741 at attempts = 100000
 tracks = 1741 at attempts = 101000
 tracks = 1741 at attempts = 102000
 tracks = 1741 at attempts = 103000
 tracks = 1741 at attempts = 104000
 tracks = 1741 at attempts = 105000
 tracks = 1741 at attempts = 106000
 tracks = 1741 at attempts = 107000
 tracks = 1741 at attempts = 108000
 tracks = 1741 at attempts = 109000
 tracks = 1741 at attempts = 110000
 tracks = 1741 at attempts = 111000
 tracks = 1741 at attempts = 112000
 tracks = 1741 at attempts = 113000
 tracks = 1740 at attempts = 114000
 tracks = 1740 at attempts = 115000
 tracks = 1740 at attempts = 116000
 tracks = 1740 at attempts = 117000
 tracks = 1740 at attempts = 118000
 tracks = 1740 at attempts = 119000
 tracks = 1740 at attempts = 120000
 tracks = 1740 at attempts = 121000
 tracks = 1740 at attempts = 122000
 tracks = 1740 at attempts = 123000
 tracks = 1740 at attempts = 124000
 tracks = 1740 at attempts = 125000
 tracks = 1740 at attempts = 126000
 tracks = 1740 at attempts = 127000
 tracks = 1740 at attempts = 128000
 tracks = 1740 at attempts = 129000
 tracks = 1740 at attempts = 130000
 tracks = 1740 at attempts = 131000
 tracks = 1740 at attempts = 132000
 tracks = 1740 at attempts = 133000
 tracks = 1740 at attempts = 134000
 tracks = 1740 at attempts = 135000
 tracks = 1740 at attempts = 136000
 tracks = 1740 at attempts = 137000
 tracks = 1740 at attempts = 138000
 tracks = 1740 at attempts = 139000
 tracks = 1740 at attempts = 140000
 tracks = 1740 at attempts = 141000
 tracks = 1740 at attempts = 142000
 tracks = 1740 at attempts = 143000
 tracks = 1740 at attempts = 144000
 tracks = 1740 at attempts = 145000
 tracks = 1740 at attempts = 146000
 tracks = 1740 at attempts = 147000
 tracks = 1740 at attempts = 148000
 tracks = 1740 at attempts = 149000
 tracks = 1740 at attempts = 150000
 tracks = 1740 at attempts = 151000
 tracks = 1739 at attempts = 152000
 tracks = 1739 at attempts = 153000
 tracks = 1739 at attempts = 154000
 tracks = 1739 at attempts = 155000
 tracks = 1739 at attempts = 156000
 tracks = 1739 at attempts = 157000
 tracks = 1739 at attempts = 158000
 tracks = 1739 at attempts = 159000
 tracks = 1739 at attempts = 160000
 tracks = 1739 at attempts = 161000
 tracks = 1739 at attempts = 162000
 tracks = 1739 at attempts = 163000
 tracks = 1739 at attempts = 164000
 tracks = 1739 at attempts = 165000
 tracks = 1739 at attempts = 166000
 tracks = 1739 at attempts = 167000
 tracks = 1739 at attempts = 168000
 tracks = 1739 at attempts = 169000
 tracks = 1739 at attempts = 170000
 tracks = 1739 at attempts = 171000
 tracks = 1739 at attempts = 172000
 tracks = 1739 at attempts = 173000
 tracks = 1738 at attempts = 174000
 tracks = 1738 at attempts = 175000
 tracks = 1738 at attempts = 176000
 tracks = 1738 at attempts = 177000
 tracks = 1738 at attempts = 178000
 tracks = 1738 at attempts = 179000
 tracks = 1738 at attempts = 180000
 tracks = 1738 at attempts = 181000
 tracks = 1738 at attempts = 182000
 tracks = 1738 at attempts = 183000
 tracks = 1738 at attempts = 184000
 tracks = 1738 at attempts = 185000
 tracks = 1738 at attempts = 186000
 tracks = 1738 at attempts = 187000
 tracks = 1738 at attempts = 188000
 tracks = 1738 at attempts = 189000
 tracks = 1738 at attempts = 190000
 tracks = 1738 at attempts = 191000
 tracks = 1738 at attempts = 192000
 tracks = 1738 at attempts = 193000
 tracks = 1738 at attempts = 194000
 tracks = 1738 at attempts = 195000
 tracks = 1738 at attempts = 196000
 tracks = 1738 at attempts = 197000
 tracks = 1738 at attempts = 198000
 tracks = 1738 at attempts = 199000
 tracks = 1738 at attempts = 200000
 tracks = 1738 at attempts = 201000
 tracks = 1738 at attempts = 202000
 tracks = 1738 at attempts = 203000
 tracks = 1738 at attempts = 204000
 tracks = 1738 at attempts = 205000
 tracks = 1738 at attempts = 206000
 tracks = 1738 at attempts = 207000
 tracks = 1738 at attempts = 208000
 tracks = 1738 at attempts = 209000
 tracks = 1738 at attempts = 210000
 tracks = 1738 at attempts = 211000
 tracks = 1738 at attempts = 212000
 tracks = 1738 at attempts = 213000
 tracks = 1738 at attempts = 214000
 tracks = 1738 at attempts = 215000
 tracks = 1738 at attempts = 216000
 tracks = 1738 at attempts = 217000
 tracks = 1738 at attempts = 218000
 tracks = 1738 at attempts = 219000
 tracks = 1738 at attempts = 220000
 tracks = 1738 at attempts = 221000
 tracks = 1738 at attempts = 222000
 tracks = 1738 at attempts = 223000
 tracks = 1738 at attempts = 224000
 tracks = 1738 at attempts = 225000
 tracks = 1738 at attempts = 226000
 tracks = 1738 at attempts = 227000
 tracks = 1738 at attempts = 228000
 tracks = 1738 at attempts = 229000
 tracks = 1738 at attempts = 230000
 tracks = 1738 at attempts = 231000
 tracks = 1738 at attempts = 232000
 tracks = 1738 at attempts = 233000
 tracks = 1738 at attempts = 234000
 tracks = 1738 at attempts = 235000
 tracks = 1738 at attempts = 236000
 tracks = 1738 at attempts = 237000
 tracks = 1738 at attempts = 238000
 tracks = 1738 at attempts = 239000
 tracks = 1738 at attempts = 240000
 tracks = 1738 at attempts = 241000
 tracks = 1738 at attempts = 242000
 tracks = 1738 at attempts = 243000
 tracks = 1738 at attempts = 244000
 tracks = 1738 at attempts = 245000
 tracks = 1738 at attempts = 246000
 tracks = 1738 at attempts = 247000
 tracks = 1738 at attempts = 248000
 tracks = 1738 at attempts = 249000
 tracks = 1738 at attempts = 250000
 tracks = 1738 at attempts = 251000
 tracks = 1738 at attempts = 252000
 tracks = 1738 at attempts = 253000
 tracks = 1738 at attempts = 254000
 tracks = 1738 at attempts = 255000
 tracks = 1738 at attempts = 256000
 tracks = 1738 at attempts = 257000
 tracks = 1738 at attempts = 258000
 tracks = 1738 at attempts = 259000
 removing redundant feed-through pins
 the connectivity of all the nets is verified

 block left edge is at -399
 the longest block length is 147840
 building the steiner trees
 rebuilding the steiner tree

----start doing coarse global routing ------ 
 ITERATION  1
 ITERATION  2
 ITERATION  3
 ITERATION  4
 ITERATION  5
 ITERATION  6
 ITERATION  7
 ITERATION  8
 ITERATION  9
 ITERATION 10
 ITERATION 11
 ITERATION 12
 ITERATION 13
 ITERATION 14
 ITERATION 15
 ITERATION 16

  longest Row is:20   Its length is:155680
 doing feed-through pins assignment
 building the net-tree now !
 set up the global routing grids
 the starting value of tracks = 1995
 tracks = 1966 at attempts =  1000
 tracks = 1944 at attempts =  2000
 tracks = 1927 at attempts =  3000
 tracks = 1915 at attempts =  4000
 tracks = 1901 at attempts =  5000
 tracks = 1893 at attempts =  6000
 tracks = 1886 at attempts =  7000
 tracks = 1883 at attempts =  8000
 tracks = 1874 at attempts =  9000
 tracks = 1871 at attempts = 10000
 tracks = 1865 at attempts = 11000
 tracks = 1861 at attempts = 12000
 tracks = 1858 at attempts = 13000
 tracks = 1855 at attempts = 14000
 tracks = 1850 at attempts = 15000
 tracks = 1850 at attempts = 16000
 tracks = 1848 at attempts = 17000
 tracks = 1848 at attempts = 18000
 tracks = 1843 at attempts = 19000
 tracks = 1841 at attempts = 20000
 tracks = 1836 at attempts = 21000
 tracks = 1836 at attempts = 22000
 tracks = 1833 at attempts = 23000
 tracks = 1829 at attempts = 24000
 tracks = 1829 at attempts = 25000
 tracks = 1826 at attempts = 26000
 tracks = 1825 at attempts = 27000
 tracks = 1824 at attempts = 28000
 tracks = 1824 at attempts = 29000
 tracks = 1821 at attempts = 30000
 tracks = 1819 at attempts = 31000
 tracks = 1817 at attempts = 32000
 tracks = 1816 at attempts = 33000
 tracks = 1815 at attempts = 34000
 tracks = 1814 at attempts = 35000
 tracks = 1814 at attempts = 36000
 tracks = 1814 at attempts = 37000
 tracks = 1814 at attempts = 38000
 tracks = 1813 at attempts = 39000
 tracks = 1810 at attempts = 40000
 tracks = 1810 at attempts = 41000
 tracks = 1810 at attempts = 42000
 tracks = 1810 at attempts = 43000
 tracks = 1810 at attempts = 44000
 tracks = 1809 at attempts = 45000
 tracks = 1809 at attempts = 46000
 tracks = 1808 at attempts = 47000
 tracks = 1807 at attempts = 48000
 tracks = 1806 at attempts = 49000
 tracks = 1805 at attempts = 50000
 tracks = 1805 at attempts = 51000
 tracks = 1805 at attempts = 52000
 tracks = 1805 at attempts = 53000
 tracks = 1803 at attempts = 54000
 tracks = 1803 at attempts = 55000
 tracks = 1802 at attempts = 56000
 tracks = 1802 at attempts = 57000
 tracks = 1802 at attempts = 58000
 tracks = 1802 at attempts = 59000
 tracks = 1802 at attempts = 60000
 tracks = 1802 at attempts = 61000
 tracks = 1801 at attempts = 62000
 tracks = 1801 at attempts = 63000
 tracks = 1801 at attempts = 64000
 tracks = 1801 at attempts = 65000
 tracks = 1801 at attempts = 66000
 tracks = 1801 at attempts = 67000
 tracks = 1801 at attempts = 68000
 tracks = 1801 at attempts = 69000
 tracks = 1800 at attempts = 70000
 tracks = 1799 at attempts = 71000
 tracks = 1799 at attempts = 72000
 tracks = 1799 at attempts = 73000
 tracks = 1799 at attempts = 74000
 tracks = 1799 at attempts = 75000
 tracks = 1799 at attempts = 76000
 tracks = 1799 at attempts = 77000
 tracks = 1799 at attempts = 78000
 tracks = 1799 at attempts = 79000
 tracks = 1799 at attempts = 80000
 tracks = 1799 at attempts = 81000
 tracks = 1799 at attempts = 82000
 tracks = 1799 at attempts = 83000
 tracks = 1799 at attempts = 84000
 tracks = 1799 at attempts = 85000
 tracks = 1799 at attempts = 86000
 tracks = 1799 at attempts = 87000
 tracks = 1799 at attempts = 88000
 tracks = 1799 at attempts = 89000
 tracks = 1798 at attempts = 90000
 tracks = 1798 at attempts = 91000
 tracks = 1798 at attempts = 92000
 tracks = 1798 at attempts = 93000
 tracks = 1798 at attempts = 94000
 tracks = 1798 at attempts = 95000
 tracks = 1798 at attempts = 96000
 tracks = 1798 at attempts = 97000
 tracks = 1798 at attempts = 98000
 tracks = 1798 at attempts = 99000
 tracks = 1798 at attempts = 100000
 tracks = 1798 at attempts = 101000
 tracks = 1798 at attempts = 102000
 tracks = 1798 at attempts = 103000
 tracks = 1797 at attempts = 104000
 tracks = 1797 at attempts = 105000
 tracks = 1797 at attempts = 106000
 tracks = 1797 at attempts = 107000
 tracks = 1797 at attempts = 108000
 tracks = 1797 at attempts = 109000
 tracks = 1797 at attempts = 110000
 tracks = 1797 at attempts = 111000
 tracks = 1797 at attempts = 112000
 tracks = 1797 at attempts = 113000
 tracks = 1797 at attempts = 114000
 tracks = 1797 at attempts = 115000
 tracks = 1797 at attempts = 116000
 tracks = 1797 at attempts = 117000
 tracks = 1797 at attempts = 118000
 tracks = 1797 at attempts = 119000
 tracks = 1797 at attempts = 120000
 tracks = 1797 at attempts = 121000
 tracks = 1797 at attempts = 122000
 tracks = 1797 at attempts = 123000
 tracks = 1797 at attempts = 124000
 tracks = 1797 at attempts = 125000
 tracks = 1797 at attempts = 126000
 tracks = 1797 at attempts = 127000
 tracks = 1797 at attempts = 128000
 tracks = 1797 at attempts = 129000
 tracks = 1797 at attempts = 130000
 tracks = 1797 at attempts = 131000
 tracks = 1797 at attempts = 132000
 tracks = 1797 at attempts = 133000
 tracks = 1797 at attempts = 134000
 tracks = 1797 at attempts = 135000
 tracks = 1797 at attempts = 136000
 tracks = 1797 at attempts = 137000
 tracks = 1797 at attempts = 138000
 tracks = 1797 at attempts = 139000
 tracks = 1797 at attempts = 140000
 tracks = 1797 at attempts = 141000
 tracks = 1797 at attempts = 142000
 tracks = 1797 at attempts = 143000
 tracks = 1797 at attempts = 144000
 tracks = 1797 at attempts = 145000
 tracks = 1797 at attempts = 146000
 tracks = 1797 at attempts = 147000
 tracks = 1797 at attempts = 148000
 tracks = 1796 at attempts = 149000
 tracks = 1796 at attempts = 150000
 tracks = 1796 at attempts = 151000
 tracks = 1796 at attempts = 152000
 tracks = 1796 at attempts = 153000
 tracks = 1796 at attempts = 154000
 tracks = 1796 at attempts = 155000
 tracks = 1796 at attempts = 156000
 tracks = 1796 at attempts = 157000
 tracks = 1796 at attempts = 158000
 tracks = 1796 at attempts = 159000
 tracks = 1796 at attempts = 160000
 tracks = 1796 at attempts = 161000
 tracks = 1796 at attempts = 162000
 tracks = 1796 at attempts = 163000
 tracks = 1796 at attempts = 164000
 tracks = 1796 at attempts = 165000
 tracks = 1796 at attempts = 166000
 tracks = 1796 at attempts = 167000
 tracks = 1796 at attempts = 168000
 tracks = 1796 at attempts = 169000
 tracks = 1796 at attempts = 170000
 tracks = 1796 at attempts = 171000
 tracks = 1796 at attempts = 172000
 tracks = 1796 at attempts = 173000
 tracks = 1796 at attempts = 174000
 tracks = 1796 at attempts = 175000
 tracks = 1796 at attempts = 176000
 tracks = 1796 at attempts = 177000
 tracks = 1796 at attempts = 178000
 tracks = 1796 at attempts = 179000
 tracks = 1796 at attempts = 180000
 tracks = 1796 at attempts = 181000
 tracks = 1796 at attempts = 182000
 tracks = 1796 at attempts = 183000
 tracks = 1796 at attempts = 184000
 tracks = 1796 at attempts = 185000
 tracks = 1796 at attempts = 186000
 tracks = 1796 at attempts = 187000
 tracks = 1796 at attempts = 188000
 tracks = 1796 at attempts = 189000
 tracks = 1796 at attempts = 190000
 tracks = 1796 at attempts = 191000
 tracks = 1796 at attempts = 192000
 tracks = 1796 at attempts = 193000
 tracks = 1796 at attempts = 194000
 tracks = 1796 at attempts = 195000
 tracks = 1796 at attempts = 196000
 tracks = 1796 at attempts = 197000
 tracks = 1796 at attempts = 198000
 tracks = 1796 at attempts = 199000
 tracks = 1796 at attempts = 200000
 tracks = 1796 at attempts = 201000
 tracks = 1796 at attempts = 202000
 tracks = 1796 at attempts = 203000
 tracks = 1796 at attempts = 204000
 tracks = 1796 at attempts = 205000
 tracks = 1796 at attempts = 206000
 tracks = 1796 at attempts = 207000
 tracks = 1796 at attempts = 208000
 tracks = 1796 at attempts = 209000
 tracks = 1796 at attempts = 210000
 tracks = 1796 at attempts = 211000
 tracks = 1796 at attempts = 212000
 tracks = 1796 at attempts = 213000
 tracks = 1796 at attempts = 214000
 tracks = 1796 at attempts = 215000
 tracks = 1796 at attempts = 216000
 tracks = 1796 at attempts = 217000
 tracks = 1796 at attempts = 218000
 tracks = 1796 at attempts = 219000
 tracks = 1796 at attempts = 220000
 tracks = 1796 at attempts = 221000
 tracks = 1796 at attempts = 222000
 tracks = 1796 at attempts = 223000
 tracks = 1796 at attempts = 224000
 tracks = 1796 at attempts = 225000
 tracks = 1796 at attempts = 226000
 tracks = 1796 at attempts = 227000
 tracks = 1796 at attempts = 228000
 tracks = 1796 at attempts = 229000
 tracks = 1796 at attempts = 230000
 tracks = 1796 at attempts = 231000
 tracks = 1796 at attempts = 232000
 tracks = 1796 at attempts = 233000
 tracks = 1796 at attempts = 234000
 tracks = 1796 at attempts = 235000
 tracks = 1796 at attempts = 236000
 tracks = 1796 at attempts = 237000
 tracks = 1796 at attempts = 238000
 tracks = 1796 at attempts = 239000
 tracks = 1796 at attempts = 240000
 tracks = 1796 at attempts = 241000
 tracks = 1796 at attempts = 242000
 tracks = 1796 at attempts = 243000
 tracks = 1796 at attempts = 244000
 tracks = 1796 at attempts = 245000
 tracks = 1796 at attempts = 246000
 tracks = 1796 at attempts = 247000
 tracks = 1796 at attempts = 248000
 tracks = 1796 at attempts = 249000
 tracks = 1796 at attempts = 250000
 tracks = 1796 at attempts = 251000
 tracks = 1796 at attempts = 252000
 tracks = 1796 at attempts = 253000
 tracks = 1796 at attempts = 254000
 tracks = 1796 at attempts = 255000
 tracks = 1796 at attempts = 256000
 tracks = 1796 at attempts = 257000
 tracks = 1796 at attempts = 258000
 tracks = 1796 at attempts = 259000
 removing redundant feed-through pins
 the connectivity of all the nets is verified

 block left edge is at -399
 the longest block length is 147840
 building the steiner trees
 rebuilding the steiner tree

----start doing coarse global routing ------ 
 ITERATION  1
 ITERATION  2
 ITERATION  3
 ITERATION  4
 ITERATION  5
 ITERATION  6
 ITERATION  7
 ITERATION  8
 ITERATION  9

  longest Row is:29   Its length is:156320
 doing feed-through pins assignment
 building the net-tree now !
 set up the global routing grids
 the starting value of tracks = 1935
 tracks = 1913 at attempts =  1000
 tracks = 1893 at attempts =  2000
 tracks = 1879 at attempts =  3000
 tracks = 1864 at attempts =  4000
 tracks = 1856 at attempts =  5000
 tracks = 1849 at attempts =  6000
 tracks = 1842 at attempts =  7000
 tracks = 1836 at attempts =  8000
 tracks = 1824 at attempts =  9000
 tracks = 1822 at attempts = 10000
 tracks = 1819 at attempts = 11000
 tracks = 1816 at attempts = 12000
 tracks = 1813 at attempts = 13000
 tracks = 1812 at attempts = 14000
 tracks = 1811 at attempts = 15000
 tracks = 1808 at attempts = 16000
 tracks = 1803 at attempts = 17000
 tracks = 1802 at attempts = 18000
 tracks = 1801 at attempts = 19000
 tracks = 1799 at attempts = 20000
 tracks = 1798 at attempts = 21000
 tracks = 1796 at attempts = 22000
 tracks = 1796 at attempts = 23000
 tracks = 1795 at attempts = 24000
 tracks = 1793 at attempts = 25000
 tracks = 1791 at attempts = 26000
 tracks = 1791 at attempts = 27000
 tracks = 1790 at attempts = 28000
 tracks = 1789 at attempts = 29000
 tracks = 1789 at attempts = 30000
 tracks = 1789 at attempts = 31000
 tracks = 1787 at attempts = 32000
 tracks = 1787 at attempts = 33000
 tracks = 1786 at attempts = 34000
 tracks = 1783 at attempts = 35000
 tracks = 1783 at attempts = 36000
 tracks = 1782 at attempts = 37000
 tracks = 1780 at attempts = 38000
 tracks = 1780 at attempts = 39000
 tracks = 1779 at attempts = 40000
 tracks = 1779 at attempts = 41000
 tracks = 1778 at attempts = 42000
 tracks = 1778 at attempts = 43000
 tracks = 1778 at attempts = 44000
 tracks = 1777 at attempts = 45000
 tracks = 1776 at attempts = 46000
 tracks = 1775 at attempts = 47000
 tracks = 1775 at attempts = 48000
 tracks = 1774 at attempts = 49000
 tracks = 1774 at attempts = 50000
 tracks = 1774 at attempts = 51000
 tracks = 1774 at attempts = 52000
 tracks = 1773 at attempts = 53000
 tracks = 1773 at attempts = 54000
 tracks = 1773 at attempts = 55000
 tracks = 1772 at attempts = 56000
 tracks = 1772 at attempts = 57000
 tracks = 1772 at attempts = 58000
 tracks = 1772 at attempts = 59000
 tracks = 1772 at attempts = 60000
 tracks = 1772 at attempts = 61000
 tracks = 1772 at attempts = 62000
 tracks = 1771 at attempts = 63000
 tracks = 1771 at attempts = 64000
 tracks = 1771 at attempts = 65000
 tracks = 1771 at attempts = 66000
 tracks = 1771 at attempts = 67000
 tracks = 1771 at attempts = 68000
 tracks = 1771 at attempts = 69000
 tracks = 1771 at attempts = 70000
 tracks = 1771 at attempts = 71000
 tracks = 1771 at attempts = 72000
 tracks = 1771 at attempts = 73000
 tracks = 1771 at attempts = 74000
 tracks = 1771 at attempts = 75000
 tracks = 1771 at attempts = 76000
 tracks = 1770 at attempts = 77000
 tracks = 1770 at attempts = 78000
 tracks = 1770 at attempts = 79000
 tracks = 1770 at attempts = 80000
 tracks = 1769 at attempts = 81000
 tracks = 1769 at attempts = 82000
 tracks = 1769 at attempts = 83000
 tracks = 1769 at attempts = 84000
 tracks = 1769 at attempts = 85000
 tracks = 1769 at attempts = 86000
 tracks = 1769 at attempts = 87000
 tracks = 1769 at attempts = 88000
 tracks = 1769 at attempts = 89000
 tracks = 1769 at attempts = 90000
 tracks = 1769 at attempts = 91000
 tracks = 1769 at attempts = 92000
 tracks = 1769 at attempts = 93000
 tracks = 1769 at attempts = 94000
 tracks = 1769 at attempts = 95000
 tracks = 1769 at attempts = 96000
 tracks = 1769 at attempts = 97000
 tracks = 1769 at attempts = 98000
 tracks = 1769 at attempts = 99000
 tracks = 1769 at attempts = 100000
 tracks = 1769 at attempts = 101000
 tracks = 1769 at attempts = 102000
 tracks = 1769 at attempts = 103000
 tracks = 1769 at attempts = 104000
 tracks = 1769 at attempts = 105000
 tracks = 1769 at attempts = 106000
 tracks = 1769 at attempts = 107000
 tracks = 1769 at attempts = 108000
 tracks = 1769 at attempts = 109000
 tracks = 1769 at attempts = 110000
 tracks = 1769 at attempts = 111000
 tracks = 1769 at attempts = 112000
 tracks = 1769 at attempts = 113000
 tracks = 1769 at attempts = 114000
 tracks = 1769 at attempts = 115000
 tracks = 1769 at attempts = 116000
 tracks = 1769 at attempts = 117000
 tracks = 1769 at attempts = 118000
 tracks = 1769 at attempts = 119000
 tracks = 1769 at attempts = 120000
 tracks = 1769 at attempts = 121000
 tracks = 1769 at attempts = 122000
 tracks = 1769 at attempts = 123000
 tracks = 1769 at attempts = 124000
 tracks = 1769 at attempts = 125000
 tracks = 1769 at attempts = 126000
 tracks = 1769 at attempts = 127000
 tracks = 1769 at attempts = 128000
 tracks = 1769 at attempts = 129000
 tracks = 1769 at attempts = 130000
 tracks = 1769 at attempts = 131000
 tracks = 1769 at attempts = 132000
 tracks = 1769 at attempts = 133000
 tracks = 1769 at attempts = 134000
 tracks = 1769 at attempts = 135000
 tracks = 1769 at attempts = 136000
 tracks = 1769 at attempts = 137000
 tracks = 1769 at attempts = 138000
 tracks = 1769 at attempts = 139000
 tracks = 1769 at attempts = 140000
 tracks = 1769 at attempts = 141000
 tracks = 1769 at attempts = 142000
 tracks = 1769 at attempts = 143000
 tracks = 1769 at attempts = 144000
 tracks = 1769 at attempts = 145000
 tracks = 1769 at attempts = 146000
 tracks = 1769 at attempts = 147000
 tracks = 1769 at attempts = 148000
 tracks = 1769 at attempts = 149000
 tracks = 1769 at attempts = 150000
 tracks = 1769 at attempts = 151000
 tracks = 1769 at attempts = 152000
 tracks = 1769 at attempts = 153000
 tracks = 1769 at attempts = 154000
 tracks = 1769 at attempts = 155000
 tracks = 1769 at attempts = 156000
 tracks = 1769 at attempts = 157000
 tracks = 1769 at attempts = 158000
 tracks = 1769 at attempts = 159000
 tracks = 1769 at attempts = 160000
 tracks = 1769 at attempts = 161000
 tracks = 1769 at attempts = 162000
 tracks = 1769 at attempts = 163000
 tracks = 1769 at attempts = 164000
 tracks = 1769 at attempts = 165000
 tracks = 1769 at attempts = 166000
 tracks = 1769 at attempts = 167000
 tracks = 1769 at attempts = 168000
 tracks = 1769 at attempts = 169000
 tracks = 1769 at attempts = 170000
 tracks = 1769 at attempts = 171000
 tracks = 1769 at attempts = 172000
 tracks = 1769 at attempts = 173000
 tracks = 1769 at attempts = 174000
 tracks = 1769 at attempts = 175000
 tracks = 1769 at attempts = 176000
 tracks = 1769 at attempts = 177000
 tracks = 1769 at attempts = 178000
 tracks = 1769 at attempts = 179000
 tracks = 1769 at attempts = 180000
 tracks = 1769 at attempts = 181000
 tracks = 1769 at attempts = 182000
 tracks = 1769 at attempts = 183000
 tracks = 1769 at attempts = 184000
 tracks = 1769 at attempts = 185000
 tracks = 1769 at attempts = 186000
 tracks = 1769 at attempts = 187000
 tracks = 1769 at attempts = 188000
 tracks = 1769 at attempts = 189000
 tracks = 1769 at attempts = 190000
 tracks = 1769 at attempts = 191000
 tracks = 1769 at attempts = 192000
 tracks = 1769 at attempts = 193000
 tracks = 1769 at attempts = 194000
 tracks = 1769 at attempts = 195000
 tracks = 1769 at attempts = 196000
 tracks = 1769 at attempts = 197000
 tracks = 1769 at attempts = 198000
 tracks = 1769 at attempts = 199000
 tracks = 1769 at attempts = 200000
 tracks = 1769 at attempts = 201000
 tracks = 1769 at attempts = 202000
 tracks = 1769 at attempts = 203000
 tracks = 1769 at attempts = 204000
 tracks = 1768 at attempts = 205000
 tracks = 1768 at attempts = 206000
 tracks = 1768 at attempts = 207000
 tracks = 1768 at attempts = 208000
 tracks = 1768 at attempts = 209000
 tracks = 1768 at attempts = 210000
 tracks = 1768 at attempts = 211000
 tracks = 1768 at attempts = 212000
 tracks = 1768 at attempts = 213000
 tracks = 1768 at attempts = 214000
 tracks = 1768 at attempts = 215000
 tracks = 1768 at attempts = 216000
 tracks = 1768 at attempts = 217000
 tracks = 1768 at attempts = 218000
 tracks = 1768 at attempts = 219000
 tracks = 1768 at attempts = 220000
 tracks = 1768 at attempts = 221000
 tracks = 1768 at attempts = 222000
 tracks = 1768 at attempts = 223000
 tracks = 1768 at attempts = 224000
 tracks = 1768 at attempts = 225000
 tracks = 1768 at attempts = 226000
 tracks = 1768 at attempts = 227000
 tracks = 1768 at attempts = 228000
 tracks = 1768 at attempts = 229000
 tracks = 1768 at attempts = 230000
 tracks = 1768 at attempts = 231000
 tracks = 1768 at attempts = 232000
 tracks = 1768 at attempts = 233000
 tracks = 1768 at attempts = 234000
 tracks = 1768 at attempts = 235000
 tracks = 1768 at attempts = 236000
 tracks = 1768 at attempts = 237000
 tracks = 1768 at attempts = 238000
 tracks = 1768 at attempts = 239000
 tracks = 1768 at attempts = 240000
 tracks = 1768 at attempts = 241000
 tracks = 1768 at attempts = 242000
 tracks = 1768 at attempts = 243000
 tracks = 1768 at attempts = 244000
 tracks = 1768 at attempts = 245000
 tracks = 1768 at attempts = 246000
 tracks = 1768 at attempts = 247000
 tracks = 1768 at attempts = 248000
 tracks = 1768 at attempts = 249000
 tracks = 1768 at attempts = 250000
 tracks = 1768 at attempts = 251000
 tracks = 1768 at attempts = 252000
 tracks = 1768 at attempts = 253000
 tracks = 1768 at attempts = 254000
 tracks = 1768 at attempts = 255000
 tracks = 1768 at attempts = 256000
 tracks = 1768 at attempts = 257000
 tracks = 1768 at attempts = 258000
 tracks = 1768 at attempts = 259000
 removing redundant feed-through pins
 the connectivity of all the nets is verified

 block left edge is at -399
 the longest block length is 147840
 building the steiner trees
 rebuilding the steiner tree

----start doing coarse global routing ------ 
 ITERATION  1

  longest Row is:6   Its length is:144000
 doing feed-through pins assignment
 building the net-tree now !
 set up the global routing grids
 the starting value of tracks = 1602
 tracks = 1598 at attempts =  1000
 tracks = 1596 at attempts =  2000
 tracks = 1594 at attempts =  3000
 tracks = 1594 at attempts =  4000
 tracks = 1591 at attempts =  5000
 tracks = 1589 at attempts =  6000
 tracks = 1588 at attempts =  7000
 tracks = 1587 at attempts =  8000
 tracks = 1586 at attempts =  9000
 tracks = 1585 at attempts = 10000
 tracks = 1584 at attempts = 11000
 tracks = 1584 at attempts = 12000
 tracks = 1583 at attempts = 13000
 tracks = 1582 at attempts = 14000
 tracks = 1581 at attempts = 15000
 tracks = 1581 at attempts = 16000
 tracks = 1580 at attempts = 17000
 tracks = 1580 at attempts = 18000
 tracks = 1580 at attempts = 19000
 tracks = 1580 at attempts = 20000
 tracks = 1580 at attempts = 21000
 tracks = 1580 at attempts = 22000
 tracks = 1580 at attempts = 23000
 tracks = 1579 at attempts = 24000
 tracks = 1579 at attempts = 25000
 tracks = 1579 at attempts = 26000
 tracks = 1579 at attempts = 27000
 tracks = 1579 at attempts = 28000
 tracks = 1579 at attempts = 29000
 tracks = 1579 at attempts = 30000
 tracks = 1579 at attempts = 31000
 tracks = 1579 at attempts = 32000
 tracks = 1579 at attempts = 33000
 tracks = 1579 at attempts = 34000
 tracks = 1579 at attempts = 35000
 tracks = 1579 at attempts = 36000
 tracks = 1579 at attempts = 37000
 tracks = 1579 at attempts = 38000
 tracks = 1579 at attempts = 39000
 tracks = 1579 at attempts = 40000
 tracks = 1579 at attempts = 41000
 tracks = 1579 at attempts = 42000
 tracks = 1579 at attempts = 43000
 tracks = 1579 at attempts = 44000
 tracks = 1579 at attempts = 45000
 tracks = 1579 at attempts = 46000
 tracks = 1579 at attempts = 47000
 tracks = 1579 at attempts = 48000
 tracks = 1579 at attempts = 49000
 tracks = 1579 at attempts = 50000
 tracks = 1579 at attempts = 51000
 tracks = 1579 at attempts = 52000
 tracks = 1579 at attempts = 53000
 tracks = 1579 at attempts = 54000
 tracks = 1579 at attempts = 55000
 tracks = 1579 at attempts = 56000
 tracks = 1579 at attempts = 57000
 tracks = 1578 at attempts = 58000
 tracks = 1578 at attempts = 59000
 tracks = 1578 at attempts = 60000
 tracks = 1578 at attempts = 61000
 tracks = 1578 at attempts = 62000
 tracks = 1578 at attempts = 63000
 tracks = 1578 at attempts = 64000
 tracks = 1578 at attempts = 65000
 tracks = 1578 at attempts = 66000
 tracks = 1578 at attempts = 67000
 tracks = 1578 at attempts = 68000
 tracks = 1578 at attempts = 69000
 tracks = 1578 at attempts = 70000
 tracks = 1578 at attempts = 71000
 tracks = 1578 at attempts = 72000
 tracks = 1578 at attempts = 73000
 tracks = 1578 at attempts = 74000
 tracks = 1578 at attempts = 75000
 tracks = 1578 at attempts = 76000
 tracks = 1578 at attempts = 77000
 tracks = 1578 at attempts = 78000
 tracks = 1578 at attempts = 79000
 tracks = 1578 at attempts = 80000
 tracks = 1578 at attempts = 81000
 tracks = 1578 at attempts = 82000
 tracks = 1578 at attempts = 83000
 tracks = 1578 at attempts = 84000
 tracks = 1578 at attempts = 85000
 tracks = 1578 at attempts = 86000
 tracks = 1578 at attempts = 87000
 tracks = 1578 at attempts = 88000
 tracks = 1578 at attempts = 89000
 tracks = 1578 at attempts = 90000
 tracks = 1578 at attempts = 91000
 tracks = 1578 at attempts = 92000
 tracks = 1578 at attempts = 93000
 tracks = 1578 at attempts = 94000
 tracks = 1578 at attempts = 95000
 tracks = 1578 at attempts = 96000
 tracks = 1578 at attempts = 97000
 tracks = 1578 at attempts = 98000
 tracks = 1578 at attempts = 99000
 tracks = 1578 at attempts = 100000
 tracks = 1578 at attempts = 101000
 tracks = 1578 at attempts = 102000
 tracks = 1578 at attempts = 103000
 tracks = 1578 at attempts = 104000
 tracks = 1578 at attempts = 105000
 tracks = 1578 at attempts = 106000
 tracks = 1578 at attempts = 107000
 tracks = 1578 at attempts = 108000
 tracks = 1578 at attempts = 109000
 tracks = 1578 at attempts = 110000
 tracks = 1578 at attempts = 111000
 tracks = 1578 at attempts = 112000
 tracks = 1578 at attempts = 113000
 tracks = 1578 at attempts = 114000
 tracks = 1578 at attempts = 115000
 tracks = 1578 at attempts = 116000
 tracks = 1578 at attempts = 117000
 tracks = 1578 at attempts = 118000
 tracks = 1578 at attempts = 119000
 tracks = 1578 at attempts = 120000
 tracks = 1578 at attempts = 121000
 tracks = 1578 at attempts = 122000
 tracks = 1578 at attempts = 123000
 tracks = 1578 at attempts = 124000
 tracks = 1578 at attempts = 125000
 tracks = 1578 at attempts = 126000
 tracks = 1578 at attempts = 127000
 tracks = 1578 at attempts = 128000
 tracks = 1578 at attempts = 129000
 tracks = 1578 at attempts = 130000
 tracks = 1578 at attempts = 131000
 tracks = 1578 at attempts = 132000
 tracks = 1578 at attempts = 133000
 tracks = 1578 at attempts = 134000
 tracks = 1578 at attempts = 135000
 tracks = 1578 at attempts = 136000
 tracks = 1578 at attempts = 137000
 tracks = 1578 at attempts = 138000
 tracks = 1578 at attempts = 139000
 tracks = 1578 at attempts = 140000
 tracks = 1578 at attempts = 141000
 tracks = 1578 at attempts = 142000
 tracks = 1578 at attempts = 143000
 tracks = 1578 at attempts = 144000
 tracks = 1578 at attempts = 145000
 tracks = 1578 at attempts = 146000
 tracks = 1578 at attempts = 147000
 tracks = 1578 at attempts = 148000
 tracks = 1578 at attempts = 149000
 tracks = 1578 at attempts = 150000
 tracks = 1578 at attempts = 151000
 tracks = 1578 at attempts = 152000
 tracks = 1578 at attempts = 153000
 tracks = 1578 at attempts = 154000
 tracks = 1578 at attempts = 155000
 tracks = 1578 at attempts = 156000
 tracks = 1578 at attempts = 157000
 tracks = 1578 at attempts = 158000
 tracks = 1578 at attempts = 159000
 tracks = 1578 at attempts = 160000
 tracks = 1578 at attempts = 161000
 tracks = 1578 at attempts = 162000
 tracks = 1578 at attempts = 163000
 tracks = 1578 at attempts = 164000
 tracks = 1578 at attempts = 165000
 tracks = 1578 at attempts = 166000
 tracks = 1578 at attempts = 167000
 tracks = 1578 at attempts = 168000
 tracks = 1578 at attempts = 169000
 tracks = 1578 at attempts = 170000
 tracks = 1578 at attempts = 171000
 tracks = 1578 at attempts = 172000
 tracks = 1578 at attempts = 173000
 tracks = 1578 at attempts = 174000
 tracks = 1578 at attempts = 175000
 tracks = 1578 at attempts = 176000
 tracks = 1578 at attempts = 177000
 tracks = 1578 at attempts = 178000
 tracks = 1578 at attempts = 179000
 tracks = 1578 at attempts = 180000
 tracks = 1578 at attempts = 181000
 tracks = 1578 at attempts = 182000
 tracks = 1578 at attempts = 183000
 tracks = 1578 at attempts = 184000
 tracks = 1578 at attempts = 185000
 tracks = 1578 at attempts = 186000
 tracks = 1578 at attempts = 187000
 tracks = 1578 at attempts = 188000
 tracks = 1578 at attempts = 189000
 tracks = 1578 at attempts = 190000
 tracks = 1578 at attempts = 191000
 tracks = 1578 at attempts = 192000
 tracks = 1578 at attempts = 193000
 tracks = 1578 at attempts = 194000
 tracks = 1578 at attempts = 195000
 tracks = 1578 at attempts = 196000
 tracks = 1578 at attempts = 197000
 tracks = 1578 at attempts = 198000
 tracks = 1578 at attempts = 199000
 tracks = 1578 at attempts = 200000
 tracks = 1578 at attempts = 201000
 tracks = 1578 at attempts = 202000
 tracks = 1578 at attempts = 203000
 tracks = 1578 at attempts = 204000
 tracks = 1578 at attempts = 205000
 tracks = 1578 at attempts = 206000
 tracks = 1578 at attempts = 207000
 tracks = 1578 at attempts = 208000
 tracks = 1578 at attempts = 209000
 tracks = 1578 at attempts = 210000
 tracks = 1578 at attempts = 211000
 tracks = 1578 at attempts = 212000
 tracks = 1578 at attempts = 213000
 tracks = 1578 at attempts = 214000
 tracks = 1578 at attempts = 215000
 tracks = 1578 at attempts = 216000
 tracks = 1578 at attempts = 217000
 tracks = 1578 at attempts = 218000
 tracks = 1578 at attempts = 219000
 tracks = 1578 at attempts = 220000
 tracks = 1578 at attempts = 221000
 tracks = 1578 at attempts = 222000
 tracks = 1578 at attempts = 223000
 tracks = 1578 at attempts = 224000
 tracks = 1578 at attempts = 225000
 tracks = 1578 at attempts = 226000
 tracks = 1578 at attempts = 227000
 tracks = 1578 at attempts = 228000
 tracks = 1578 at attempts = 229000
 tracks = 1578 at attempts = 230000
 tracks = 1578 at attempts = 231000
 tracks = 1578 at attempts = 232000
 tracks = 1578 at attempts = 233000
 tracks = 1578 at attempts = 234000
 tracks = 1578 at attempts = 235000
 tracks = 1578 at attempts = 236000
 tracks = 1578 at attempts = 237000
 tracks = 1578 at attempts = 238000
 tracks = 1578 at attempts = 239000
 tracks = 1578 at attempts = 240000
 tracks = 1578 at attempts = 241000
 tracks = 1578 at attempts = 242000
 tracks = 1578 at attempts = 243000
 tracks = 1578 at attempts = 244000
 tracks = 1578 at attempts = 245000
 tracks = 1578 at attempts = 246000
 tracks = 1578 at attempts = 247000
 tracks = 1578 at attempts = 248000
 tracks = 1578 at attempts = 249000
 tracks = 1578 at attempts = 250000
 tracks = 1578 at attempts = 251000
 tracks = 1578 at attempts = 252000
 tracks = 1578 at attempts = 253000
 tracks = 1578 at attempts = 254000
 tracks = 1578 at attempts = 255000
 tracks = 1578 at attempts = 256000
 tracks = 1578 at attempts = 257000
 tracks = 1578 at attempts = 258000
 tracks = 1578 at attempts = 259000
 removing redundant feed-through pins
 the connectivity of all the nets is verified


***********************************************
*ACTUAL* FINAL NUMBER OF ROUTING TRACKS: 1576
***********************************************


TimberWolfSC terminated normally with no errors and 1 warning[s]


twflow terminated normally with no errors and 0 warning[s]

Running getfillcell to determine cell to use for fill.
getfillcell.tcl mips  /usr/local/share/qflow/tech/osu035/osu035_stdcells.lef FILL
Using cell FILL for fill
Running place2def to translate graywolf output to DEF format.
place2def.tcl mips FILL 
Running place2def.tcl
DEF database: 100 units per micron
Limits: xbot = -750.0 ybot = -530.0 xtop = 143950.0 ytop = 108130.0
Core values: 80.0 100 144080.0 108100
Offsets: 80.0 100
4 routing layers
544 horizontal tracks from -400.0 to 108400.0 step 200 (M1, M3, ...)
906 vertical tracks from -480.0 to 144480.0 step 160.0 (M2, M4, ...)
Summary: Total components = 10344
  Fill cells  = 0
  Other cells = 10344
Done with place2def.tcl
Running addspacers to generate power stripes and align cell right edge
addspacers.tcl  -stripe 5 150 PG mips  /usr/local/share/qflow/tech/osu035/osu035_stdcells.lef FILL
Reading FILL macros from LEF file.
Reading DEF file mips.def. . .
Number of rows is 54
Longest row has width 1440.8 um
addspacers:  Inserting 9 stripes of width 4.8 um (5 um requested)
  Pitch 148.8 um, offset 124.8 um
stretch:  Number of components is 11912
Analysis of DEF file:
Number of components = 10344
New number of components = 11912
Number of rows = 54
Adjusting obstructions for power striping
Done with addspacers.tcl
Running arrangepins to adjust pin positions for optimal routing.
arrangepins.tcl  mips
Reading info file mips.info. . .
Reading DEF file mips.def. . .
Recalculating pin positions
Writing DEF file mips_mod.def. . .
Done with arrangepins.tcl
blifanno.tcl /home/openvlsi/anais/hola/synthesis/mips.blif mips.def /home/openvlsi/anais/hola/synthesis/mips_anno.blif
Running blifanno.tcl
Reading DEF file mips.def. . .
Done with blifanno.tcl

Generating RTL verilog and SPICE netlist file in directory
   /home/openvlsi/anais/hola/synthesis
Files:
   Verilog: /home/openvlsi/anais/hola/synthesis/mips.rtl.v
   Verilog: /home/openvlsi/anais/hola/synthesis/mips.rtlnopwr.v
   Verilog: /home/openvlsi/anais/hola/synthesis/mips.rtlbb.v
   Spice:   /home/openvlsi/anais/hola/synthesis/mips.spc

Running blif2Verilog.
Running blif2BSpice.
Placement script ended on Fri Jun 14 17:35:38 PDT 2019
