
Qflow static timing analysis logfile appended on Fri Jun 14 17:57:44 PDT 2019
Running vesta static timing analysis
vesta --summary reports --long mips.rtlnopwr.v /usr/local/share/qflow/tech/osu035/osu035_stdcells.lib
----------------------------------------------
Vesta static timing analysis tool
for qflow 1.3.13
(c) 2013-2018 Tim Edwards, Open Circuit Design
----------------------------------------------

Parsing library "osu035_stdcells"
End of library at line 6636
Parsing module "mips"
Lib read /usr/local/share/qflow/tech/osu035/osu035_stdcells.lib:  Processed 6637 lines.
Verilog netlist read:  Processed 11927 lines.
Number of paths analyzed:  1285

Top 20 maximum delay paths:
Path DFFPOSX1_1220/CLK to DFFPOSX1_1216/D delay 7489.77 ps
      0.0 ps                   clk_bF_buf0:   CLKBUF1_114/Y -> DFFPOSX1_1220/CLK
    308.0 ps            control_1_state_3_: DFFPOSX1_1220/Q ->     INVX1_224/A
    469.3 ps                          _23_:     INVX1_224/Y ->   NAND2X1_912/B
    931.7 ps                          _24_:   NAND2X1_912/Y ->   OAI22X1_109/B
   1359.8 ps                          IorD:   OAI22X1_109/Y ->     BUFX2_329/A
   1691.5 ps                  IorD_bF_buf6:     BUFX2_329/Y ->    NOR2X1_154/A
   1872.3 ps                          _38_:    NOR2X1_154/Y ->   NAND2X1_923/B
   2077.0 ps                    ALUSrcB_1_:   NAND2X1_923/Y ->    BUFX2_1263/A
   2362.8 ps            ALUSrcB_1_bF_buf2_:    BUFX2_1263/Y ->    NOR2X1_143/A
   2595.0 ps                        _6551_:    NOR2X1_143/Y ->    BUFX2_1267/A
   2933.2 ps                _6551__bF_buf3:    BUFX2_1267/Y ->    AOI22X1_88/A
   3094.0 ps                        _6559_:    AOI22X1_88/Y ->  NAND3X1_1267/C
   3514.5 ps      datapath_1_ALU_aluInB_2_:  NAND3X1_1267/Y ->     INVX1_295/A
   3787.4 ps                         _283_:     INVX1_295/Y ->   NAND2X1_968/B
   3991.8 ps                         _296_:   NAND2X1_968/Y ->  OAI21X1_1461/A
   4223.5 ps                         _321_:  OAI21X1_1461/Y ->   AOI21X1_518/C
   4497.9 ps                         _322_:   AOI21X1_518/Y ->  OAI21X1_1488/B
   4808.5 ps                         _403_:  OAI21X1_1488/Y ->   AOI21X1_538/A
   5149.0 ps                         _551_:   AOI21X1_538/Y ->  OAI21X1_1585/B
   5524.2 ps                         _698_:  OAI21X1_1585/Y ->   AOI21X1_564/A
   5833.2 ps                         _776_:   AOI21X1_564/Y ->  OAI21X1_1632/B
   6059.8 ps                         _825_:  OAI21X1_1632/Y ->  NAND2X1_1054/B
   6189.7 ps                         _840_:  NAND2X1_1054/Y ->  NAND3X1_1407/C
   6299.2 ps                         _843_:  NAND3X1_1407/Y ->  NAND3X1_1408/B
   6430.0 ps                         _845_:  NAND3X1_1408/Y ->  NAND3X1_1411/C
   6588.1 ps  datapath_1_ALU_aluResult_31_:  NAND3X1_1411/Y ->    AOI22X1_85/B
   6727.5 ps                        _6482_:    AOI22X1_85/Y ->  NAND3X1_1258/C
   6833.9 ps       datapath_1_PC_prima_31_:  NAND3X1_1258/Y ->   NAND2X1_907/B
   6934.2 ps                        _7178_:   NAND2X1_907/Y ->   AOI21X1_504/B
   7020.1 ps                    _7115__31_:   AOI21X1_504/Y -> DFFPOSX1_1216/D

   clock skew at destination = 158.92
   setup at destination = 310.772

Path DFFPOSX1_1220/CLK to DFFPOSX1_1214/D delay 7354.31 ps
      0.0 ps                   clk_bF_buf0:   CLKBUF1_114/Y -> DFFPOSX1_1220/CLK
    308.0 ps            control_1_state_3_: DFFPOSX1_1220/Q ->     INVX1_224/A
    469.3 ps                          _23_:     INVX1_224/Y ->   NAND2X1_912/B
    931.7 ps                          _24_:   NAND2X1_912/Y ->   OAI22X1_109/B
   1359.8 ps                          IorD:   OAI22X1_109/Y ->     BUFX2_329/A
   1691.5 ps                  IorD_bF_buf6:     BUFX2_329/Y ->    NOR2X1_154/A
   1872.3 ps                          _38_:    NOR2X1_154/Y ->   NAND2X1_923/B
   2077.0 ps                    ALUSrcB_1_:   NAND2X1_923/Y ->    BUFX2_1263/A
   2362.8 ps            ALUSrcB_1_bF_buf2_:    BUFX2_1263/Y ->    NOR2X1_143/A
   2595.0 ps                        _6551_:    NOR2X1_143/Y ->    BUFX2_1267/A
   2933.2 ps                _6551__bF_buf3:    BUFX2_1267/Y ->    AOI22X1_88/A
   3094.0 ps                        _6559_:    AOI22X1_88/Y ->  NAND3X1_1267/C
   3514.5 ps      datapath_1_ALU_aluInB_2_:  NAND3X1_1267/Y ->     INVX1_295/A
   3787.4 ps                         _283_:     INVX1_295/Y ->   NAND2X1_968/B
   3991.8 ps                         _296_:   NAND2X1_968/Y ->  OAI21X1_1461/A
   4223.5 ps                         _321_:  OAI21X1_1461/Y ->   AOI21X1_518/C
   4497.9 ps                         _322_:   AOI21X1_518/Y ->  OAI21X1_1488/B
   4808.5 ps                         _403_:  OAI21X1_1488/Y ->   AOI21X1_538/A
   5149.0 ps                         _551_:   AOI21X1_538/Y ->  OAI21X1_1585/B
   5524.2 ps                         _698_:  OAI21X1_1585/Y ->   AOI21X1_564/A
   5833.2 ps                         _776_:   AOI21X1_564/Y ->  OAI21X1_1625/B
   6021.4 ps                         _809_:  OAI21X1_1625/Y ->  OAI21X1_1629/B
   6149.1 ps                         _818_:  OAI21X1_1629/Y ->     AND2X2_34/A
   6311.8 ps                         _822_:     AND2X2_34/Y ->  OAI21X1_1631/C
   6447.1 ps  datapath_1_ALU_aluResult_29_:  OAI21X1_1631/Y ->    AOI22X1_83/B
   6590.8 ps                        _6476_:    AOI22X1_83/Y ->  NAND3X1_1252/C
   6698.3 ps       datapath_1_PC_prima_29_:  NAND3X1_1252/Y ->   NAND2X1_903/B
   6798.8 ps                        _7174_:   NAND2X1_903/Y ->   AOI21X1_502/B
   6884.6 ps                    _7115__29_:   AOI21X1_502/Y -> DFFPOSX1_1214/D

   clock skew at destination = 158.92
   setup at destination = 310.774

Path DFFPOSX1_1220/CLK to DFFPOSX1_1215/D delay 7349.8 ps
      0.0 ps                   clk_bF_buf0:   CLKBUF1_114/Y -> DFFPOSX1_1220/CLK
    308.0 ps            control_1_state_3_: DFFPOSX1_1220/Q ->     INVX1_224/A
    469.3 ps                          _23_:     INVX1_224/Y ->   NAND2X1_912/B
    931.7 ps                          _24_:   NAND2X1_912/Y ->   OAI22X1_109/B
   1359.8 ps                          IorD:   OAI22X1_109/Y ->     BUFX2_329/A
   1691.5 ps                  IorD_bF_buf6:     BUFX2_329/Y ->    NOR2X1_154/A
   1872.3 ps                          _38_:    NOR2X1_154/Y ->   NAND2X1_923/B
   2077.0 ps                    ALUSrcB_1_:   NAND2X1_923/Y ->    BUFX2_1263/A
   2362.8 ps            ALUSrcB_1_bF_buf2_:    BUFX2_1263/Y ->    NOR2X1_143/A
   2595.0 ps                        _6551_:    NOR2X1_143/Y ->    BUFX2_1266/A
   2933.2 ps                _6551__bF_buf4:    BUFX2_1266/Y ->    AOI22X1_93/A
   3094.0 ps                        _6574_:    AOI22X1_93/Y ->  NAND3X1_1282/C
   3385.6 ps      datapath_1_ALU_aluInB_7_:  NAND3X1_1282/Y ->     AND2X2_20/B
   3681.2 ps                         _373_:     AND2X2_20/Y ->    NOR2X1_243/B
   4003.6 ps                         _374_:    NOR2X1_243/Y ->   NAND2X1_985/A
   4278.3 ps                         _384_:   NAND2X1_985/Y ->  OAI21X1_1485/B
   4478.9 ps                         _388_:  OAI21X1_1485/Y ->   AOI21X1_525/C
   4777.4 ps                         _389_:   AOI21X1_525/Y ->  OAI21X1_1537/B
   5093.0 ps                         _563_:  OAI21X1_1537/Y ->   AOI21X1_557/A
   5455.4 ps                         _712_:   AOI21X1_557/Y ->  OAI21X1_1616/B
   5722.3 ps                         _785_:  OAI21X1_1616/Y ->   AOI21X1_573/A
   5973.7 ps                         _833_:   AOI21X1_573/Y ->   AOI21X1_574/A
   6110.3 ps                         _834_:   AOI21X1_574/Y ->  OAI21X1_1635/C
   6226.7 ps                         _835_:  OAI21X1_1635/Y ->  NAND3X1_1406/A
   6432.4 ps  datapath_1_ALU_aluResult_30_:  NAND3X1_1406/Y ->    AOI22X1_84/B
   6583.3 ps                        _6479_:    AOI22X1_84/Y ->  NAND3X1_1255/C
   6693.3 ps       datapath_1_PC_prima_30_:  NAND3X1_1255/Y ->   NAND2X1_905/B
   6794.2 ps                        _7176_:   NAND2X1_905/Y ->   AOI21X1_503/B
   6880.1 ps                    _7115__30_:   AOI21X1_503/Y -> DFFPOSX1_1215/D

   clock skew at destination = 158.92
   setup at destination = 310.779

Path DFFPOSX1_1220/CLK to DFFPOSX1_1212/D delay 7331.58 ps
      0.0 ps                   clk_bF_buf0:   CLKBUF1_114/Y -> DFFPOSX1_1220/CLK
    308.0 ps            control_1_state_3_: DFFPOSX1_1220/Q ->     INVX1_224/A
    469.3 ps                          _23_:     INVX1_224/Y ->   NAND2X1_912/B
    931.7 ps                          _24_:   NAND2X1_912/Y ->   OAI22X1_109/B
   1359.8 ps                          IorD:   OAI22X1_109/Y ->     BUFX2_329/A
   1691.5 ps                  IorD_bF_buf6:     BUFX2_329/Y ->    NOR2X1_154/A
   1872.3 ps                          _38_:    NOR2X1_154/Y ->   NAND2X1_923/B
   2077.0 ps                    ALUSrcB_1_:   NAND2X1_923/Y ->    BUFX2_1263/A
   2362.8 ps            ALUSrcB_1_bF_buf2_:    BUFX2_1263/Y ->    NOR2X1_143/A
   2595.0 ps                        _6551_:    NOR2X1_143/Y ->    BUFX2_1267/A
   2933.2 ps                _6551__bF_buf3:    BUFX2_1267/Y ->    AOI22X1_88/A
   3094.0 ps                        _6559_:    AOI22X1_88/Y ->  NAND3X1_1267/C
   3514.5 ps      datapath_1_ALU_aluInB_2_:  NAND3X1_1267/Y ->     INVX1_295/A
   3787.4 ps                         _283_:     INVX1_295/Y ->   NAND2X1_968/B
   3991.8 ps                         _296_:   NAND2X1_968/Y ->  OAI21X1_1461/A
   4223.5 ps                         _321_:  OAI21X1_1461/Y ->   AOI21X1_518/C
   4497.9 ps                         _322_:   AOI21X1_518/Y ->  OAI21X1_1488/B
   4808.5 ps                         _403_:  OAI21X1_1488/Y ->   AOI21X1_538/A
   5149.0 ps                         _551_:   AOI21X1_538/Y ->  OAI21X1_1585/B
   5524.2 ps                         _698_:  OAI21X1_1585/Y ->  NAND2X1_1044/B
   5706.2 ps                         _746_:  NAND2X1_1044/Y ->   AOI21X1_562/A
   5876.1 ps                         _747_:   AOI21X1_562/Y ->    NOR2X1_306/B
   6046.5 ps                         _757_:    NOR2X1_306/Y ->   AOI21X1_563/A
   6171.0 ps                         _758_:   AOI21X1_563/Y ->  OAI21X1_1608/C
   6282.8 ps                         _759_:  OAI21X1_1608/Y ->  NAND3X1_1404/C
   6441.5 ps  datapath_1_ALU_aluResult_27_:  NAND3X1_1404/Y ->    AOI22X1_81/B
   6581.0 ps                        _6470_:    AOI22X1_81/Y ->  NAND3X1_1246/C
   6687.4 ps       datapath_1_PC_prima_27_:  NAND3X1_1246/Y ->   NAND2X1_899/B
   6787.7 ps                        _7170_:   NAND2X1_899/Y ->   AOI21X1_500/B
   6873.6 ps                    _7115__27_:   AOI21X1_500/Y -> DFFPOSX1_1212/D

   clock skew at destination = 153.597
   setup at destination = 304.396

Path DFFPOSX1_1220/CLK to DFFPOSX1_1208/D delay 7309.49 ps
      0.0 ps                   clk_bF_buf0:   CLKBUF1_114/Y -> DFFPOSX1_1220/CLK
    308.0 ps            control_1_state_3_: DFFPOSX1_1220/Q ->     INVX1_224/A
    469.3 ps                          _23_:     INVX1_224/Y ->   NAND2X1_912/B
    931.7 ps                          _24_:   NAND2X1_912/Y ->   OAI22X1_109/B
   1359.8 ps                          IorD:   OAI22X1_109/Y ->     BUFX2_329/A
   1691.5 ps                  IorD_bF_buf6:     BUFX2_329/Y ->    NOR2X1_154/A
   1872.3 ps                          _38_:    NOR2X1_154/Y ->   NAND2X1_923/B
   2077.0 ps                    ALUSrcB_1_:   NAND2X1_923/Y ->    BUFX2_1263/A
   2362.8 ps            ALUSrcB_1_bF_buf2_:    BUFX2_1263/Y ->    NOR2X1_143/A
   2595.0 ps                        _6551_:    NOR2X1_143/Y ->    BUFX2_1267/A
   2933.2 ps                _6551__bF_buf3:    BUFX2_1267/Y ->    AOI22X1_88/A
   3094.0 ps                        _6559_:    AOI22X1_88/Y ->  NAND3X1_1267/C
   3514.5 ps      datapath_1_ALU_aluInB_2_:  NAND3X1_1267/Y ->     INVX1_295/A
   3787.4 ps                         _283_:     INVX1_295/Y ->   NAND2X1_968/B
   3991.8 ps                         _296_:   NAND2X1_968/Y ->  OAI21X1_1461/A
   4223.5 ps                         _321_:  OAI21X1_1461/Y ->   AOI21X1_518/C
   4497.9 ps                         _322_:   AOI21X1_518/Y ->  OAI21X1_1488/B
   4808.5 ps                         _403_:  OAI21X1_1488/Y ->   AOI21X1_538/A
   5149.0 ps                         _551_:   AOI21X1_538/Y ->  OAI21X1_1563/B
   5477.3 ps                         _628_:  OAI21X1_1563/Y ->  NAND2X1_1030/B
   5687.7 ps                         _655_:  NAND2X1_1030/Y ->   AOI21X1_554/A
   5912.7 ps                         _659_:   AOI21X1_554/Y ->  OAI21X1_1581/B
   6067.7 ps                         _677_:  OAI21X1_1581/Y ->  NAND3X1_1397/B
   6216.6 ps                         _678_:  NAND3X1_1397/Y ->  NAND3X1_1399/B
   6401.6 ps  datapath_1_ALU_aluResult_23_:  NAND3X1_1399/Y ->    AOI22X1_77/B
   6534.2 ps                        _6458_:    AOI22X1_77/Y ->  NAND3X1_1234/C
   6640.5 ps       datapath_1_PC_prima_23_:  NAND3X1_1234/Y ->   NAND2X1_891/B
   6740.8 ps                        _7162_:   NAND2X1_891/Y ->   AOI21X1_496/B
   6832.3 ps                    _7115__23_:   AOI21X1_496/Y -> DFFPOSX1_1208/D

   clock skew at destination = 158.92
   setup at destination = 318.26

Path DFFPOSX1_1220/CLK to DFFPOSX1_1056/D delay 7266.65 ps
      0.0 ps                   clk_bF_buf0:   CLKBUF1_114/Y -> DFFPOSX1_1220/CLK
    308.0 ps            control_1_state_3_: DFFPOSX1_1220/Q ->     INVX1_224/A
    469.3 ps                          _23_:     INVX1_224/Y ->   NAND2X1_912/B
    931.7 ps                          _24_:   NAND2X1_912/Y ->   OAI22X1_109/B
   1359.8 ps                          IorD:   OAI22X1_109/Y ->     BUFX2_329/A
   1691.5 ps                  IorD_bF_buf6:     BUFX2_329/Y ->    NOR2X1_154/A
   1872.3 ps                          _38_:    NOR2X1_154/Y ->   NAND2X1_923/B
   2077.0 ps                    ALUSrcB_1_:   NAND2X1_923/Y ->    BUFX2_1263/A
   2362.8 ps            ALUSrcB_1_bF_buf2_:    BUFX2_1263/Y ->    NOR2X1_143/A
   2595.0 ps                        _6551_:    NOR2X1_143/Y ->    BUFX2_1267/A
   2933.2 ps                _6551__bF_buf3:    BUFX2_1267/Y ->    AOI22X1_88/A
   3094.0 ps                        _6559_:    AOI22X1_88/Y ->  NAND3X1_1267/C
   3514.5 ps      datapath_1_ALU_aluInB_2_:  NAND3X1_1267/Y ->     INVX1_295/A
   3787.4 ps                         _283_:     INVX1_295/Y ->   NAND2X1_968/B
   3991.8 ps                         _296_:   NAND2X1_968/Y ->  OAI21X1_1461/A
   4223.5 ps                         _321_:  OAI21X1_1461/Y ->   AOI21X1_518/C
   4497.9 ps                         _322_:   AOI21X1_518/Y ->  OAI21X1_1488/B
   4808.5 ps                         _403_:  OAI21X1_1488/Y ->   AOI21X1_538/A
   5149.0 ps                         _551_:   AOI21X1_538/Y ->  OAI21X1_1585/B
   5524.2 ps                         _698_:  OAI21X1_1585/Y ->   AOI21X1_564/A
   5833.2 ps                         _776_:   AOI21X1_564/Y ->  OAI21X1_1632/B
   6059.8 ps                         _825_:  OAI21X1_1632/Y ->  NAND2X1_1054/B
   6189.7 ps                         _840_:  NAND2X1_1054/Y ->  NAND3X1_1407/C
   6299.2 ps                         _843_:  NAND3X1_1407/Y ->  NAND3X1_1408/B
   6430.0 ps                         _845_:  NAND3X1_1408/Y ->  NAND3X1_1411/C
   6588.1 ps  datapath_1_ALU_aluResult_31_:  NAND3X1_1411/Y ->   NAND2X1_587/B
   6709.1 ps                        _6848_:   NAND2X1_587/Y ->   AOI21X1_344/B
   6796.7 ps                    _6785__31_:   AOI21X1_344/Y -> DFFPOSX1_1056/D

   clock skew at destination = 158.92
   setup at destination = 311.056

Path DFFPOSX1_1220/CLK to DFFPOSX1_1211/D delay 7237.99 ps
      0.0 ps                   clk_bF_buf0:   CLKBUF1_114/Y -> DFFPOSX1_1220/CLK
    308.0 ps            control_1_state_3_: DFFPOSX1_1220/Q ->     INVX1_224/A
    469.3 ps                          _23_:     INVX1_224/Y ->   NAND2X1_912/B
    931.7 ps                          _24_:   NAND2X1_912/Y ->   OAI22X1_109/B
   1359.8 ps                          IorD:   OAI22X1_109/Y ->     BUFX2_329/A
   1691.5 ps                  IorD_bF_buf6:     BUFX2_329/Y ->    NOR2X1_154/A
   1872.3 ps                          _38_:    NOR2X1_154/Y ->   NAND2X1_923/B
   2077.0 ps                    ALUSrcB_1_:   NAND2X1_923/Y ->    BUFX2_1263/A
   2362.8 ps            ALUSrcB_1_bF_buf2_:    BUFX2_1263/Y ->    NOR2X1_143/A
   2595.0 ps                        _6551_:    NOR2X1_143/Y ->    BUFX2_1267/A
   2933.2 ps                _6551__bF_buf3:    BUFX2_1267/Y ->    AOI22X1_88/A
   3094.0 ps                        _6559_:    AOI22X1_88/Y ->  NAND3X1_1267/C
   3514.5 ps      datapath_1_ALU_aluInB_2_:  NAND3X1_1267/Y ->     INVX1_295/A
   3787.4 ps                         _283_:     INVX1_295/Y ->   NAND2X1_968/B
   3991.8 ps                         _296_:   NAND2X1_968/Y ->  OAI21X1_1461/A
   4223.5 ps                         _321_:  OAI21X1_1461/Y ->   AOI21X1_518/C
   4497.9 ps                         _322_:   AOI21X1_518/Y ->  OAI21X1_1488/B
   4808.5 ps                         _403_:  OAI21X1_1488/Y ->   AOI21X1_538/A
   5149.0 ps                         _551_:   AOI21X1_538/Y ->  OAI21X1_1585/B
   5524.2 ps                         _698_:  OAI21X1_1585/Y ->  NAND2X1_1044/B
   5706.2 ps                         _746_:  NAND2X1_1044/Y ->   AOI21X1_562/A
   5876.1 ps                         _747_:   AOI21X1_562/Y ->    NOR2X1_303/B
   5975.6 ps                         _748_:    NOR2X1_303/Y ->  OAI21X1_1605/C
   6074.4 ps                         _749_:  OAI21X1_1605/Y ->     AND2X2_29/A
   6196.8 ps                         _755_:     AND2X2_29/Y ->  OAI21X1_1607/C
   6332.1 ps  datapath_1_ALU_aluResult_26_:  OAI21X1_1607/Y ->    AOI22X1_80/B
   6463.4 ps                        _6467_:    AOI22X1_80/Y ->  NAND3X1_1243/C
   6569.1 ps       datapath_1_PC_prima_26_:  NAND3X1_1243/Y ->   NAND2X1_897/B
   6669.3 ps                        _7168_:   NAND2X1_897/Y ->   AOI21X1_499/B
   6760.8 ps                    _7115__26_:   AOI21X1_499/Y -> DFFPOSX1_1211/D

   clock skew at destination = 158.92
   setup at destination = 318.257

Path DFFPOSX1_1220/CLK to DFFPOSX1_1209/D delay 7196.43 ps
      0.0 ps                   clk_bF_buf0:   CLKBUF1_114/Y -> DFFPOSX1_1220/CLK
    308.0 ps            control_1_state_3_: DFFPOSX1_1220/Q ->     INVX1_224/A
    469.3 ps                          _23_:     INVX1_224/Y ->   NAND2X1_912/B
    931.7 ps                          _24_:   NAND2X1_912/Y ->   OAI22X1_109/B
   1359.8 ps                          IorD:   OAI22X1_109/Y ->     BUFX2_329/A
   1691.5 ps                  IorD_bF_buf6:     BUFX2_329/Y ->    NOR2X1_154/A
   1872.3 ps                          _38_:    NOR2X1_154/Y ->   NAND2X1_923/B
   2077.0 ps                    ALUSrcB_1_:   NAND2X1_923/Y ->    BUFX2_1263/A
   2362.8 ps            ALUSrcB_1_bF_buf2_:    BUFX2_1263/Y ->    NOR2X1_143/A
   2595.0 ps                        _6551_:    NOR2X1_143/Y ->    BUFX2_1267/A
   2933.2 ps                _6551__bF_buf3:    BUFX2_1267/Y ->    AOI22X1_88/A
   3094.0 ps                        _6559_:    AOI22X1_88/Y ->  NAND3X1_1267/C
   3514.5 ps      datapath_1_ALU_aluInB_2_:  NAND3X1_1267/Y ->     INVX1_295/A
   3787.4 ps                         _283_:     INVX1_295/Y ->   NAND2X1_968/B
   3991.8 ps                         _296_:   NAND2X1_968/Y ->  OAI21X1_1461/A
   4223.5 ps                         _321_:  OAI21X1_1461/Y ->   AOI21X1_518/C
   4497.9 ps                         _322_:   AOI21X1_518/Y ->  OAI21X1_1488/B
   4808.5 ps                         _403_:  OAI21X1_1488/Y ->   AOI21X1_538/A
   5149.0 ps                         _551_:   AOI21X1_538/Y ->  OAI21X1_1585/B
   5524.2 ps                         _698_:  OAI21X1_1585/Y ->  OAI21X1_1586/C
   5755.6 ps                         _699_:  OAI21X1_1586/Y ->     INVX1_346/A
   5930.3 ps                         _700_:     INVX1_346/Y ->    NOR2X1_297/B
   6028.6 ps                         _701_:    NOR2X1_297/Y ->  OAI21X1_1587/C
   6136.4 ps                         _702_:  OAI21X1_1587/Y ->  NAND3X1_1401/C
   6294.5 ps  datapath_1_ALU_aluResult_24_:  NAND3X1_1401/Y ->    AOI22X1_78/B
   6422.7 ps                        _6461_:    AOI22X1_78/Y ->  NAND3X1_1237/C
   6527.6 ps       datapath_1_PC_prima_24_:  NAND3X1_1237/Y ->   NAND2X1_893/B
   6627.8 ps                        _7164_:   NAND2X1_893/Y ->   AOI21X1_497/B
   6719.3 ps                    _7115__24_:   AOI21X1_497/Y -> DFFPOSX1_1209/D

   clock skew at destination = 158.92
   setup at destination = 318.251

Path DFFPOSX1_1220/CLK to DFFPOSX1_1210/D delay 7192.39 ps
      0.0 ps                   clk_bF_buf0:   CLKBUF1_114/Y -> DFFPOSX1_1220/CLK
    308.0 ps            control_1_state_3_: DFFPOSX1_1220/Q ->     INVX1_224/A
    469.3 ps                          _23_:     INVX1_224/Y ->   NAND2X1_912/B
    931.7 ps                          _24_:   NAND2X1_912/Y ->   OAI22X1_109/B
   1359.8 ps                          IorD:   OAI22X1_109/Y ->     BUFX2_329/A
   1691.5 ps                  IorD_bF_buf6:     BUFX2_329/Y ->    NOR2X1_154/A
   1872.3 ps                          _38_:    NOR2X1_154/Y ->   NAND2X1_923/B
   2077.0 ps                    ALUSrcB_1_:   NAND2X1_923/Y ->    BUFX2_1263/A
   2362.8 ps            ALUSrcB_1_bF_buf2_:    BUFX2_1263/Y ->    NOR2X1_143/A
   2595.0 ps                        _6551_:    NOR2X1_143/Y ->    BUFX2_1267/A
   2933.2 ps                _6551__bF_buf3:    BUFX2_1267/Y ->    AOI22X1_88/A
   3094.0 ps                        _6559_:    AOI22X1_88/Y ->  NAND3X1_1267/C
   3514.5 ps      datapath_1_ALU_aluInB_2_:  NAND3X1_1267/Y ->     INVX1_295/A
   3787.4 ps                         _283_:     INVX1_295/Y ->   NAND2X1_968/B
   3991.8 ps                         _296_:   NAND2X1_968/Y ->  OAI21X1_1461/A
   4223.5 ps                         _321_:  OAI21X1_1461/Y ->   AOI21X1_518/C
   4497.9 ps                         _322_:   AOI21X1_518/Y ->  OAI21X1_1488/B
   4808.5 ps                         _403_:  OAI21X1_1488/Y ->   AOI21X1_538/A
   5149.0 ps                         _551_:   AOI21X1_538/Y ->  OAI21X1_1585/B
   5524.2 ps                         _698_:  OAI21X1_1585/Y ->  OAI21X1_1586/C
   5755.6 ps                         _699_:  OAI21X1_1586/Y ->     INVX1_346/A
   5930.3 ps                         _700_:     INVX1_346/Y ->  OAI21X1_1596/B
   6065.2 ps                         _728_:  OAI21X1_1596/Y ->  NAND3X1_1402/A
   6274.8 ps  datapath_1_ALU_aluResult_25_:  NAND3X1_1402/Y ->    AOI22X1_79/B
   6425.8 ps                        _6464_:    AOI22X1_79/Y ->  NAND3X1_1240/C
   6535.9 ps       datapath_1_PC_prima_25_:  NAND3X1_1240/Y ->   NAND2X1_895/B
   6636.8 ps                        _7166_:   NAND2X1_895/Y ->   AOI21X1_498/B
   6722.7 ps                    _7115__25_:   AOI21X1_498/Y -> DFFPOSX1_1210/D

   clock skew at destination = 158.92
   setup at destination = 310.779

Path DFFPOSX1_1220/CLK to DFFPOSX1_1207/D delay 7191.68 ps
      0.0 ps                   clk_bF_buf0:   CLKBUF1_114/Y -> DFFPOSX1_1220/CLK
    308.0 ps            control_1_state_3_: DFFPOSX1_1220/Q ->     INVX1_224/A
    469.3 ps                          _23_:     INVX1_224/Y ->   NAND2X1_912/B
    931.7 ps                          _24_:   NAND2X1_912/Y ->   OAI22X1_109/B
   1359.8 ps                          IorD:   OAI22X1_109/Y ->     BUFX2_329/A
   1691.5 ps                  IorD_bF_buf6:     BUFX2_329/Y ->    NOR2X1_154/A
   1872.3 ps                          _38_:    NOR2X1_154/Y ->   NAND2X1_923/B
   2077.0 ps                    ALUSrcB_1_:   NAND2X1_923/Y ->    BUFX2_1263/A
   2362.8 ps            ALUSrcB_1_bF_buf2_:    BUFX2_1263/Y ->    NOR2X1_143/A
   2595.0 ps                        _6551_:    NOR2X1_143/Y ->    BUFX2_1267/A
   2933.2 ps                _6551__bF_buf3:    BUFX2_1267/Y ->    AOI22X1_88/A
   3094.0 ps                        _6559_:    AOI22X1_88/Y ->  NAND3X1_1267/C
   3514.5 ps      datapath_1_ALU_aluInB_2_:  NAND3X1_1267/Y ->     INVX1_295/A
   3787.4 ps                         _283_:     INVX1_295/Y ->   NAND2X1_968/B
   3991.8 ps                         _296_:   NAND2X1_968/Y ->  OAI21X1_1461/A
   4223.5 ps                         _321_:  OAI21X1_1461/Y ->   AOI21X1_518/C
   4497.9 ps                         _322_:   AOI21X1_518/Y ->  OAI21X1_1488/B
   4808.5 ps                         _403_:  OAI21X1_1488/Y ->   AOI21X1_538/A
   5149.0 ps                         _551_:   AOI21X1_538/Y ->  OAI21X1_1563/B
   5477.3 ps                         _628_:  OAI21X1_1563/Y ->  NAND2X1_1030/B
   5687.7 ps                         _655_:  NAND2X1_1030/Y ->   AOI21X1_554/A
   5912.7 ps                         _659_:   AOI21X1_554/Y ->    NOR2X1_288/B
   6019.7 ps                         _660_:    NOR2X1_288/Y ->  OAI21X1_1576/C
   6131.0 ps                         _661_:  OAI21X1_1576/Y ->  NAND3X1_1396/C
   6289.7 ps  datapath_1_ALU_aluResult_22_:  NAND3X1_1396/Y ->    AOI22X1_76/B
   6418.0 ps                        _6455_:    AOI22X1_76/Y ->  NAND3X1_1231/C
   6522.9 ps       datapath_1_PC_prima_22_:  NAND3X1_1231/Y ->   NAND2X1_889/B
   6623.0 ps                        _7160_:   NAND2X1_889/Y ->   AOI21X1_495/B
   6714.5 ps                    _7115__22_:   AOI21X1_495/Y -> DFFPOSX1_1207/D

   clock skew at destination = 158.92
   setup at destination = 318.251

Path DFFPOSX1_1220/CLK to DFFPOSX1_1200/D delay 7172.77 ps
      0.0 ps                   clk_bF_buf0:   CLKBUF1_114/Y -> DFFPOSX1_1220/CLK
    308.0 ps            control_1_state_3_: DFFPOSX1_1220/Q ->     INVX1_224/A
    469.3 ps                          _23_:     INVX1_224/Y ->   NAND2X1_912/B
    931.7 ps                          _24_:   NAND2X1_912/Y ->   OAI22X1_109/B
   1359.8 ps                          IorD:   OAI22X1_109/Y ->     BUFX2_329/A
   1691.5 ps                  IorD_bF_buf6:     BUFX2_329/Y ->    NOR2X1_154/A
   1872.3 ps                          _38_:    NOR2X1_154/Y ->   NAND2X1_923/B
   2077.0 ps                    ALUSrcB_1_:   NAND2X1_923/Y ->    BUFX2_1263/A
   2362.8 ps            ALUSrcB_1_bF_buf2_:    BUFX2_1263/Y ->    NOR2X1_143/A
   2595.0 ps                        _6551_:    NOR2X1_143/Y ->    BUFX2_1266/A
   2933.2 ps                _6551__bF_buf4:    BUFX2_1266/Y ->    AOI22X1_93/A
   3094.0 ps                        _6574_:    AOI22X1_93/Y ->  NAND3X1_1282/C
   3385.6 ps      datapath_1_ALU_aluInB_7_:  NAND3X1_1282/Y ->     AND2X2_20/B
   3681.2 ps                         _373_:     AND2X2_20/Y ->    NOR2X1_243/B
   4003.6 ps                         _374_:    NOR2X1_243/Y ->   NAND2X1_985/A
   4278.3 ps                         _384_:   NAND2X1_985/Y ->  OAI21X1_1485/B
   4478.9 ps                         _388_:  OAI21X1_1485/Y ->   AOI21X1_525/C
   4777.4 ps                         _389_:   AOI21X1_525/Y ->  OAI21X1_1516/B
   5052.6 ps                         _486_:  OAI21X1_1516/Y ->  NAND2X1_1005/B
   5240.5 ps                         _498_:  NAND2X1_1005/Y ->    NOR2X1_261/B
   5390.7 ps                         _500_:    NOR2X1_261/Y ->    NOR2X1_265/B
   5606.6 ps                         _518_:    NOR2X1_265/Y ->  OAI21X1_1530/B
   5822.9 ps                         _534_:  OAI21X1_1530/Y ->   AOI21X1_536/A
   5951.7 ps                         _535_:   AOI21X1_536/Y ->  OAI21X1_1531/C
   6064.7 ps                         _536_:  OAI21X1_1531/Y ->  NAND3X1_1387/A
   6269.8 ps  datapath_1_ALU_aluResult_15_:  NAND3X1_1387/Y ->    AOI22X1_69/B
   6405.7 ps                        _6434_:    AOI22X1_69/Y ->  NAND3X1_1210/C
   6513.6 ps       datapath_1_PC_prima_15_:  NAND3X1_1210/Y ->   NAND2X1_875/B
   6614.3 ps                        _7146_:   NAND2X1_875/Y ->   AOI21X1_488/B
   6705.8 ps                    _7115__15_:   AOI21X1_488/Y -> DFFPOSX1_1200/D

   clock skew at destination = 153.597
   setup at destination = 313.342

Path DFFPOSX1_1220/CLK to DFFPOSX1_1190/D delay 7149.11 ps
      0.0 ps                clk_bF_buf0:   CLKBUF1_114/Y -> DFFPOSX1_1220/CLK
    308.0 ps         control_1_state_3_: DFFPOSX1_1220/Q ->     INVX1_224/A
    469.3 ps                       _23_:     INVX1_224/Y ->   NAND2X1_912/B
    931.7 ps                       _24_:   NAND2X1_912/Y ->   OAI22X1_109/B
   1359.8 ps                       IorD:   OAI22X1_109/Y ->     BUFX2_329/A
   1691.5 ps               IorD_bF_buf6:     BUFX2_329/Y ->    NOR2X1_154/A
   1872.3 ps                       _38_:    NOR2X1_154/Y ->   NAND2X1_923/B
   2077.0 ps                 ALUSrcB_1_:   NAND2X1_923/Y ->    BUFX2_1263/A
   2362.8 ps         ALUSrcB_1_bF_buf2_:    BUFX2_1263/Y ->    NOR2X1_143/A
   2595.0 ps                     _6551_:    NOR2X1_143/Y ->    BUFX2_1266/A
   2933.2 ps             _6551__bF_buf4:    BUFX2_1266/Y ->   AOI22X1_106/A
   3094.0 ps                     _6613_:   AOI22X1_106/Y ->  NAND3X1_1321/C
   3345.3 ps  datapath_1_ALU_aluInB_20_:  NAND3X1_1321/Y ->   NAND2X1_930/B
   3669.0 ps                       _94_:   NAND2X1_930/Y ->   NAND2X1_931/A
   4135.7 ps                       _95_:   NAND2X1_931/Y ->     INVX1_243/A
   4361.0 ps                       _96_:     INVX1_243/Y ->    NOR2X1_170/A
   4577.1 ps                      _103_:    NOR2X1_170/Y ->   NAND2X1_935/B
   4779.9 ps                      _104_:   NAND2X1_935/Y ->    NOR2X1_175/A
   4954.0 ps                      _127_:    NOR2X1_175/Y ->  NAND3X1_1366/A
   5188.7 ps                      _227_:  NAND3X1_1366/Y ->  OAI21X1_1439/B
   5341.0 ps                      _234_:  OAI21X1_1439/Y ->   AOI21X1_515/C
   5432.3 ps     datapath_1_ALU_aluZero:   AOI21X1_515/Y ->  NAND2X1_1057/A
   5537.8 ps                      _858_:  NAND2X1_1057/Y ->  NAND2X1_1058/B
   5722.3 ps            datapath_1_PCEn:  NAND2X1_1058/Y ->     BUFX2_365/A
   5956.0 ps    datapath_1_PCEn_bF_buf0:     BUFX2_365/Y ->     INVX1_219/A
   6149.8 ps                     _7116_:     INVX1_219/Y ->    BUFX2_1167/A
   6429.8 ps             _7116__bF_buf3:    BUFX2_1167/Y ->   NAND2X1_856/B
   6562.3 ps                     _7127_:   NAND2X1_856/Y ->   AOI21X1_478/A
   6666.8 ps                  _7115__5_:   AOI21X1_478/Y -> DFFPOSX1_1190/D

   clock skew at destination = 158.92
   setup at destination = 323.402

Path DFFPOSX1_1220/CLK to DFFPOSX1_1188/D delay 7149.11 ps
      0.0 ps                clk_bF_buf0:   CLKBUF1_114/Y -> DFFPOSX1_1220/CLK
    308.0 ps         control_1_state_3_: DFFPOSX1_1220/Q ->     INVX1_224/A
    469.3 ps                       _23_:     INVX1_224/Y ->   NAND2X1_912/B
    931.7 ps                       _24_:   NAND2X1_912/Y ->   OAI22X1_109/B
   1359.8 ps                       IorD:   OAI22X1_109/Y ->     BUFX2_329/A
   1691.5 ps               IorD_bF_buf6:     BUFX2_329/Y ->    NOR2X1_154/A
   1872.3 ps                       _38_:    NOR2X1_154/Y ->   NAND2X1_923/B
   2077.0 ps                 ALUSrcB_1_:   NAND2X1_923/Y ->    BUFX2_1263/A
   2362.8 ps         ALUSrcB_1_bF_buf2_:    BUFX2_1263/Y ->    NOR2X1_143/A
   2595.0 ps                     _6551_:    NOR2X1_143/Y ->    BUFX2_1266/A
   2933.2 ps             _6551__bF_buf4:    BUFX2_1266/Y ->   AOI22X1_106/A
   3094.0 ps                     _6613_:   AOI22X1_106/Y ->  NAND3X1_1321/C
   3345.3 ps  datapath_1_ALU_aluInB_20_:  NAND3X1_1321/Y ->   NAND2X1_930/B
   3669.0 ps                       _94_:   NAND2X1_930/Y ->   NAND2X1_931/A
   4135.7 ps                       _95_:   NAND2X1_931/Y ->     INVX1_243/A
   4361.0 ps                       _96_:     INVX1_243/Y ->    NOR2X1_170/A
   4577.1 ps                      _103_:    NOR2X1_170/Y ->   NAND2X1_935/B
   4779.9 ps                      _104_:   NAND2X1_935/Y ->    NOR2X1_175/A
   4954.0 ps                      _127_:    NOR2X1_175/Y ->  NAND3X1_1366/A
   5188.7 ps                      _227_:  NAND3X1_1366/Y ->  OAI21X1_1439/B
   5341.0 ps                      _234_:  OAI21X1_1439/Y ->   AOI21X1_515/C
   5432.3 ps     datapath_1_ALU_aluZero:   AOI21X1_515/Y ->  NAND2X1_1057/A
   5537.8 ps                      _858_:  NAND2X1_1057/Y ->  NAND2X1_1058/B
   5722.3 ps            datapath_1_PCEn:  NAND2X1_1058/Y ->     BUFX2_365/A
   5956.0 ps    datapath_1_PCEn_bF_buf0:     BUFX2_365/Y ->     INVX1_219/A
   6149.8 ps                     _7116_:     INVX1_219/Y ->    BUFX2_1166/A
   6429.8 ps             _7116__bF_buf4:    BUFX2_1166/Y ->   NAND2X1_852/B
   6562.3 ps                     _7123_:   NAND2X1_852/Y ->   AOI21X1_476/A
   6666.8 ps                  _7115__3_:   AOI21X1_476/Y -> DFFPOSX1_1188/D

   clock skew at destination = 158.92
   setup at destination = 323.402

Path DFFPOSX1_1220/CLK to DFFPOSX1_1198/D delay 7149.11 ps
      0.0 ps                clk_bF_buf0:   CLKBUF1_114/Y -> DFFPOSX1_1220/CLK
    308.0 ps         control_1_state_3_: DFFPOSX1_1220/Q ->     INVX1_224/A
    469.3 ps                       _23_:     INVX1_224/Y ->   NAND2X1_912/B
    931.7 ps                       _24_:   NAND2X1_912/Y ->   OAI22X1_109/B
   1359.8 ps                       IorD:   OAI22X1_109/Y ->     BUFX2_329/A
   1691.5 ps               IorD_bF_buf6:     BUFX2_329/Y ->    NOR2X1_154/A
   1872.3 ps                       _38_:    NOR2X1_154/Y ->   NAND2X1_923/B
   2077.0 ps                 ALUSrcB_1_:   NAND2X1_923/Y ->    BUFX2_1263/A
   2362.8 ps         ALUSrcB_1_bF_buf2_:    BUFX2_1263/Y ->    NOR2X1_143/A
   2595.0 ps                     _6551_:    NOR2X1_143/Y ->    BUFX2_1266/A
   2933.2 ps             _6551__bF_buf4:    BUFX2_1266/Y ->   AOI22X1_106/A
   3094.0 ps                     _6613_:   AOI22X1_106/Y ->  NAND3X1_1321/C
   3345.3 ps  datapath_1_ALU_aluInB_20_:  NAND3X1_1321/Y ->   NAND2X1_930/B
   3669.0 ps                       _94_:   NAND2X1_930/Y ->   NAND2X1_931/A
   4135.7 ps                       _95_:   NAND2X1_931/Y ->     INVX1_243/A
   4361.0 ps                       _96_:     INVX1_243/Y ->    NOR2X1_170/A
   4577.1 ps                      _103_:    NOR2X1_170/Y ->   NAND2X1_935/B
   4779.9 ps                      _104_:   NAND2X1_935/Y ->    NOR2X1_175/A
   4954.0 ps                      _127_:    NOR2X1_175/Y ->  NAND3X1_1366/A
   5188.7 ps                      _227_:  NAND3X1_1366/Y ->  OAI21X1_1439/B
   5341.0 ps                      _234_:  OAI21X1_1439/Y ->   AOI21X1_515/C
   5432.3 ps     datapath_1_ALU_aluZero:   AOI21X1_515/Y ->  NAND2X1_1057/A
   5537.8 ps                      _858_:  NAND2X1_1057/Y ->  NAND2X1_1058/B
   5722.3 ps            datapath_1_PCEn:  NAND2X1_1058/Y ->     BUFX2_365/A
   5956.0 ps    datapath_1_PCEn_bF_buf0:     BUFX2_365/Y ->     INVX1_219/A
   6149.8 ps                     _7116_:     INVX1_219/Y ->    BUFX2_1166/A
   6429.8 ps             _7116__bF_buf4:    BUFX2_1166/Y ->   NAND2X1_872/B
   6562.3 ps                     _7143_:   NAND2X1_872/Y ->   AOI21X1_486/A
   6666.8 ps                 _7115__13_:   AOI21X1_486/Y -> DFFPOSX1_1198/D

   clock skew at destination = 158.92
   setup at destination = 323.402

Path DFFPOSX1_1220/CLK to DFFPOSX1_1201/D delay 7149.11 ps
      0.0 ps                clk_bF_buf0:   CLKBUF1_114/Y -> DFFPOSX1_1220/CLK
    308.0 ps         control_1_state_3_: DFFPOSX1_1220/Q ->     INVX1_224/A
    469.3 ps                       _23_:     INVX1_224/Y ->   NAND2X1_912/B
    931.7 ps                       _24_:   NAND2X1_912/Y ->   OAI22X1_109/B
   1359.8 ps                       IorD:   OAI22X1_109/Y ->     BUFX2_329/A
   1691.5 ps               IorD_bF_buf6:     BUFX2_329/Y ->    NOR2X1_154/A
   1872.3 ps                       _38_:    NOR2X1_154/Y ->   NAND2X1_923/B
   2077.0 ps                 ALUSrcB_1_:   NAND2X1_923/Y ->    BUFX2_1263/A
   2362.8 ps         ALUSrcB_1_bF_buf2_:    BUFX2_1263/Y ->    NOR2X1_143/A
   2595.0 ps                     _6551_:    NOR2X1_143/Y ->    BUFX2_1266/A
   2933.2 ps             _6551__bF_buf4:    BUFX2_1266/Y ->   AOI22X1_106/A
   3094.0 ps                     _6613_:   AOI22X1_106/Y ->  NAND3X1_1321/C
   3345.3 ps  datapath_1_ALU_aluInB_20_:  NAND3X1_1321/Y ->   NAND2X1_930/B
   3669.0 ps                       _94_:   NAND2X1_930/Y ->   NAND2X1_931/A
   4135.7 ps                       _95_:   NAND2X1_931/Y ->     INVX1_243/A
   4361.0 ps                       _96_:     INVX1_243/Y ->    NOR2X1_170/A
   4577.1 ps                      _103_:    NOR2X1_170/Y ->   NAND2X1_935/B
   4779.9 ps                      _104_:   NAND2X1_935/Y ->    NOR2X1_175/A
   4954.0 ps                      _127_:    NOR2X1_175/Y ->  NAND3X1_1366/A
   5188.7 ps                      _227_:  NAND3X1_1366/Y ->  OAI21X1_1439/B
   5341.0 ps                      _234_:  OAI21X1_1439/Y ->   AOI21X1_515/C
   5432.3 ps     datapath_1_ALU_aluZero:   AOI21X1_515/Y ->  NAND2X1_1057/A
   5537.8 ps                      _858_:  NAND2X1_1057/Y ->  NAND2X1_1058/B
   5722.3 ps            datapath_1_PCEn:  NAND2X1_1058/Y ->     BUFX2_365/A
   5956.0 ps    datapath_1_PCEn_bF_buf0:     BUFX2_365/Y ->     INVX1_219/A
   6149.8 ps                     _7116_:     INVX1_219/Y ->    BUFX2_1166/A
   6429.8 ps             _7116__bF_buf4:    BUFX2_1166/Y ->   NAND2X1_878/B
   6562.3 ps                     _7149_:   NAND2X1_878/Y ->   AOI21X1_489/A
   6666.8 ps                 _7115__16_:   AOI21X1_489/Y -> DFFPOSX1_1201/D

   clock skew at destination = 158.92
   setup at destination = 323.402

Path DFFPOSX1_1220/CLK to DFFPOSX1_1202/D delay 7149.11 ps
      0.0 ps                clk_bF_buf0:   CLKBUF1_114/Y -> DFFPOSX1_1220/CLK
    308.0 ps         control_1_state_3_: DFFPOSX1_1220/Q ->     INVX1_224/A
    469.3 ps                       _23_:     INVX1_224/Y ->   NAND2X1_912/B
    931.7 ps                       _24_:   NAND2X1_912/Y ->   OAI22X1_109/B
   1359.8 ps                       IorD:   OAI22X1_109/Y ->     BUFX2_329/A
   1691.5 ps               IorD_bF_buf6:     BUFX2_329/Y ->    NOR2X1_154/A
   1872.3 ps                       _38_:    NOR2X1_154/Y ->   NAND2X1_923/B
   2077.0 ps                 ALUSrcB_1_:   NAND2X1_923/Y ->    BUFX2_1263/A
   2362.8 ps         ALUSrcB_1_bF_buf2_:    BUFX2_1263/Y ->    NOR2X1_143/A
   2595.0 ps                     _6551_:    NOR2X1_143/Y ->    BUFX2_1266/A
   2933.2 ps             _6551__bF_buf4:    BUFX2_1266/Y ->   AOI22X1_106/A
   3094.0 ps                     _6613_:   AOI22X1_106/Y ->  NAND3X1_1321/C
   3345.3 ps  datapath_1_ALU_aluInB_20_:  NAND3X1_1321/Y ->   NAND2X1_930/B
   3669.0 ps                       _94_:   NAND2X1_930/Y ->   NAND2X1_931/A
   4135.7 ps                       _95_:   NAND2X1_931/Y ->     INVX1_243/A
   4361.0 ps                       _96_:     INVX1_243/Y ->    NOR2X1_170/A
   4577.1 ps                      _103_:    NOR2X1_170/Y ->   NAND2X1_935/B
   4779.9 ps                      _104_:   NAND2X1_935/Y ->    NOR2X1_175/A
   4954.0 ps                      _127_:    NOR2X1_175/Y ->  NAND3X1_1366/A
   5188.7 ps                      _227_:  NAND3X1_1366/Y ->  OAI21X1_1439/B
   5341.0 ps                      _234_:  OAI21X1_1439/Y ->   AOI21X1_515/C
   5432.3 ps     datapath_1_ALU_aluZero:   AOI21X1_515/Y ->  NAND2X1_1057/A
   5537.8 ps                      _858_:  NAND2X1_1057/Y ->  NAND2X1_1058/B
   5722.3 ps            datapath_1_PCEn:  NAND2X1_1058/Y ->     BUFX2_365/A
   5956.0 ps    datapath_1_PCEn_bF_buf0:     BUFX2_365/Y ->     INVX1_219/A
   6149.8 ps                     _7116_:     INVX1_219/Y ->    BUFX2_1166/A
   6429.8 ps             _7116__bF_buf4:    BUFX2_1166/Y ->   NAND2X1_880/B
   6562.3 ps                     _7151_:   NAND2X1_880/Y ->   AOI21X1_490/A
   6666.8 ps                 _7115__17_:   AOI21X1_490/Y -> DFFPOSX1_1202/D

   clock skew at destination = 158.92
   setup at destination = 323.402

Path DFFPOSX1_1220/CLK to DFFPOSX1_1206/D delay 7149.11 ps
      0.0 ps                clk_bF_buf0:   CLKBUF1_114/Y -> DFFPOSX1_1220/CLK
    308.0 ps         control_1_state_3_: DFFPOSX1_1220/Q ->     INVX1_224/A
    469.3 ps                       _23_:     INVX1_224/Y ->   NAND2X1_912/B
    931.7 ps                       _24_:   NAND2X1_912/Y ->   OAI22X1_109/B
   1359.8 ps                       IorD:   OAI22X1_109/Y ->     BUFX2_329/A
   1691.5 ps               IorD_bF_buf6:     BUFX2_329/Y ->    NOR2X1_154/A
   1872.3 ps                       _38_:    NOR2X1_154/Y ->   NAND2X1_923/B
   2077.0 ps                 ALUSrcB_1_:   NAND2X1_923/Y ->    BUFX2_1263/A
   2362.8 ps         ALUSrcB_1_bF_buf2_:    BUFX2_1263/Y ->    NOR2X1_143/A
   2595.0 ps                     _6551_:    NOR2X1_143/Y ->    BUFX2_1266/A
   2933.2 ps             _6551__bF_buf4:    BUFX2_1266/Y ->   AOI22X1_106/A
   3094.0 ps                     _6613_:   AOI22X1_106/Y ->  NAND3X1_1321/C
   3345.3 ps  datapath_1_ALU_aluInB_20_:  NAND3X1_1321/Y ->   NAND2X1_930/B
   3669.0 ps                       _94_:   NAND2X1_930/Y ->   NAND2X1_931/A
   4135.7 ps                       _95_:   NAND2X1_931/Y ->     INVX1_243/A
   4361.0 ps                       _96_:     INVX1_243/Y ->    NOR2X1_170/A
   4577.1 ps                      _103_:    NOR2X1_170/Y ->   NAND2X1_935/B
   4779.9 ps                      _104_:   NAND2X1_935/Y ->    NOR2X1_175/A
   4954.0 ps                      _127_:    NOR2X1_175/Y ->  NAND3X1_1366/A
   5188.7 ps                      _227_:  NAND3X1_1366/Y ->  OAI21X1_1439/B
   5341.0 ps                      _234_:  OAI21X1_1439/Y ->   AOI21X1_515/C
   5432.3 ps     datapath_1_ALU_aluZero:   AOI21X1_515/Y ->  NAND2X1_1057/A
   5537.8 ps                      _858_:  NAND2X1_1057/Y ->  NAND2X1_1058/B
   5722.3 ps            datapath_1_PCEn:  NAND2X1_1058/Y ->     BUFX2_365/A
   5956.0 ps    datapath_1_PCEn_bF_buf0:     BUFX2_365/Y ->     INVX1_219/A
   6149.8 ps                     _7116_:     INVX1_219/Y ->    BUFX2_1167/A
   6429.8 ps             _7116__bF_buf3:    BUFX2_1167/Y ->   NAND2X1_888/B
   6562.3 ps                     _7159_:   NAND2X1_888/Y ->   AOI21X1_494/A
   6666.8 ps                 _7115__21_:   AOI21X1_494/Y -> DFFPOSX1_1206/D

   clock skew at destination = 158.92
   setup at destination = 323.402

Path DFFPOSX1_1220/CLK to DFFPOSX1_1204/D delay 7149.11 ps
      0.0 ps                clk_bF_buf0:   CLKBUF1_114/Y -> DFFPOSX1_1220/CLK
    308.0 ps         control_1_state_3_: DFFPOSX1_1220/Q ->     INVX1_224/A
    469.3 ps                       _23_:     INVX1_224/Y ->   NAND2X1_912/B
    931.7 ps                       _24_:   NAND2X1_912/Y ->   OAI22X1_109/B
   1359.8 ps                       IorD:   OAI22X1_109/Y ->     BUFX2_329/A
   1691.5 ps               IorD_bF_buf6:     BUFX2_329/Y ->    NOR2X1_154/A
   1872.3 ps                       _38_:    NOR2X1_154/Y ->   NAND2X1_923/B
   2077.0 ps                 ALUSrcB_1_:   NAND2X1_923/Y ->    BUFX2_1263/A
   2362.8 ps         ALUSrcB_1_bF_buf2_:    BUFX2_1263/Y ->    NOR2X1_143/A
   2595.0 ps                     _6551_:    NOR2X1_143/Y ->    BUFX2_1266/A
   2933.2 ps             _6551__bF_buf4:    BUFX2_1266/Y ->   AOI22X1_106/A
   3094.0 ps                     _6613_:   AOI22X1_106/Y ->  NAND3X1_1321/C
   3345.3 ps  datapath_1_ALU_aluInB_20_:  NAND3X1_1321/Y ->   NAND2X1_930/B
   3669.0 ps                       _94_:   NAND2X1_930/Y ->   NAND2X1_931/A
   4135.7 ps                       _95_:   NAND2X1_931/Y ->     INVX1_243/A
   4361.0 ps                       _96_:     INVX1_243/Y ->    NOR2X1_170/A
   4577.1 ps                      _103_:    NOR2X1_170/Y ->   NAND2X1_935/B
   4779.9 ps                      _104_:   NAND2X1_935/Y ->    NOR2X1_175/A
   4954.0 ps                      _127_:    NOR2X1_175/Y ->  NAND3X1_1366/A
   5188.7 ps                      _227_:  NAND3X1_1366/Y ->  OAI21X1_1439/B
   5341.0 ps                      _234_:  OAI21X1_1439/Y ->   AOI21X1_515/C
   5432.3 ps     datapath_1_ALU_aluZero:   AOI21X1_515/Y ->  NAND2X1_1057/A
   5537.8 ps                      _858_:  NAND2X1_1057/Y ->  NAND2X1_1058/B
   5722.3 ps            datapath_1_PCEn:  NAND2X1_1058/Y ->     BUFX2_365/A
   5956.0 ps    datapath_1_PCEn_bF_buf0:     BUFX2_365/Y ->     INVX1_219/A
   6149.8 ps                     _7116_:     INVX1_219/Y ->    BUFX2_1166/A
   6429.8 ps             _7116__bF_buf4:    BUFX2_1166/Y ->   NAND2X1_884/B
   6562.3 ps                     _7155_:   NAND2X1_884/Y ->   AOI21X1_492/A
   6666.8 ps                 _7115__19_:   AOI21X1_492/Y -> DFFPOSX1_1204/D

   clock skew at destination = 158.92
   setup at destination = 323.402

Path DFFPOSX1_1220/CLK to DFFPOSX1_1196/D delay 7149.11 ps
      0.0 ps                clk_bF_buf0:   CLKBUF1_114/Y -> DFFPOSX1_1220/CLK
    308.0 ps         control_1_state_3_: DFFPOSX1_1220/Q ->     INVX1_224/A
    469.3 ps                       _23_:     INVX1_224/Y ->   NAND2X1_912/B
    931.7 ps                       _24_:   NAND2X1_912/Y ->   OAI22X1_109/B
   1359.8 ps                       IorD:   OAI22X1_109/Y ->     BUFX2_329/A
   1691.5 ps               IorD_bF_buf6:     BUFX2_329/Y ->    NOR2X1_154/A
   1872.3 ps                       _38_:    NOR2X1_154/Y ->   NAND2X1_923/B
   2077.0 ps                 ALUSrcB_1_:   NAND2X1_923/Y ->    BUFX2_1263/A
   2362.8 ps         ALUSrcB_1_bF_buf2_:    BUFX2_1263/Y ->    NOR2X1_143/A
   2595.0 ps                     _6551_:    NOR2X1_143/Y ->    BUFX2_1266/A
   2933.2 ps             _6551__bF_buf4:    BUFX2_1266/Y ->   AOI22X1_106/A
   3094.0 ps                     _6613_:   AOI22X1_106/Y ->  NAND3X1_1321/C
   3345.3 ps  datapath_1_ALU_aluInB_20_:  NAND3X1_1321/Y ->   NAND2X1_930/B
   3669.0 ps                       _94_:   NAND2X1_930/Y ->   NAND2X1_931/A
   4135.7 ps                       _95_:   NAND2X1_931/Y ->     INVX1_243/A
   4361.0 ps                       _96_:     INVX1_243/Y ->    NOR2X1_170/A
   4577.1 ps                      _103_:    NOR2X1_170/Y ->   NAND2X1_935/B
   4779.9 ps                      _104_:   NAND2X1_935/Y ->    NOR2X1_175/A
   4954.0 ps                      _127_:    NOR2X1_175/Y ->  NAND3X1_1366/A
   5188.7 ps                      _227_:  NAND3X1_1366/Y ->  OAI21X1_1439/B
   5341.0 ps                      _234_:  OAI21X1_1439/Y ->   AOI21X1_515/C
   5432.3 ps     datapath_1_ALU_aluZero:   AOI21X1_515/Y ->  NAND2X1_1057/A
   5537.8 ps                      _858_:  NAND2X1_1057/Y ->  NAND2X1_1058/B
   5722.3 ps            datapath_1_PCEn:  NAND2X1_1058/Y ->     BUFX2_365/A
   5956.0 ps    datapath_1_PCEn_bF_buf0:     BUFX2_365/Y ->     INVX1_219/A
   6149.8 ps                     _7116_:     INVX1_219/Y ->    BUFX2_1166/A
   6429.8 ps             _7116__bF_buf4:    BUFX2_1166/Y ->   NAND2X1_868/B
   6562.3 ps                     _7139_:   NAND2X1_868/Y ->   AOI21X1_484/A
   6666.8 ps                 _7115__11_:   AOI21X1_484/Y -> DFFPOSX1_1196/D

   clock skew at destination = 158.92
   setup at destination = 323.402

Path DFFPOSX1_1220/CLK to DFFPOSX1_1054/D delay 7132.23 ps
      0.0 ps                   clk_bF_buf0:   CLKBUF1_114/Y -> DFFPOSX1_1220/CLK
    308.0 ps            control_1_state_3_: DFFPOSX1_1220/Q ->     INVX1_224/A
    469.3 ps                          _23_:     INVX1_224/Y ->   NAND2X1_912/B
    931.7 ps                          _24_:   NAND2X1_912/Y ->   OAI22X1_109/B
   1359.8 ps                          IorD:   OAI22X1_109/Y ->     BUFX2_329/A
   1691.5 ps                  IorD_bF_buf6:     BUFX2_329/Y ->    NOR2X1_154/A
   1872.3 ps                          _38_:    NOR2X1_154/Y ->   NAND2X1_923/B
   2077.0 ps                    ALUSrcB_1_:   NAND2X1_923/Y ->    BUFX2_1263/A
   2362.8 ps            ALUSrcB_1_bF_buf2_:    BUFX2_1263/Y ->    NOR2X1_143/A
   2595.0 ps                        _6551_:    NOR2X1_143/Y ->    BUFX2_1267/A
   2933.2 ps                _6551__bF_buf3:    BUFX2_1267/Y ->    AOI22X1_88/A
   3094.0 ps                        _6559_:    AOI22X1_88/Y ->  NAND3X1_1267/C
   3514.5 ps      datapath_1_ALU_aluInB_2_:  NAND3X1_1267/Y ->     INVX1_295/A
   3787.4 ps                         _283_:     INVX1_295/Y ->   NAND2X1_968/B
   3991.8 ps                         _296_:   NAND2X1_968/Y ->  OAI21X1_1461/A
   4223.5 ps                         _321_:  OAI21X1_1461/Y ->   AOI21X1_518/C
   4497.9 ps                         _322_:   AOI21X1_518/Y ->  OAI21X1_1488/B
   4808.5 ps                         _403_:  OAI21X1_1488/Y ->   AOI21X1_538/A
   5149.0 ps                         _551_:   AOI21X1_538/Y ->  OAI21X1_1585/B
   5524.2 ps                         _698_:  OAI21X1_1585/Y ->   AOI21X1_564/A
   5833.2 ps                         _776_:   AOI21X1_564/Y ->  OAI21X1_1625/B
   6021.4 ps                         _809_:  OAI21X1_1625/Y ->  OAI21X1_1629/B
   6149.1 ps                         _818_:  OAI21X1_1629/Y ->     AND2X2_34/A
   6311.8 ps                         _822_:     AND2X2_34/Y ->  OAI21X1_1631/C
   6447.1 ps  datapath_1_ALU_aluResult_29_:  OAI21X1_1631/Y ->   NAND2X1_583/B
   6574.1 ps                        _6844_:   NAND2X1_583/Y ->   AOI21X1_342/B
   6662.2 ps                    _6785__29_:   AOI21X1_342/Y -> DFFPOSX1_1054/D

   clock skew at destination = 158.92
   setup at destination = 311.138

Computed maximum clock frequency (zero margin) = 133.515 MHz
-----------------------------------------

Number of paths analyzed:  1285

Top 20 minimum delay paths:
Path DFFPOSX1_996/CLK to DFFPOSX1_996/D delay 219.381 ps
      0.0 ps                                clk_bF_buf89:   CLKBUF1_25/Y -> DFFPOSX1_996/CLK
    157.4 ps  datapath_1_RegisterFile_regfile_mem_31__3_: DFFPOSX1_996/Q ->  NAND2X1_395/A
    253.7 ps                                      _6354_:  NAND2X1_395/Y -> OAI21X1_1288/C
    317.7 ps                                      _1440_: OAI21X1_1288/Y -> DFFPOSX1_996/D

   clock skew at destination = 0
   hold at destination = -98.2738

Path DFFPOSX1_1008/CLK to DFFPOSX1_1008/D delay 219.381 ps
      0.0 ps                                  clk_bF_buf3:   CLKBUF1_111/Y -> DFFPOSX1_1008/CLK
    157.4 ps  datapath_1_RegisterFile_regfile_mem_31__15_: DFFPOSX1_1008/Q ->   NAND2X1_407/A
    253.7 ps                                       _6366_:   NAND2X1_407/Y ->  OAI21X1_1300/C
    317.7 ps                                       _1424_:  OAI21X1_1300/Y -> DFFPOSX1_1008/D

   clock skew at destination = 0
   hold at destination = -98.2738

Path DFFPOSX1_1024/CLK to DFFPOSX1_1024/D delay 219.381 ps
      0.0 ps                                 clk_bF_buf86:    CLKBUF1_28/Y -> DFFPOSX1_1024/CLK
    157.4 ps  datapath_1_RegisterFile_regfile_mem_31__31_: DFFPOSX1_1024/Q ->   NAND2X1_423/A
    253.7 ps                                       _6382_:   NAND2X1_423/Y ->  OAI21X1_1316/C
    317.7 ps                                       _1860_:  OAI21X1_1316/Y -> DFFPOSX1_1024/D

   clock skew at destination = 0
   hold at destination = -98.2738

Path DFFPOSX1_1020/CLK to DFFPOSX1_1020/D delay 219.381 ps
      0.0 ps                                 clk_bF_buf86:    CLKBUF1_28/Y -> DFFPOSX1_1020/CLK
    157.4 ps  datapath_1_RegisterFile_regfile_mem_31__27_: DFFPOSX1_1020/Q ->   NAND2X1_419/A
    253.7 ps                                       _6378_:   NAND2X1_419/Y ->  OAI21X1_1312/C
    317.7 ps                                       _1435_:  OAI21X1_1312/Y -> DFFPOSX1_1020/D

   clock skew at destination = 0
   hold at destination = -98.2738

Path DFFPOSX1_1007/CLK to DFFPOSX1_1007/D delay 219.381 ps
      0.0 ps                                 clk_bF_buf86:    CLKBUF1_28/Y -> DFFPOSX1_1007/CLK
    157.4 ps  datapath_1_RegisterFile_regfile_mem_31__14_: DFFPOSX1_1007/Q ->   NAND2X1_406/A
    253.7 ps                                       _6365_:   NAND2X1_406/Y ->  OAI21X1_1299/C
    317.7 ps                                       _1423_:  OAI21X1_1299/Y -> DFFPOSX1_1007/D

   clock skew at destination = 0
   hold at destination = -98.2738

Path DFFPOSX1_1005/CLK to DFFPOSX1_1005/D delay 219.381 ps
      0.0 ps                                 clk_bF_buf51:    CLKBUF1_63/Y -> DFFPOSX1_1005/CLK
    157.4 ps  datapath_1_RegisterFile_regfile_mem_31__12_: DFFPOSX1_1005/Q ->   NAND2X1_404/A
    253.7 ps                                       _6363_:   NAND2X1_404/Y ->  OAI21X1_1297/C
    317.7 ps                                       _1421_:  OAI21X1_1297/Y -> DFFPOSX1_1005/D

   clock skew at destination = 0
   hold at destination = -98.2738

Path DFFPOSX1_1013/CLK to DFFPOSX1_1013/D delay 219.381 ps
      0.0 ps                                 clk_bF_buf49:    CLKBUF1_65/Y -> DFFPOSX1_1013/CLK
    157.4 ps  datapath_1_RegisterFile_regfile_mem_31__20_: DFFPOSX1_1013/Q ->   NAND2X1_412/A
    253.7 ps                                       _6371_:   NAND2X1_412/Y ->  OAI21X1_1305/C
    317.7 ps                                       _1429_:  OAI21X1_1305/Y -> DFFPOSX1_1013/D

   clock skew at destination = 0
   hold at destination = -98.2738

Path DFFPOSX1_1003/CLK to DFFPOSX1_1003/D delay 219.381 ps
      0.0 ps                                 clk_bF_buf13:   CLKBUF1_101/Y -> DFFPOSX1_1003/CLK
    157.4 ps  datapath_1_RegisterFile_regfile_mem_31__10_: DFFPOSX1_1003/Q ->   NAND2X1_402/A
    253.7 ps                                       _6361_:   NAND2X1_402/Y ->  OAI21X1_1295/C
    317.7 ps                                       _1420_:  OAI21X1_1295/Y -> DFFPOSX1_1003/D

   clock skew at destination = 0
   hold at destination = -98.2738

Path DFFPOSX1_1063/CLK to DFFPOSX1_1063/D delay 220.957 ps
      0.0 ps     clk_bF_buf52:    CLKBUF1_62/Y -> DFFPOSX1_1063/CLK
    123.9 ps  datapath_1_A_6_: DFFPOSX1_1063/Q ->   NAND2X1_602/A
    234.0 ps           _6865_:   NAND2X1_602/Y ->   AOI21X1_351/A
    322.2 ps        _6851__6_:   AOI21X1_351/Y -> DFFPOSX1_1063/D

   clock skew at destination = 0
   hold at destination = -101.197

Path DFFPOSX1_1078/CLK to DFFPOSX1_1078/D delay 220.957 ps
      0.0 ps      clk_bF_buf57:    CLKBUF1_57/Y -> DFFPOSX1_1078/CLK
    123.9 ps  datapath_1_A_21_: DFFPOSX1_1078/Q ->   NAND2X1_632/A
    234.0 ps            _6895_:   NAND2X1_632/Y ->   AOI21X1_366/A
    322.2 ps        _6851__21_:   AOI21X1_366/Y -> DFFPOSX1_1078/D

   clock skew at destination = 0
   hold at destination = -101.197

Path DFFPOSX1_1080/CLK to DFFPOSX1_1080/D delay 220.957 ps
      0.0 ps     clk_bF_buf104:    CLKBUF1_10/Y -> DFFPOSX1_1080/CLK
    123.9 ps  datapath_1_A_23_: DFFPOSX1_1080/Q ->   NAND2X1_636/A
    234.0 ps            _6899_:   NAND2X1_636/Y ->   AOI21X1_368/A
    322.2 ps        _6851__23_:   AOI21X1_368/Y -> DFFPOSX1_1080/D

   clock skew at destination = 0
   hold at destination = -101.197

Path DFFPOSX1_1065/CLK to DFFPOSX1_1065/D delay 220.957 ps
      0.0 ps     clk_bF_buf91:    CLKBUF1_23/Y -> DFFPOSX1_1065/CLK
    123.9 ps  datapath_1_A_8_: DFFPOSX1_1065/Q ->   NAND2X1_606/A
    234.0 ps           _6869_:   NAND2X1_606/Y ->   AOI21X1_353/A
    322.2 ps        _6851__8_:   AOI21X1_353/Y -> DFFPOSX1_1065/D

   clock skew at destination = 0
   hold at destination = -101.197

Path DFFPOSX1_1083/CLK to DFFPOSX1_1083/D delay 220.957 ps
      0.0 ps      clk_bF_buf43:    CLKBUF1_71/Y -> DFFPOSX1_1083/CLK
    123.9 ps  datapath_1_A_26_: DFFPOSX1_1083/Q ->   NAND2X1_642/A
    234.0 ps            _6905_:   NAND2X1_642/Y ->   AOI21X1_371/A
    322.2 ps        _6851__26_:   AOI21X1_371/Y -> DFFPOSX1_1083/D

   clock skew at destination = 0
   hold at destination = -101.197

Path DFFPOSX1_1088/CLK to DFFPOSX1_1088/D delay 220.957 ps
      0.0 ps      clk_bF_buf43:    CLKBUF1_71/Y -> DFFPOSX1_1088/CLK
    123.9 ps  datapath_1_A_31_: DFFPOSX1_1088/Q ->   NAND2X1_652/A
    234.0 ps            _6915_:   NAND2X1_652/Y ->   AOI21X1_376/A
    322.2 ps        _6851__31_:   AOI21X1_376/Y -> DFFPOSX1_1088/D

   clock skew at destination = 0
   hold at destination = -101.197

Path DFFPOSX1_1066/CLK to DFFPOSX1_1066/D delay 220.957 ps
      0.0 ps     clk_bF_buf97:    CLKBUF1_17/Y -> DFFPOSX1_1066/CLK
    123.9 ps  datapath_1_A_9_: DFFPOSX1_1066/Q ->   NAND2X1_608/A
    234.0 ps           _6871_:   NAND2X1_608/Y ->   AOI21X1_354/A
    322.2 ps        _6851__9_:   AOI21X1_354/Y -> DFFPOSX1_1066/D

   clock skew at destination = 0
   hold at destination = -101.197

Path DFFPOSX1_1062/CLK to DFFPOSX1_1062/D delay 220.957 ps
      0.0 ps     clk_bF_buf88:    CLKBUF1_26/Y -> DFFPOSX1_1062/CLK
    123.9 ps  datapath_1_A_5_: DFFPOSX1_1062/Q ->   NAND2X1_600/A
    234.0 ps           _6863_:   NAND2X1_600/Y ->   AOI21X1_350/A
    322.2 ps        _6851__5_:   AOI21X1_350/Y -> DFFPOSX1_1062/D

   clock skew at destination = 0
   hold at destination = -101.197

Path DFFPOSX1_1061/CLK to DFFPOSX1_1061/D delay 220.957 ps
      0.0 ps     clk_bF_buf43:    CLKBUF1_71/Y -> DFFPOSX1_1061/CLK
    123.9 ps  datapath_1_A_4_: DFFPOSX1_1061/Q ->   NAND2X1_598/A
    234.0 ps           _6861_:   NAND2X1_598/Y ->   AOI21X1_349/A
    322.2 ps        _6851__4_:   AOI21X1_349/Y -> DFFPOSX1_1061/D

   clock skew at destination = 0
   hold at destination = -101.197

Path DFFPOSX1_1087/CLK to DFFPOSX1_1087/D delay 220.957 ps
      0.0 ps      clk_bF_buf97:    CLKBUF1_17/Y -> DFFPOSX1_1087/CLK
    123.9 ps  datapath_1_A_30_: DFFPOSX1_1087/Q ->   NAND2X1_650/A
    234.0 ps            _6913_:   NAND2X1_650/Y ->   AOI21X1_375/A
    322.2 ps        _6851__30_:   AOI21X1_375/Y -> DFFPOSX1_1087/D

   clock skew at destination = 0
   hold at destination = -101.197

Path DFFPOSX1_1074/CLK to DFFPOSX1_1074/D delay 220.957 ps
      0.0 ps      clk_bF_buf52:    CLKBUF1_62/Y -> DFFPOSX1_1074/CLK
    123.9 ps  datapath_1_A_17_: DFFPOSX1_1074/Q ->   NAND2X1_624/A
    234.0 ps            _6887_:   NAND2X1_624/Y ->   AOI21X1_362/A
    322.2 ps        _6851__17_:   AOI21X1_362/Y -> DFFPOSX1_1074/D

   clock skew at destination = 0
   hold at destination = -101.197

Path DFFPOSX1_1071/CLK to DFFPOSX1_1071/D delay 220.957 ps
      0.0 ps      clk_bF_buf57:    CLKBUF1_57/Y -> DFFPOSX1_1071/CLK
    123.9 ps  datapath_1_A_14_: DFFPOSX1_1071/Q ->   NAND2X1_618/A
    234.0 ps            _6881_:   NAND2X1_618/Y ->   AOI21X1_359/A
    322.2 ps        _6851__14_:   AOI21X1_359/Y -> DFFPOSX1_1071/D

   clock skew at destination = 0
   hold at destination = -101.197

Design meets minimum hold timing.
-----------------------------------------

Number of paths analyzed:  2440

Top 20 maximum delay paths:
Path input pin rst to DFFPOSX1_460/D delay 3960.79 ps
      0.0 ps                   rst:               ->    BUFX2_636/A
    389.2 ps           rst_bF_buf8:   BUFX2_636/Y ->    INVX1_102/A
    777.1 ps                _5265_:   INVX1_102/Y ->     BUFX2_59/A
   1080.2 ps  _5265__hier0_bF_buf5:    BUFX2_59/Y ->    BUFX2_707/A
   1427.9 ps       _5265__bF_buf47:   BUFX2_707/Y ->  NAND2X1_327/B
   1715.3 ps                _5266_: NAND2X1_327/Y ->    INVX1_105/A
   1970.0 ps                _5272_:   INVX1_105/Y ->    BUFX2_213/A
   2225.1 ps        _5272__bF_buf2:   BUFX2_213/Y ->  NAND2X1_362/B
   2347.1 ps                _5340_: NAND2X1_362/Y ->   NOR2X1_133/B
   2667.4 ps                _5341_:  NOR2X1_133/Y ->  NAND2X1_363/A
   3056.7 ps                _5342_: NAND2X1_363/Y ->    BUFX2_405/A
   3440.4 ps        _5342__bF_buf6:   BUFX2_405/Y ->  NAND3X1_209/C
   3591.1 ps                _5354_: NAND3X1_209/Y ->  OAI21X1_334/C
   3679.0 ps                _1620_: OAI21X1_334/Y -> DFFPOSX1_460/D

   setup at destination = 281.814

Path input pin rst to DFFPOSX1_470/D delay 3960.79 ps
      0.0 ps                   rst:               ->    BUFX2_636/A
    389.2 ps           rst_bF_buf8:   BUFX2_636/Y ->    INVX1_102/A
    777.1 ps                _5265_:   INVX1_102/Y ->     BUFX2_59/A
   1080.2 ps  _5265__hier0_bF_buf5:    BUFX2_59/Y ->    BUFX2_707/A
   1427.9 ps       _5265__bF_buf47:   BUFX2_707/Y ->  NAND2X1_327/B
   1715.3 ps                _5266_: NAND2X1_327/Y ->    INVX1_105/A
   1970.0 ps                _5272_:   INVX1_105/Y ->    BUFX2_213/A
   2225.1 ps        _5272__bF_buf2:   BUFX2_213/Y ->  NAND2X1_362/B
   2347.1 ps                _5340_: NAND2X1_362/Y ->   NOR2X1_133/B
   2667.4 ps                _5341_:  NOR2X1_133/Y ->  NAND2X1_363/A
   3056.7 ps                _5342_: NAND2X1_363/Y ->    BUFX2_405/A
   3440.4 ps        _5342__bF_buf6:   BUFX2_405/Y ->  NAND3X1_219/C
   3591.1 ps                _5364_: NAND3X1_219/Y ->  OAI21X1_344/C
   3679.0 ps                _1625_: OAI21X1_344/Y -> DFFPOSX1_470/D

   setup at destination = 281.814

Path input pin rst to DFFPOSX1_474/D delay 3960.79 ps
      0.0 ps                   rst:               ->    BUFX2_636/A
    389.2 ps           rst_bF_buf8:   BUFX2_636/Y ->    INVX1_102/A
    777.1 ps                _5265_:   INVX1_102/Y ->     BUFX2_59/A
   1080.2 ps  _5265__hier0_bF_buf5:    BUFX2_59/Y ->    BUFX2_707/A
   1427.9 ps       _5265__bF_buf47:   BUFX2_707/Y ->  NAND2X1_327/B
   1715.3 ps                _5266_: NAND2X1_327/Y ->    INVX1_105/A
   1970.0 ps                _5272_:   INVX1_105/Y ->    BUFX2_213/A
   2225.1 ps        _5272__bF_buf2:   BUFX2_213/Y ->  NAND2X1_362/B
   2347.1 ps                _5340_: NAND2X1_362/Y ->   NOR2X1_133/B
   2667.4 ps                _5341_:  NOR2X1_133/Y ->  NAND2X1_363/A
   3056.7 ps                _5342_: NAND2X1_363/Y ->    BUFX2_405/A
   3440.4 ps        _5342__bF_buf6:   BUFX2_405/Y ->  NAND3X1_223/C
   3591.1 ps                _5368_: NAND3X1_223/Y ->  OAI21X1_348/C
   3679.0 ps                _1137_: OAI21X1_348/Y -> DFFPOSX1_474/D

   setup at destination = 281.814

Path input pin rst to DFFPOSX1_465/D delay 3960.79 ps
      0.0 ps                   rst:               ->    BUFX2_636/A
    389.2 ps           rst_bF_buf8:   BUFX2_636/Y ->    INVX1_102/A
    777.1 ps                _5265_:   INVX1_102/Y ->     BUFX2_59/A
   1080.2 ps  _5265__hier0_bF_buf5:    BUFX2_59/Y ->    BUFX2_707/A
   1427.9 ps       _5265__bF_buf47:   BUFX2_707/Y ->  NAND2X1_327/B
   1715.3 ps                _5266_: NAND2X1_327/Y ->    INVX1_105/A
   1970.0 ps                _5272_:   INVX1_105/Y ->    BUFX2_213/A
   2225.1 ps        _5272__bF_buf2:   BUFX2_213/Y ->  NAND2X1_362/B
   2347.1 ps                _5340_: NAND2X1_362/Y ->   NOR2X1_133/B
   2667.4 ps                _5341_:  NOR2X1_133/Y ->  NAND2X1_363/A
   3056.7 ps                _5342_: NAND2X1_363/Y ->    BUFX2_406/A
   3440.4 ps        _5342__bF_buf5:   BUFX2_406/Y ->  NAND3X1_214/C
   3591.1 ps                _5359_: NAND3X1_214/Y ->  OAI21X1_339/C
   3679.0 ps                _1621_: OAI21X1_339/Y -> DFFPOSX1_465/D

   setup at destination = 281.814

Path input pin rst to DFFPOSX1_468/D delay 3960.79 ps
      0.0 ps                   rst:               ->    BUFX2_636/A
    389.2 ps           rst_bF_buf8:   BUFX2_636/Y ->    INVX1_102/A
    777.1 ps                _5265_:   INVX1_102/Y ->     BUFX2_59/A
   1080.2 ps  _5265__hier0_bF_buf5:    BUFX2_59/Y ->    BUFX2_707/A
   1427.9 ps       _5265__bF_buf47:   BUFX2_707/Y ->  NAND2X1_327/B
   1715.3 ps                _5266_: NAND2X1_327/Y ->    INVX1_105/A
   1970.0 ps                _5272_:   INVX1_105/Y ->    BUFX2_213/A
   2225.1 ps        _5272__bF_buf2:   BUFX2_213/Y ->  NAND2X1_362/B
   2347.1 ps                _5340_: NAND2X1_362/Y ->   NOR2X1_133/B
   2667.4 ps                _5341_:  NOR2X1_133/Y ->  NAND2X1_363/A
   3056.7 ps                _5342_: NAND2X1_363/Y ->    BUFX2_406/A
   3440.4 ps        _5342__bF_buf5:   BUFX2_406/Y ->  NAND3X1_217/C
   3591.1 ps                _5362_: NAND3X1_217/Y ->  OAI21X1_342/C
   3679.0 ps                _1623_: OAI21X1_342/Y -> DFFPOSX1_468/D

   setup at destination = 281.814

Path input pin rst to DFFPOSX1_478/D delay 3960.79 ps
      0.0 ps                   rst:               ->    BUFX2_636/A
    389.2 ps           rst_bF_buf8:   BUFX2_636/Y ->    INVX1_102/A
    777.1 ps                _5265_:   INVX1_102/Y ->     BUFX2_59/A
   1080.2 ps  _5265__hier0_bF_buf5:    BUFX2_59/Y ->    BUFX2_707/A
   1427.9 ps       _5265__bF_buf47:   BUFX2_707/Y ->  NAND2X1_327/B
   1715.3 ps                _5266_: NAND2X1_327/Y ->    INVX1_105/A
   1970.0 ps                _5272_:   INVX1_105/Y ->    BUFX2_213/A
   2225.1 ps        _5272__bF_buf2:   BUFX2_213/Y ->  NAND2X1_362/B
   2347.1 ps                _5340_: NAND2X1_362/Y ->   NOR2X1_133/B
   2667.4 ps                _5341_:  NOR2X1_133/Y ->  NAND2X1_363/A
   3056.7 ps                _5342_: NAND2X1_363/Y ->    BUFX2_406/A
   3440.4 ps        _5342__bF_buf5:   BUFX2_406/Y ->  NAND3X1_227/C
   3591.1 ps                _5372_: NAND3X1_227/Y ->  OAI21X1_352/C
   3679.0 ps                _1140_: OAI21X1_352/Y -> DFFPOSX1_478/D

   setup at destination = 281.814

Path input pin rst to DFFPOSX1_450/D delay 3960.79 ps
      0.0 ps                   rst:               ->    BUFX2_636/A
    389.2 ps           rst_bF_buf8:   BUFX2_636/Y ->    INVX1_102/A
    777.1 ps                _5265_:   INVX1_102/Y ->     BUFX2_59/A
   1080.2 ps  _5265__hier0_bF_buf5:    BUFX2_59/Y ->    BUFX2_707/A
   1427.9 ps       _5265__bF_buf47:   BUFX2_707/Y ->  NAND2X1_327/B
   1715.3 ps                _5266_: NAND2X1_327/Y ->    INVX1_105/A
   1970.0 ps                _5272_:   INVX1_105/Y ->    BUFX2_213/A
   2225.1 ps        _5272__bF_buf2:   BUFX2_213/Y ->  NAND2X1_362/B
   2347.1 ps                _5340_: NAND2X1_362/Y ->   NOR2X1_133/B
   2667.4 ps                _5341_:  NOR2X1_133/Y ->  NAND2X1_363/A
   3056.7 ps                _5342_: NAND2X1_363/Y ->    BUFX2_408/A
   3440.4 ps        _5342__bF_buf3:   BUFX2_408/Y ->  NAND3X1_199/C
   3591.1 ps                _5344_: NAND3X1_199/Y ->  OAI21X1_324/C
   3679.0 ps                _1618_: OAI21X1_324/Y -> DFFPOSX1_450/D

   setup at destination = 281.814

Path input pin rst to DFFPOSX1_451/D delay 3960.79 ps
      0.0 ps                   rst:               ->    BUFX2_636/A
    389.2 ps           rst_bF_buf8:   BUFX2_636/Y ->    INVX1_102/A
    777.1 ps                _5265_:   INVX1_102/Y ->     BUFX2_59/A
   1080.2 ps  _5265__hier0_bF_buf5:    BUFX2_59/Y ->    BUFX2_707/A
   1427.9 ps       _5265__bF_buf47:   BUFX2_707/Y ->  NAND2X1_327/B
   1715.3 ps                _5266_: NAND2X1_327/Y ->    INVX1_105/A
   1970.0 ps                _5272_:   INVX1_105/Y ->    BUFX2_213/A
   2225.1 ps        _5272__bF_buf2:   BUFX2_213/Y ->  NAND2X1_362/B
   2347.1 ps                _5340_: NAND2X1_362/Y ->   NOR2X1_133/B
   2667.4 ps                _5341_:  NOR2X1_133/Y ->  NAND2X1_363/A
   3056.7 ps                _5342_: NAND2X1_363/Y ->    BUFX2_408/A
   3440.4 ps        _5342__bF_buf3:   BUFX2_408/Y ->  NAND3X1_200/C
   3591.1 ps                _5345_: NAND3X1_200/Y ->  OAI21X1_325/C
   3679.0 ps                _1141_: OAI21X1_325/Y -> DFFPOSX1_451/D

   setup at destination = 281.814

Path input pin rst to DFFPOSX1_452/D delay 3960.79 ps
      0.0 ps                   rst:               ->    BUFX2_636/A
    389.2 ps           rst_bF_buf8:   BUFX2_636/Y ->    INVX1_102/A
    777.1 ps                _5265_:   INVX1_102/Y ->     BUFX2_59/A
   1080.2 ps  _5265__hier0_bF_buf5:    BUFX2_59/Y ->    BUFX2_707/A
   1427.9 ps       _5265__bF_buf47:   BUFX2_707/Y ->  NAND2X1_327/B
   1715.3 ps                _5266_: NAND2X1_327/Y ->    INVX1_105/A
   1970.0 ps                _5272_:   INVX1_105/Y ->    BUFX2_213/A
   2225.1 ps        _5272__bF_buf2:   BUFX2_213/Y ->  NAND2X1_362/B
   2347.1 ps                _5340_: NAND2X1_362/Y ->   NOR2X1_133/B
   2667.4 ps                _5341_:  NOR2X1_133/Y ->  NAND2X1_363/A
   3056.7 ps                _5342_: NAND2X1_363/Y ->    BUFX2_408/A
   3440.4 ps        _5342__bF_buf3:   BUFX2_408/Y ->  NAND3X1_201/C
   3591.1 ps                _5346_: NAND3X1_201/Y ->  OAI21X1_326/C
   3679.0 ps                _1143_: OAI21X1_326/Y -> DFFPOSX1_452/D

   setup at destination = 281.814

Path input pin rst to DFFPOSX1_461/D delay 3960.79 ps
      0.0 ps                   rst:               ->    BUFX2_636/A
    389.2 ps           rst_bF_buf8:   BUFX2_636/Y ->    INVX1_102/A
    777.1 ps                _5265_:   INVX1_102/Y ->     BUFX2_59/A
   1080.2 ps  _5265__hier0_bF_buf5:    BUFX2_59/Y ->    BUFX2_707/A
   1427.9 ps       _5265__bF_buf47:   BUFX2_707/Y ->  NAND2X1_327/B
   1715.3 ps                _5266_: NAND2X1_327/Y ->    INVX1_105/A
   1970.0 ps                _5272_:   INVX1_105/Y ->    BUFX2_213/A
   2225.1 ps        _5272__bF_buf2:   BUFX2_213/Y ->  NAND2X1_362/B
   2347.1 ps                _5340_: NAND2X1_362/Y ->   NOR2X1_133/B
   2667.4 ps                _5341_:  NOR2X1_133/Y ->  NAND2X1_363/A
   3056.7 ps                _5342_: NAND2X1_363/Y ->    BUFX2_408/A
   3440.4 ps        _5342__bF_buf3:   BUFX2_408/Y ->  NAND3X1_210/C
   3591.1 ps                _5355_: NAND3X1_210/Y ->  OAI21X1_335/C
   3679.0 ps                _1130_: OAI21X1_335/Y -> DFFPOSX1_461/D

   setup at destination = 281.814

Path input pin rst to DFFPOSX1_453/D delay 3960.79 ps
      0.0 ps                   rst:               ->    BUFX2_636/A
    389.2 ps           rst_bF_buf8:   BUFX2_636/Y ->    INVX1_102/A
    777.1 ps                _5265_:   INVX1_102/Y ->     BUFX2_59/A
   1080.2 ps  _5265__hier0_bF_buf5:    BUFX2_59/Y ->    BUFX2_707/A
   1427.9 ps       _5265__bF_buf47:   BUFX2_707/Y ->  NAND2X1_327/B
   1715.3 ps                _5266_: NAND2X1_327/Y ->    INVX1_105/A
   1970.0 ps                _5272_:   INVX1_105/Y ->    BUFX2_213/A
   2225.1 ps        _5272__bF_buf2:   BUFX2_213/Y ->  NAND2X1_362/B
   2347.1 ps                _5340_: NAND2X1_362/Y ->   NOR2X1_133/B
   2667.4 ps                _5341_:  NOR2X1_133/Y ->  NAND2X1_363/A
   3056.7 ps                _5342_: NAND2X1_363/Y ->    BUFX2_409/A
   3440.4 ps        _5342__bF_buf2:   BUFX2_409/Y ->  NAND3X1_202/C
   3591.1 ps                _5347_: NAND3X1_202/Y ->  OAI21X1_327/C
   3679.0 ps                _1144_: OAI21X1_327/Y -> DFFPOSX1_453/D

   setup at destination = 281.814

Path input pin rst to DFFPOSX1_707/D delay 3960.79 ps
      0.0 ps                   rst:               ->    BUFX2_636/A
    389.2 ps           rst_bF_buf8:   BUFX2_636/Y ->    INVX1_102/A
    777.1 ps                _5265_:   INVX1_102/Y ->     BUFX2_59/A
   1080.2 ps  _5265__hier0_bF_buf5:    BUFX2_59/Y ->    BUFX2_707/A
   1427.9 ps       _5265__bF_buf47:   BUFX2_707/Y ->  NAND2X1_327/B
   1715.3 ps                _5266_: NAND2X1_327/Y ->    INVX1_105/A
   1970.0 ps                _5272_:   INVX1_105/Y ->    BUFX2_213/A
   2225.1 ps        _5272__bF_buf2:   BUFX2_213/Y ->  NAND2X1_362/B
   2347.1 ps                _5340_: NAND2X1_362/Y ->   NOR2X1_133/B
   2667.4 ps                _5341_:  NOR2X1_133/Y ->  NAND2X1_368/A
   3056.7 ps                _5479_: NAND2X1_368/Y ->    BUFX2_898/A
   3440.4 ps        _5479__bF_buf7:   BUFX2_898/Y ->  NAND3X1_328/C
   3591.1 ps                _5482_: NAND3X1_328/Y ->  OAI21X1_454/C
   3679.0 ps                _1525_: OAI21X1_454/Y -> DFFPOSX1_707/D

   setup at destination = 281.814

Path input pin rst to DFFPOSX1_726/D delay 3960.79 ps
      0.0 ps                   rst:               ->    BUFX2_636/A
    389.2 ps           rst_bF_buf8:   BUFX2_636/Y ->    INVX1_102/A
    777.1 ps                _5265_:   INVX1_102/Y ->     BUFX2_59/A
   1080.2 ps  _5265__hier0_bF_buf5:    BUFX2_59/Y ->    BUFX2_707/A
   1427.9 ps       _5265__bF_buf47:   BUFX2_707/Y ->  NAND2X1_327/B
   1715.3 ps                _5266_: NAND2X1_327/Y ->    INVX1_105/A
   1970.0 ps                _5272_:   INVX1_105/Y ->    BUFX2_213/A
   2225.1 ps        _5272__bF_buf2:   BUFX2_213/Y ->  NAND2X1_362/B
   2347.1 ps                _5340_: NAND2X1_362/Y ->   NOR2X1_133/B
   2667.4 ps                _5341_:  NOR2X1_133/Y ->  NAND2X1_368/A
   3056.7 ps                _5479_: NAND2X1_368/Y ->    BUFX2_898/A
   3440.4 ps        _5479__bF_buf7:   BUFX2_898/Y ->  NAND3X1_347/C
   3591.1 ps                _5501_: NAND3X1_347/Y ->  OAI21X1_473/C
   3679.0 ps                _1517_: OAI21X1_473/Y -> DFFPOSX1_726/D

   setup at destination = 281.814

Path input pin rst to DFFPOSX1_730/D delay 3960.79 ps
      0.0 ps                   rst:               ->    BUFX2_636/A
    389.2 ps           rst_bF_buf8:   BUFX2_636/Y ->    INVX1_102/A
    777.1 ps                _5265_:   INVX1_102/Y ->     BUFX2_59/A
   1080.2 ps  _5265__hier0_bF_buf5:    BUFX2_59/Y ->    BUFX2_707/A
   1427.9 ps       _5265__bF_buf47:   BUFX2_707/Y ->  NAND2X1_327/B
   1715.3 ps                _5266_: NAND2X1_327/Y ->    INVX1_105/A
   1970.0 ps                _5272_:   INVX1_105/Y ->    BUFX2_213/A
   2225.1 ps        _5272__bF_buf2:   BUFX2_213/Y ->  NAND2X1_362/B
   2347.1 ps                _5340_: NAND2X1_362/Y ->   NOR2X1_133/B
   2667.4 ps                _5341_:  NOR2X1_133/Y ->  NAND2X1_368/A
   3056.7 ps                _5479_: NAND2X1_368/Y ->    BUFX2_898/A
   3440.4 ps        _5479__bF_buf7:   BUFX2_898/Y ->  NAND3X1_351/C
   3591.1 ps                _5505_: NAND3X1_351/Y ->  OAI21X1_477/C
   3679.0 ps                _1640_: OAI21X1_477/Y -> DFFPOSX1_730/D

   setup at destination = 281.814

Path input pin rst to DFFPOSX1_709/D delay 3960.79 ps
      0.0 ps                   rst:               ->    BUFX2_636/A
    389.2 ps           rst_bF_buf8:   BUFX2_636/Y ->    INVX1_102/A
    777.1 ps                _5265_:   INVX1_102/Y ->     BUFX2_59/A
   1080.2 ps  _5265__hier0_bF_buf5:    BUFX2_59/Y ->    BUFX2_707/A
   1427.9 ps       _5265__bF_buf47:   BUFX2_707/Y ->  NAND2X1_327/B
   1715.3 ps                _5266_: NAND2X1_327/Y ->    INVX1_105/A
   1970.0 ps                _5272_:   INVX1_105/Y ->    BUFX2_213/A
   2225.1 ps        _5272__bF_buf2:   BUFX2_213/Y ->  NAND2X1_362/B
   2347.1 ps                _5340_: NAND2X1_362/Y ->   NOR2X1_133/B
   2667.4 ps                _5341_:  NOR2X1_133/Y ->  NAND2X1_368/A
   3056.7 ps                _5479_: NAND2X1_368/Y ->    BUFX2_899/A
   3440.4 ps        _5479__bF_buf6:   BUFX2_899/Y ->  NAND3X1_330/C
   3591.1 ps                _5484_: NAND3X1_330/Y ->  OAI21X1_456/C
   3679.0 ps                _1529_: OAI21X1_456/Y -> DFFPOSX1_709/D

   setup at destination = 281.814

Path input pin rst to DFFPOSX1_734/D delay 3960.79 ps
      0.0 ps                   rst:               ->    BUFX2_636/A
    389.2 ps           rst_bF_buf8:   BUFX2_636/Y ->    INVX1_102/A
    777.1 ps                _5265_:   INVX1_102/Y ->     BUFX2_59/A
   1080.2 ps  _5265__hier0_bF_buf5:    BUFX2_59/Y ->    BUFX2_707/A
   1427.9 ps       _5265__bF_buf47:   BUFX2_707/Y ->  NAND2X1_327/B
   1715.3 ps                _5266_: NAND2X1_327/Y ->    INVX1_105/A
   1970.0 ps                _5272_:   INVX1_105/Y ->    BUFX2_213/A
   2225.1 ps        _5272__bF_buf2:   BUFX2_213/Y ->  NAND2X1_362/B
   2347.1 ps                _5340_: NAND2X1_362/Y ->   NOR2X1_133/B
   2667.4 ps                _5341_:  NOR2X1_133/Y ->  NAND2X1_368/A
   3056.7 ps                _5479_: NAND2X1_368/Y ->    BUFX2_901/A
   3440.4 ps        _5479__bF_buf4:   BUFX2_901/Y ->  NAND3X1_355/C
   3591.1 ps                _5509_: NAND3X1_355/Y ->  OAI21X1_481/C
   3679.0 ps                _1524_: OAI21X1_481/Y -> DFFPOSX1_734/D

   setup at destination = 281.814

Path input pin rst to DFFPOSX1_706/D delay 3960.79 ps
      0.0 ps                   rst:               ->    BUFX2_636/A
    389.2 ps           rst_bF_buf8:   BUFX2_636/Y ->    INVX1_102/A
    777.1 ps                _5265_:   INVX1_102/Y ->     BUFX2_59/A
   1080.2 ps  _5265__hier0_bF_buf5:    BUFX2_59/Y ->    BUFX2_707/A
   1427.9 ps       _5265__bF_buf47:   BUFX2_707/Y ->  NAND2X1_327/B
   1715.3 ps                _5266_: NAND2X1_327/Y ->    INVX1_105/A
   1970.0 ps                _5272_:   INVX1_105/Y ->    BUFX2_213/A
   2225.1 ps        _5272__bF_buf2:   BUFX2_213/Y ->  NAND2X1_362/B
   2347.1 ps                _5340_: NAND2X1_362/Y ->   NOR2X1_133/B
   2667.4 ps                _5341_:  NOR2X1_133/Y ->  NAND2X1_368/A
   3056.7 ps                _5479_: NAND2X1_368/Y ->    BUFX2_904/A
   3440.4 ps        _5479__bF_buf1:   BUFX2_904/Y ->  NAND3X1_327/C
   3591.1 ps                _5481_: NAND3X1_327/Y ->  OAI21X1_453/C
   3679.0 ps                _1515_: OAI21X1_453/Y -> DFFPOSX1_706/D

   setup at destination = 281.814

Path input pin rst to DFFPOSX1_708/D delay 3960.79 ps
      0.0 ps                   rst:               ->    BUFX2_636/A
    389.2 ps           rst_bF_buf8:   BUFX2_636/Y ->    INVX1_102/A
    777.1 ps                _5265_:   INVX1_102/Y ->     BUFX2_59/A
   1080.2 ps  _5265__hier0_bF_buf5:    BUFX2_59/Y ->    BUFX2_707/A
   1427.9 ps       _5265__bF_buf47:   BUFX2_707/Y ->  NAND2X1_327/B
   1715.3 ps                _5266_: NAND2X1_327/Y ->    INVX1_105/A
   1970.0 ps                _5272_:   INVX1_105/Y ->    BUFX2_213/A
   2225.1 ps        _5272__bF_buf2:   BUFX2_213/Y ->  NAND2X1_362/B
   2347.1 ps                _5340_: NAND2X1_362/Y ->   NOR2X1_133/B
   2667.4 ps                _5341_:  NOR2X1_133/Y ->  NAND2X1_368/A
   3056.7 ps                _5479_: NAND2X1_368/Y ->    BUFX2_904/A
   3440.4 ps        _5479__bF_buf1:   BUFX2_904/Y ->  NAND3X1_329/C
   3591.1 ps                _5483_: NAND3X1_329/Y ->  OAI21X1_455/C
   3679.0 ps                _1528_: OAI21X1_455/Y -> DFFPOSX1_708/D

   setup at destination = 281.814

Path input pin rst to DFFPOSX1_717/D delay 3960.79 ps
      0.0 ps                   rst:               ->    BUFX2_636/A
    389.2 ps           rst_bF_buf8:   BUFX2_636/Y ->    INVX1_102/A
    777.1 ps                _5265_:   INVX1_102/Y ->     BUFX2_59/A
   1080.2 ps  _5265__hier0_bF_buf5:    BUFX2_59/Y ->    BUFX2_707/A
   1427.9 ps       _5265__bF_buf47:   BUFX2_707/Y ->  NAND2X1_327/B
   1715.3 ps                _5266_: NAND2X1_327/Y ->    INVX1_105/A
   1970.0 ps                _5272_:   INVX1_105/Y ->    BUFX2_213/A
   2225.1 ps        _5272__bF_buf2:   BUFX2_213/Y ->  NAND2X1_362/B
   2347.1 ps                _5340_: NAND2X1_362/Y ->   NOR2X1_133/B
   2667.4 ps                _5341_:  NOR2X1_133/Y ->  NAND2X1_368/A
   3056.7 ps                _5479_: NAND2X1_368/Y ->    BUFX2_904/A
   3440.4 ps        _5479__bF_buf1:   BUFX2_904/Y ->  NAND3X1_338/C
   3591.1 ps                _5492_: NAND3X1_338/Y ->  OAI21X1_464/C
   3679.0 ps                _1508_: OAI21X1_464/Y -> DFFPOSX1_717/D

   setup at destination = 281.814

Path input pin rst to DFFPOSX1_721/D delay 3960.79 ps
      0.0 ps                   rst:               ->    BUFX2_636/A
    389.2 ps           rst_bF_buf8:   BUFX2_636/Y ->    INVX1_102/A
    777.1 ps                _5265_:   INVX1_102/Y ->     BUFX2_59/A
   1080.2 ps  _5265__hier0_bF_buf5:    BUFX2_59/Y ->    BUFX2_707/A
   1427.9 ps       _5265__bF_buf47:   BUFX2_707/Y ->  NAND2X1_327/B
   1715.3 ps                _5266_: NAND2X1_327/Y ->    INVX1_105/A
   1970.0 ps                _5272_:   INVX1_105/Y ->    BUFX2_213/A
   2225.1 ps        _5272__bF_buf2:   BUFX2_213/Y ->  NAND2X1_362/B
   2347.1 ps                _5340_: NAND2X1_362/Y ->   NOR2X1_133/B
   2667.4 ps                _5341_:  NOR2X1_133/Y ->  NAND2X1_368/A
   3056.7 ps                _5479_: NAND2X1_368/Y ->    BUFX2_904/A
   3440.4 ps        _5479__bF_buf1:   BUFX2_904/Y ->  NAND3X1_342/C
   3591.1 ps                _5496_: NAND3X1_342/Y ->  OAI21X1_468/C
   3679.0 ps                _1511_: OAI21X1_468/Y -> DFFPOSX1_721/D

   setup at destination = 281.814

-----------------------------------------

Number of paths analyzed:  2440

Top 20 minimum delay paths:
Path input pin MemData[12] to DFFPOSX1_1165/D delay 57.9689 ps
      0.0 ps  MemData[12]:               ->   NAND2X1_805/B
     74.0 ps       _7074_: NAND2X1_805/Y ->   AOI21X1_453/B
    157.7 ps   _7049__12_: AOI21X1_453/Y -> DFFPOSX1_1165/D

   hold at destination = -99.6886

Path input pin MemData[5] to DFFPOSX1_1158/D delay 57.9689 ps
      0.0 ps  MemData[5]:               ->   NAND2X1_791/B
     74.0 ps      _7060_: NAND2X1_791/Y ->   AOI21X1_446/B
    157.7 ps   _7049__5_: AOI21X1_446/Y -> DFFPOSX1_1158/D

   hold at destination = -99.6886

Path input pin MemData[1] to DFFPOSX1_1154/D delay 57.9689 ps
      0.0 ps  MemData[1]:               ->   NAND2X1_783/B
     74.0 ps      _7052_: NAND2X1_783/Y ->   AOI21X1_442/B
    157.7 ps   _7049__1_: AOI21X1_442/Y -> DFFPOSX1_1154/D

   hold at destination = -99.6886

Path input pin MemData[19] to DFFPOSX1_1140/D delay 57.9689 ps
      0.0 ps  MemData[19]:               ->   NAND2X1_755/B
     74.0 ps       _7022_: NAND2X1_755/Y ->   AOI21X1_428/B
    157.7 ps   _6983__19_: AOI21X1_428/Y -> DFFPOSX1_1140/D

   hold at destination = -99.6886

Path input pin MemData[15] to DFFPOSX1_1136/D delay 57.9689 ps
      0.0 ps  MemData[15]:               ->   NAND2X1_747/B
     74.0 ps       _7014_: NAND2X1_747/Y ->   AOI21X1_424/B
    157.7 ps   _6983__15_: AOI21X1_424/Y -> DFFPOSX1_1136/D

   hold at destination = -99.6886

Path input pin MemData[3] to DFFPOSX1_1124/D delay 57.9689 ps
      0.0 ps  MemData[3]:               ->   NAND2X1_723/B
     74.0 ps      _6990_: NAND2X1_723/Y ->   AOI21X1_412/B
    157.7 ps   _6983__3_: AOI21X1_412/Y -> DFFPOSX1_1124/D

   hold at destination = -99.6886

Path input pin MemData[25] to DFFPOSX1_1178/D delay 57.9689 ps
      0.0 ps  MemData[25]:               ->   NAND2X1_831/B
     74.0 ps       _7100_: NAND2X1_831/Y ->   AOI21X1_466/B
    157.7 ps   _7049__25_: AOI21X1_466/Y -> DFFPOSX1_1178/D

   hold at destination = -99.6886

Path input pin MemData[24] to DFFPOSX1_1177/D delay 57.9689 ps
      0.0 ps  MemData[24]:               ->   NAND2X1_829/B
     74.0 ps       _7098_: NAND2X1_829/Y ->   AOI21X1_465/B
    157.7 ps   _7049__24_: AOI21X1_465/Y -> DFFPOSX1_1177/D

   hold at destination = -99.6886

Path input pin MemData[23] to DFFPOSX1_1176/D delay 57.9689 ps
      0.0 ps  MemData[23]:               ->   NAND2X1_827/B
     74.0 ps       _7096_: NAND2X1_827/Y ->   AOI21X1_464/B
    157.7 ps   _7049__23_: AOI21X1_464/Y -> DFFPOSX1_1176/D

   hold at destination = -99.6886

Path input pin MemData[22] to DFFPOSX1_1175/D delay 57.9689 ps
      0.0 ps  MemData[22]:               ->   NAND2X1_825/B
     74.0 ps       _7094_: NAND2X1_825/Y ->   AOI21X1_463/B
    157.7 ps   _7049__22_: AOI21X1_463/Y -> DFFPOSX1_1175/D

   hold at destination = -99.6886

Path input pin MemData[21] to DFFPOSX1_1174/D delay 57.9689 ps
      0.0 ps  MemData[21]:               ->   NAND2X1_823/B
     74.0 ps       _7092_: NAND2X1_823/Y ->   AOI21X1_462/B
    157.7 ps   _7049__21_: AOI21X1_462/Y -> DFFPOSX1_1174/D

   hold at destination = -99.6886

Path input pin MemData[20] to DFFPOSX1_1173/D delay 57.9689 ps
      0.0 ps  MemData[20]:               ->   NAND2X1_821/B
     74.0 ps       _7090_: NAND2X1_821/Y ->   AOI21X1_461/B
    157.7 ps   _7049__20_: AOI21X1_461/Y -> DFFPOSX1_1173/D

   hold at destination = -99.6886

Path input pin MemData[19] to DFFPOSX1_1172/D delay 57.9689 ps
      0.0 ps  MemData[19]:               ->   NAND2X1_819/B
     74.0 ps       _7088_: NAND2X1_819/Y ->   AOI21X1_460/B
    157.7 ps   _7049__19_: AOI21X1_460/Y -> DFFPOSX1_1172/D

   hold at destination = -99.6886

Path input pin MemData[18] to DFFPOSX1_1171/D delay 57.9689 ps
      0.0 ps  MemData[18]:               ->   NAND2X1_817/B
     74.0 ps       _7086_: NAND2X1_817/Y ->   AOI21X1_459/B
    157.7 ps   _7049__18_: AOI21X1_459/Y -> DFFPOSX1_1171/D

   hold at destination = -99.6886

Path input pin MemData[17] to DFFPOSX1_1170/D delay 57.9689 ps
      0.0 ps  MemData[17]:               ->   NAND2X1_815/B
     74.0 ps       _7084_: NAND2X1_815/Y ->   AOI21X1_458/B
    157.7 ps   _7049__17_: AOI21X1_458/Y -> DFFPOSX1_1170/D

   hold at destination = -99.6886

Path input pin MemData[16] to DFFPOSX1_1169/D delay 57.9689 ps
      0.0 ps  MemData[16]:               ->   NAND2X1_813/B
     74.0 ps       _7082_: NAND2X1_813/Y ->   AOI21X1_457/B
    157.7 ps   _7049__16_: AOI21X1_457/Y -> DFFPOSX1_1169/D

   hold at destination = -99.6886

Path input pin MemData[11] to DFFPOSX1_1164/D delay 57.9689 ps
      0.0 ps  MemData[11]:               ->   NAND2X1_803/B
     74.0 ps       _7072_: NAND2X1_803/Y ->   AOI21X1_452/B
    157.7 ps   _7049__11_: AOI21X1_452/Y -> DFFPOSX1_1164/D

   hold at destination = -99.6886

Path input pin MemData[25] to DFFPOSX1_1146/D delay 57.9689 ps
      0.0 ps  MemData[25]:               ->   NAND2X1_767/B
     74.0 ps       _7034_: NAND2X1_767/Y ->   AOI21X1_434/B
    157.7 ps   _6983__25_: AOI21X1_434/Y -> DFFPOSX1_1146/D

   hold at destination = -99.6886

Path input pin MemData[11] to DFFPOSX1_1132/D delay 57.9689 ps
      0.0 ps  MemData[11]:               ->   NAND2X1_739/B
     74.0 ps       _7006_: NAND2X1_739/Y ->   AOI21X1_420/B
    157.7 ps   _6983__11_: AOI21X1_420/Y -> DFFPOSX1_1132/D

   hold at destination = -99.6886

Path input pin MemData[31] to DFFPOSX1_1184/D delay 57.9689 ps
      0.0 ps  MemData[31]:               ->   NAND2X1_843/B
     74.0 ps       _7112_: NAND2X1_843/Y ->   AOI21X1_472/B
    157.7 ps   _7049__31_: AOI21X1_472/Y -> DFFPOSX1_1184/D

   hold at destination = -99.6886

-----------------------------------------

