1556 nets failed to route:
 _1890__bF$buf44
 datapath_1.Instr[17_bF$buf48]
 _4950_
 datapath_1.Instr[16_bF$buf33]
 _4918_
 datapath_1.RD1[11]
 _3588__hier0_bF$buf1
 datapath_1.RegisterFile.regfile_mem[25][24]
 _5308__bF$buf4
 _4879_
 _3569__bF$buf4
 _3588__bF$buf33
 datapath_1.RegisterFile.regfile_mem[11][23]
 _5181_
 _4757_
 datapath_1.RD2[22]
 datapath_1.Instr[22_bF$buf40]
 _4778_
 datapath_1.RegisterFile.regfile_mem[5][0]
 _5294__bF$buf4
 datapath_1.Instr[24_bF$buf0]
 datapath_1.Instr[16_bF$buf17]
 _1890__bF$buf37
 _1888__bF$buf6
 datapath_1.Instr[17_bF$buf1]
 datapath_1.Instr[16_bF$buf35]
 _4651_
 _5087_
 datapath_1.RegisterFile.regfile_mem[19][7]
 datapath_1.RegisterFile.regfile_mem[9][11]
 _4618_
 _4611_
 _3588__bF$buf31
 _4230_
 _2075_
 _5446_
 datapath_1.Instr[16_bF$buf0]
 _1890__bF$buf9
 _3497_
 datapath_1.Instr[17]
 datapath_1.Instr[17_bF$buf22]
 datapath_1.Instr[16_bF$buf19]
 datapath_1.Instr[16_bF$buf30]
 _3453_
 _2780_
 _4438_
 _4440_
 datapath_1.RegisterFile.regfile_mem[7][20]
 datapath_1.Instr[22_bF$buf18]
 _3759_
 datapath_1.Instr[17_bF$buf37]
 datapath_1.RegisterFile.regfile_mem[7][24]
 datapath_1.RegisterFile.regfile_mem[8][24]
 _3567_
 datapath_1.Instr[18_bF$buf43]
 _1344_
 _5580_
 _5622_
 datapath_1.RegisterFile.regfile_mem[10][14]
 _5025_
 _5320__bF$buf3
 _3521_
 _4309_
 _4301_
 datapath_1.Instr[21_bF$buf35]
 datapath_1.Instr[23_bF$buf11_bF$buf3]
 datapath_1.Instr[17_bF$buf15]
 _2178_
 _2879_
 _4024_
 _3732_
 datapath_1.RegisterFile.regfile_mem[22][2]
 _4913_
 _4442_
 _5280__bF$buf4
 _1890__bF$buf8
 _5306__bF$buf4
 _5300__bF$buf2
 _3588__bF$buf19
 datapath_1.Instr[23_bF$buf11]
 datapath_1.Instr[22_bF$buf1]
 _2325_
 datapath_1.RegisterFile.regfile_mem[20][6]
 datapath_1.Instr[16_bF$buf24]
 _6316__bF$buf5
 datapath_1.Instr[18_bF$buf10]
 datapath_1.Instr[16_bF$buf43]
 _3978_
 _3151_
 _3976_
 _3975_
 _2530_
 _3948_
 datapath_1.Instr[17_bF$buf27]
 _5265__bF$buf95
 _3942_
 _3926_
 _5446__bF$buf6
 _2241_
 _2449_
 _3564_
 datapath_1.Instr[22_bF$buf45]
 _2661_
 _3569__bF$buf3
 _4994_
 _3859_
 datapath_1.RegisterFile.regfile_mem[24][13]
 _4006_
 datapath_1.RegisterFile.regfile_mem[28][8]
 datapath_1.Instr[22_bF$buf50]
 datapath_1.Instr[22_bF$buf0]
 _5265__hier0_bF$buf7
 datapath_1.Instr[23_bF$buf8_bF$buf0]
 _3800_
 _2023_
 datapath_1.RegisterFile.regfile_mem[0][3]
 _5265__bF$buf45
 datapath_1.RegisterFile.regfile_mem[1][3]
 datapath_1.Instr[22_bF$buf9]
 clk_hier0_bF$buf0
 datapath_1.RegisterFile.regfile_mem[31][7]
 datapath_1.Instr[17_bF$buf35]
 _3747_
 datapath_1.Instr[16_bF$buf45]
 _4229_
 _4441_
 _3731_
 _4232_
 _1884_
 _5300__bF$buf4
 datapath_1.Instr[22_bF$buf20]
 datapath_1.RegisterFile.regfile_mem[13][6]
 _3567__bF$buf4
 _1954_
 _3565__bF$buf4
 _626_
 datapath_1.ALU.aluInB[19]
 _247_
 _295_
 datapath_1.ALU.aluInB[5]
 MemData[4]
 _2_[22]
 _6439_
 datapath_1.ALU.aluInA[29]
 _2_[19]
 _6385__bF$buf2
 datapath_1.ALUOut[25]
 _6388_
 _6387__bF$buf3
 datapath_1.Instr[21_bF$buf54]
 _2142_
 datapath_1.ALU.aluInA[5]
 datapath_1.A[24]
 _6513_
 _6551__bF$buf4
 _6552__bF$buf4
 datapath_1.Instr[15_bF$buf3]
 _2_[30]
 _6634_
 clk_bF$buf97
 _6631_
 _2_[0]
 _6551__bF$buf3
 _6552_
 _1970_
 datapath_1.Instr[16_bF$buf26]
 datapath_1.Instr[16]
 datapath_1.Instr[18_bF$buf17]
 datapath_1.Instr[18_bF$buf41]
 datapath_1.Instr[16_bF$buf22]
 clk_bF$buf106
 datapath_1.RD1[16]
 datapath_1.RegisterFile.regfile_mem[29][25]
 _5055_
 datapath_1.Instr[25_bF$buf1]
 _3567__bF$buf3
 _3612_
 _4738_
 _3588__bF$buf41
 _3084_
 datapath_1.Instr[21_bF$buf45]
 _3652_
 _3657_
 _3645_
 _1945_
 _1955_
 _2572_
 _3571_
 _5411__bF$buf7
 datapath_1.Instr[22_bF$buf37]
 _1890__bF$buf33
 _5286__bF$buf4
 _5479__bF$buf6
 _6315_
 _6182__bF$buf4
 _4506_
 _5310__bF$buf2
 _6281_
 _3500_
 _3426_
 _5265__bF$buf35
 _3412_
 datapath_1.Instr[21_bF$buf9]
 _6013_
 _1890__bF$buf11
 _2550_
 _1851_
 datapath_1.RegisterFile.regfile_mem[26][20]
 _5265__bF$buf11
 _3154_
 _4648_
 datapath_1.RegisterFile.regfile_mem[21][11]
 _3966_
 datapath_1.RegisterFile.regfile_mem[9][28]
 _3588__bF$buf12
 datapath_1.RegisterFile.regfile_mem[19][0]
 _4305_
 clk_bF$buf34
 datapath_1.Instr[16_bF$buf10]
 _1016_
 datapath_1.Instr[23_bF$buf15]
 _5606_
 _5746__bF$buf1
 datapath_1.RegisterFile.regfile_mem[12][20]
 _4221_
 datapath_1.RegisterFile.regfile_mem[16][24]
 datapath_1.Instr[16_bF$buf36]
 datapath_1.Instr[16_bF$buf28]
 datapath_1.RegisterFile.regfile_mem[25][29]
 datapath_1.RegisterFile.regfile_mem[17][23]
 datapath_1.RegisterFile.regfile_mem[26][24]
 _4182_
 _4909_
 _5646__bF$buf5
 _2741_
 _5322__bF$buf0
 datapath_1.Instr[16_bF$buf29]
 datapath_1.Instr[22_bF$buf32]
 datapath_1.RegisterFile.regfile_mem[6][27]
 _5322__bF$buf3
 _5265__bF$buf27
 datapath_1.RegisterFile.regfile_mem[2][23]
 _3095_
 datapath_1.RegisterFile.regfile_mem[7][22]
 _3048_
 _3879_
 datapath_1.RegisterFile.regfile_mem[15][22]
 _6182_
 _6372_
 _4703_
 _3137_
 datapath_1.RegisterFile.regfile_mem[20][21]
 _1917__bF$buf3
 _5433_
 datapath_1.Instr[22_bF$buf26]
 _3588__bF$buf40
 _5265__bF$buf88
 _5592_
 clk_bF$buf85
 datapath_1.RegisterFile.regfile_mem[18][19]
 datapath_1.Instr[22_bF$buf10]
 datapath_1.Instr[17_bF$buf2]
 _2845_
 datapath_1.RegisterFile.regfile_mem[17][5]
 datapath_1.RegisterFile.regfile_mem[17][13]
 datapath_1.Instr[22_bF$buf44]
 _4259_
 _5498_
 datapath_1.RegisterFile.regfile_mem[9][22]
 _5294__bF$buf2
 datapath_1.Instr[16_bF$buf8]
 datapath_1.Instr[16_bF$buf6]
 datapath_1.RegisterFile.regfile_mem[1][18]
 datapath_1.RegisterFile.regfile_mem[7][27]
 _5545__bF$buf6
 _3878_
 _5265__bF$buf60
 datapath_1.RegisterFile.regfile_mem[14][22]
 _4758_
 _871_
 _5265__bF$buf98
 _2176_
 _4532_
 _5512__bF$buf4
 _5310__bF$buf4
 clk_bF$buf76
 datapath_1.Instr[23_bF$buf8_bF$buf2]
 _5265__bF$buf8
 datapath_1.Instr[21_bF$buf41]
 datapath_1.RegisterFile.regfile_mem[28][17]
 datapath_1.Instr[21_bF$buf19]
 _3234_
 _3565__bF$buf1
 datapath_1.RD1[24]
 _3571__bF$buf4
 datapath_1.RegisterFile.regfile_mem[13][24]
 _5306__bF$buf1
 _5746__bF$buf0
 datapath_1.RegisterFile.regfile_mem[3][7]
 _5324__bF$buf3
 _1203_
 _5342_
 _3330_
 _4361_
 datapath_1.RegisterFile.regfile_mem[14][14]
 _1890__bF$buf45
 datapath_1.RegisterFile.regfile_mem[2][9]
 _5302__bF$buf2
 _4999_
 datapath_1.Instr[22_bF$buf49]
 datapath_1.RegisterFile.regfile_mem[18][0]
 _4286_
 _3588__bF$buf30
 _3094_
 datapath_1.RegisterFile.regfile_mem[8][22]
 _3097_
 _2613_
 datapath_1.RegisterFile.regfile_mem[15][2]
 datapath_1.RegisterFile.regfile_mem[8][2]
 _3240_
 datapath_1.RD2[29]
 datapath_1.RegisterFile.regfile_mem[30][16]
 _2545_
 _3570__bF$buf2
 _5063_
 _3389_
 _2271_
 datapath_1.RegisterFile.regfile_mem[27][11]
 datapath_1.Instr[17_bF$buf34]
 _5457_
 datapath_1.RegisterFile.regfile_mem[8][10]
 datapath_1.Instr[22_bF$buf43]
 datapath_1.RegisterFile.regfile_mem[11][14]
 _3098_
 datapath_1.RegisterFile.regfile_mem[6][31]
 _3882_
 datapath_1.RegisterFile.regfile_mem[0][14]
 datapath_1.Instr[21_bF$buf37]
 datapath_1.RegisterFile.regfile_mem[16][21]
 datapath_1.Instr[17_bF$buf26]
 datapath_1.RD2[6]
 datapath_1.RegisterFile.regfile_mem[27][21]
 _2354_
 datapath_1.Instr[21_bF$buf53]
 _1890__bF$buf17
 _5265__bF$buf89
 datapath_1.Instr[22_bF$buf30]
 _5265__bF$buf78
 _6350__bF$buf0
 _3588__bF$buf17
 datapath_1.RegisterFile.regfile_mem[10][20]
 _4010_
 _5700_
 _3588__bF$buf43
 _2996_
 _1885__bF$buf5
 datapath_1.RegisterFile.regfile_mem[9][13]
 datapath_1.RegisterFile.regfile_mem[7][23]
 _5284_
 _5545__bF$buf0
 datapath_1.RegisterFile.regfile_mem[9][4]
 _3806_
 _2146_
 datapath_1.RegisterFile.regfile_mem[23][17]
 datapath_1.RegisterFile.regfile_mem[25][17]
 _1044_
 datapath_1.Instr[16_bF$buf25]
 datapath_1.Instr[21_bF$buf50]
 datapath_1.RegisterFile.regfile_mem[29][8]
 clk_hier0_bF$buf7
 _5282__bF$buf4
 datapath_1.RegisterFile.regfile_mem[14][20]
 datapath_1.RegisterFile.regfile_mem[22][15]
 datapath_1.RegisterFile.regfile_mem[14][2]
 _240_
 datapath_1.ALU.aluInB[8]
 _6722_
 aluControl_1.inst[4]
 _5265__hier0_bF$buf5
 datapath_1.RD2[13]
 _1917__bF$buf1
 datapath_1.Instr[23_bF$buf13]
 _3146_
 datapath_1.RegisterFile.regfile_mem[16][4]
 _1885__bF$buf9
 datapath_1.RegisterFile.regfile_mem[20][7]
 _2092_
 datapath_1.Instr[23_bF$buf4_bF$buf0]
 datapath_1.RegisterFile.regfile_mem[25][25]
 _2883_
 _3230_
 _2705_
 datapath_1.RegisterFile.regfile_mem[22][19]
 _1972_
 _3487_
 _5292__bF$buf4
 datapath_1.Instr[23_bF$buf5_bF$buf0]
 _4488_
 _1887_
 datapath_1.RegisterFile.regfile_mem[18][25]
 datapath_1.Instr[23_bF$buf14_bF$buf2]
 _2074_
 datapath_1.RegisterFile.regfile_mem[21][6]
 _4721_
 datapath_1.RegisterFile.regfile_mem[4][4]
 datapath_1.Instr[23_bF$buf11_bF$buf0]
 datapath_1.Instr[24_bF$buf5]
 datapath_1.RegisterFile.regfile_mem[14][9]
 _1890__bF$buf43
 _3165_
 _1800_
 datapath_1.Instr[23_bF$buf4_bF$buf1]
 datapath_1.Instr[23_bF$buf12_bF$buf0]
 _3171_
 _3445_
 _4812_
 _2914_
 datapath_1.RegisterFile.regfile_mem[30][8]
 datapath_1.RegisterFile.regfile_mem[17][21]
 _2364_
 _3588__bF$buf24
 _3933_
 datapath_1.Instr[23_bF$buf5_bF$buf2]
 datapath_1.RegisterFile.regfile_mem[23][22]
 _4896_
 datapath_1.Instr[16_bF$buf4]
 _1978_
 _2819_
 _1883__bF$buf2
 datapath_1.RegisterFile.regfile_mem[29][30]
 _2131_
 _3437_
 datapath_1.Instr[24]
 _6283__bF$buf0
 _4916_
 _2905_
 datapath_1.Instr[23_bF$buf10_bF$buf3]
 _5265__bF$buf61
 datapath_1.RegisterFile.regfile_mem[26][21]
 clk_bF$buf1
 datapath_1.RegisterFile.regfile_mem[27][30]
 _5162_
 datapath_1.RegisterFile.regfile_mem[31][9]
 _1969_
 _6552__bF$buf1
 ALUOp[0_bF$buf2]
 _2_[18]
 datapath_1.PC_prima[6]
 MemtoReg
 _2_[23]
 datapath_1.Instr[13]
 datapath_1.PC[3]
 datapath_1.ALU.aluInA[17]
 datapath_1.RegisterFile.regfile_mem[31][25]
 _5113_
 _3247_
 datapath_1.RegisterFile.regfile_mem[21][25]
 _2034_
 datapath_1.RegisterFile.regfile_mem[24][29]
 _5334__bF$buf3
 datapath_1.RegisterFile.regfile_mem[11][25]
 _6013__bF$buf3
 datapath_1.RD1[29]
 _1850_
 _2968_
 _4603_
 datapath_1.PC[5]
 _4982_
 _3066_
 datapath_1.Instr[23_bF$buf9_bF$buf1]
 _6176_
 _4753_
 datapath_1.Instr[16_bF$buf2]
 _2658_
 _6215__bF$buf0
 datapath_1.Instr[17_bF$buf49]
 _3228_
 _2355_
 datapath_1.RegisterFile.regfile_mem[24][8]
 datapath_1.RD2[21]
 datapath_1.RegisterFile.regfile_mem[18][6]
 _4045_
 datapath_1.Instr[19_bF$buf1]
 datapath_1.Instr[23_bF$buf10_bF$buf0]
 datapath_1.RegisterFile.regfile_mem[23][2]
 _3565_
 _5275__bF$buf1
 datapath_1.RegisterFile.regfile_mem[1][19]
 _6316__bF$buf1
 datapath_1.RegisterFile.regfile_mem[31][13]
 _4748_
 _5296_
 _4755_
 _5265__bF$buf53
 _3938_
 clk_hier0_bF$buf2
 _5265__bF$buf20
 datapath_1.Instr[17_bF$buf38]
 datapath_1.RegisterFile.regfile_mem[26][19]
 datapath_1.RD2[11]
 _3664_
 datapath_1.Instr[23_bF$buf6_bF$buf0]
 _1856_
 _6187_
 datapath_1.Instr[23_bF$buf5]
 datapath_1.Instr[23_bF$buf7_bF$buf0]
 datapath_1.RegisterFile.regfile_mem[19][15]
 _2474_
 _5306_
 _2506_
 datapath_1.Instr[17_bF$buf31]
 datapath_1.Instr[23_bF$buf6_bF$buf2]
 datapath_1.RegisterFile.regfile_mem[11][20]
 datapath_1.Instr[16_bF$buf53]
 _5334__bF$buf2
 _5318_
 datapath_1.RegisterFile.regfile_mem[10][9]
 _3112_
 _4300_
 datapath_1.RegisterFile.regfile_mem[22][21]
 _3461_
 datapath_1.RegisterFile.regfile_mem[7][9]
 _3588__bF$buf7
 _5265__hier0_bF$buf3
 datapath_1.Instr[19_bF$buf0]
 _5265__bF$buf1
 datapath_1.Instr[23_bF$buf13_bF$buf2]
 _3476_
 _1927_
 datapath_1.RegisterFile.regfile_mem[6][6]
 _4500_
 _3540_
 datapath_1.RegisterFile.regfile_mem[14][29]
 _4976_
 _5276_
 datapath_1.RegisterFile.regfile_mem[22][5]
 _3110_
 _1928_
 datapath_1.RegisterFile.regfile_mem[2][8]
 datapath_1.Instr[18_bF$buf42]
 clk_bF$buf113
 datapath_1.RegisterFile.regfile_mem[15][0]
 _5292__bF$buf1
 datapath_1.Instr[23_bF$buf12_bF$buf1]
 datapath_1.Instr[21_bF$buf44]
 _2389_
 _5880__bF$buf0
 _5336__bF$buf2
 datapath_1.RegisterFile.regfile_mem[1][30]
 datapath_1.ALU.aluResult[16]
 _6549__bF$buf3
 _6587_
 ALUSrcB[1_bF$buf3]
 datapath_1.Instr[15_bF$buf4]
 _5946_
 datapath_1.RegisterFile.regfile_mem[15][12]
 _5613__bF$buf6
 _1887_
 _4829_
 _3019_
 _2233_
 datapath_1.Instr[23_bF$buf6_bF$buf3]
 datapath_1.Instr[23_bF$buf14_bF$buf1]
 datapath_1.Instr[23_bF$buf12_bF$buf2]
 datapath_1.RegisterFile.regfile_mem[28][30]
 datapath_1.RD1[0]
 _5092_
 _3229_
 datapath_1.RD2[8]
 _3566__bF$buf3
 datapath_1.Instr[23_bF$buf11_bF$buf3]
 _4760_
 _4527_
 datapath_1.RegisterFile.regfile_mem[5][18]
 _5342__bF$buf6
 _4328_
 _4553_
 _4288_
 clk_bF$buf13
 datapath_1.Instr[23_bF$buf12_bF$buf3]
 datapath_1.RD1[27]
 datapath_1.RegisterFile.regfile_mem[23][0]
 datapath_1.RegisterFile.regfile_mem[20][26]
 datapath_1.RegisterFile.regfile_mem[26][13]
 _6182__bF$buf0
 _3525_
 datapath_1.RegisterFile.regfile_mem[28][10]
 _3927_
 _2412_
 _2190_
 datapath_1.RD2[17]
 _4750_
 _4064_
 _6268_
 _4118_
 datapath_1.Instr[18_bF$buf8]
 datapath_1.RegisterFile.regfile_mem[24][21]
 datapath_1.RegisterFile.regfile_mem[29][21]
 _2557_
 _2033_
 _4937_
 _3570_
 _3570__bF$buf4
 datapath_1.Instr[23_bF$buf3_bF$buf3]
 datapath_1.Instr[23_bF$buf5_bF$buf3]
 _5110_
 _2961_
 datapath_1.RegisterFile.regfile_mem[24][11]
 _4380_
 _6013__bF$buf4
 _5262_
 datapath_1.RD2[2]
 datapath_1.Instr[18_bF$buf0]
 datapath_1.RegisterFile.regfile_mem[25][6]
 datapath_1.RegisterFile.regfile_mem[29][6]
 datapath_1.Instr[23_bF$buf3]
 datapath_1.Instr[23_bF$buf10_bF$buf1]
 datapath_1.Instr[23_bF$buf9_bF$buf3]
 datapath_1.Instr[23_bF$buf10_bF$buf3]
 _5646__bF$buf2
 datapath_1.RegisterFile.regfile_mem[10][0]
 clk_bF$buf15
 _5109_
 _1130_
 _6350__bF$buf4
 _5312__bF$buf2
 _5377__bF$buf0
 _5479__bF$buf4
 _941_
 _5713__bF$buf4
 _5300__bF$buf1
 ALUOp[0_bF$buf0]
 _2583_
 datapath_1.RD2[3]
 datapath_1.RegisterFile.regfile_mem[26][16]
 _5078_
 datapath_1.RegisterFile.regfile_mem[27][16]
 _5308_
 _2531_
 _1968_
 datapath_1.RD2[7]
 datapath_1.Instr[18_bF$buf3]
 _2598_
 datapath_1.Instr[23_bF$buf14_bF$buf0]
 _3172_
 _5239_
 _1888__bF$buf0
 datapath_1.Instr[17_bF$buf24]
 datapath_1.Instr[16_bF$buf20]
 _5108_
 datapath_1.Instr[25_bF$buf2]
 _4712_
 _4717_
 _3871_
 _4003_
 _4279_
 datapath_1.Instr[18_bF$buf6]
 _1890__bF$buf1
 datapath_1.Instr[15_bF$buf2]
 _5265__bF$buf0
 _1374_
 _5377__bF$buf4
 datapath_1.Instr[16_bF$buf37]
 _2022_
 _5318__bF$buf2
 datapath_1.Instr[23_bF$buf7_bF$buf3]
 _5027_
 _2660_
 datapath_1.Instr[18_bF$buf5]
 _6046__bF$buf1
 datapath_1.Instr[23_bF$buf2_bF$buf3]
 _5300__bF$buf2
 _1883__bF$buf3
 _5213_
 datapath_1.Instr[25_bF$buf4]
 datapath_1.Instr[20_bF$buf4]
 datapath_1.RegisterFile.regfile_mem[20][23]
 datapath_1.Instr[20_bF$buf0]
 _4171_
 datapath_1.Instr[25_bF$buf1]
 _2851_
 _2863_
 _4109_
 datapath_1.RegisterFile.regfile_mem[3][22]
 _1689_
 _4495_
 _3588__bF$buf18
 datapath_1.Instr[18_bF$buf8]
 datapath_1.RegisterFile.regfile_mem[6][29]
 _2016_
 datapath_1.RegisterFile.regfile_mem[15][2]
 datapath_1.Instr[20_bF$buf1]
 _2827_
 datapath_1.RegisterFile.regfile_mem[16][0]
 clk_bF$buf23
 datapath_1.RegisterFile.regfile_mem[3][8]
 _4365_
 datapath_1.RegisterFile.regfile_mem[26][3]
 _4202_
 _4483_
 datapath_1.RegisterFile.regfile_mem[18][17]
 datapath_1.RD2[10]
 datapath_1.RegisterFile.regfile_mem[20][4]
 _5284__bF$buf2
 datapath_1.Instr[16_bF$buf42]
 datapath_1.RegisterFile.regfile_mem[16][25]
 _2516_
 datapath_1.Instr[22_bF$buf21]
 _2285_
 datapath_1.RegisterFile.regfile_mem[24][31]
 _5296__bF$buf1
 _4100_
 datapath_1.RegisterFile.regfile_mem[24][9]
 datapath_1.Instr[16_bF$buf3]
 datapath_1.Instr[20_bF$buf4]
 _2144_
 _1885_
 _5292_
 _2286_
 _2958_
 datapath_1.Instr[18_bF$buf10]
 datapath_1.Instr[24_bF$buf3]
 datapath_1.RegisterFile.regfile_mem[21][7]
 _4191_
 _1890__bF$buf3
 datapath_1.RegisterFile.regfile_mem[13][20]
 _1590_
 datapath_1.RegisterFile.regfile_mem[5][14]
 _5376_
 _6250__bF$buf2
 datapath_1.RegisterFile.regfile_mem[15][8]
 datapath_1.RegisterFile.regfile_mem[3][30]
 clk_bF$buf109
 _5545__bF$buf7
 _6316__bF$buf0
 _4938_
 _1890_
 datapath_1.Instr[23_bF$buf15_bF$buf2]
 _3119_
 datapath_1.Instr[23_bF$buf3_bF$buf0]
 _5209_
 _1334_
 datapath_1.RegisterFile.regfile_mem[7][4]
 _3834_
 datapath_1.Instr[25_bF$buf3]
 _4579_
 _3665_
 _3670_
 datapath_1.Instr[18_bF$buf16]
 _4686_
 _4044_
 datapath_1.RegisterFile.regfile_mem[6][10]
 datapath_1.Instr[18_bF$buf19]
 _3004_
 datapath_1.Instr[18_bF$buf20]
 _3588__bF$buf24
 datapath_1.RegisterFile.regfile_mem[6][9]
 datapath_1.Instr[18_bF$buf23]
 _4094_
 _5080_
 datapath_1.Instr[18]_hier0_bF$buf2
 _5324_
 _6033_
 _4857_
 _5326_
 _3631_
 _3967_
 _5275__bF$buf2
 datapath_1.Instr[23_bF$buf15_bF$buf3]
 datapath_1.RegisterFile.regfile_mem[5][9]
 _3766_
 _3566__bF$buf1
 datapath_1.RegisterFile.regfile_mem[12][3]
 _2302_
 _2390_
 _2680_
 _3349_
 _5446__bF$buf5
 _3762_
 _1885__bF$buf4
 datapath_1.RegisterFile.regfile_mem[13][4]
 datapath_1.RegisterFile.regfile_mem[7][14]
 datapath_1.RegisterFile.regfile_mem[28][2]
 datapath_1.Instr[18_bF$buf14]
 _4356_
 _2116_
 datapath_1.Instr[18_bF$buf32]
 _3755_
 _3604_
 datapath_1.Instr[18_bF$buf33]
 datapath_1.Instr[18_bF$buf27]
 _5318__bF$buf4
 datapath_1.Instr[18_bF$buf28]
 _4021_
 _3588__bF$buf33
 datapath_1.Instr[18_bF$buf11]
 datapath_1.RegisterFile.regfile_mem[20][25]
 datapath_1.Instr[18_bF$buf34]
 _4350_
 datapath_1.Instr[18_bF$buf36]
 datapath_1.Instr[18_bF$buf35]
 _4346_
 datapath_1.Instr[24_bF$buf2]
 _2736_
 datapath_1.Instr[18_bF$buf31]
 _3588__bF$buf26
 datapath_1.RegisterFile.regfile_mem[25][2]
 datapath_1.Instr[25_bF$buf5]
 _4583_
 _3977_
 datapath_1.RD2[9]
 datapath_1.RD2[5]
 _2594_
 _3584_
 _5294__bF$buf0
 _5328__bF$buf0
 datapath_1.RD2[27]
 _5016_
 _4332_
 _4363_
 datapath_1.Instr[23_bF$buf7_bF$buf2]
 datapath_1.Instr[18_bF$buf15]
 _3968_
 _3566__bF$buf10
 _3720_
 _4672_
 datapath_1.RegisterFile.regfile_mem[22][29]
 datapath_1.RegisterFile.regfile_mem[19][16]
 _2771_
 datapath_1.RegisterFile.regfile_mem[13][25]
 datapath_1.RegisterFile.regfile_mem[18][16]
 _5288__bF$buf2
 _1890__bF$buf18
 datapath_1.Instr[18_bF$buf24]
 datapath_1.Instr[18_bF$buf29]
 _5265__bF$buf36
 datapath_1.RegisterFile.regfile_mem[11][28]
 _3588__bF$buf0
 datapath_1.Instr[21_bF$buf7]
 datapath_1.Instr[21_bF$buf9]
 _4187_
 _4414_
 _5545__bF$buf4
 _3737_
 _2735_
 _1884__bF$buf6
 _3413_
 _5138_
 _4659_
 _1885__bF$buf8
 _2301_
 _3565__bF$buf1
 _2926_
 _4369_
 _4813_
 _1331_
 datapath_1.Instr[19_bF$buf4]
 _3982_
 _4207_
 datapath_1.RegisterFile.regfile_mem[26][2]
 _1408_
 datapath_1.RegisterFile.regfile_mem[3][12]
 _3354_
 _5296__bF$buf4
 _2018_
 _5322__bF$buf2
 datapath_1.RegisterFile.regfile_mem[13][18]
 datapath_1.RegisterFile.regfile_mem[13][30]
 datapath_1.RegisterFile.regfile_mem[8][31]
 datapath_1.Instr[21_bF$buf24]
 _5304__bF$buf0
 datapath_1.Instr[21_bF$buf26]
 datapath_1.Instr[21_bF$buf22]
 clk_bF$buf61
 _5679__bF$buf3
 _5292__bF$buf3
 _5304__bF$buf3
 _5646__bF$buf3
 _1708_
 datapath_1.Instr[21_bF$buf25]
 datapath_1.Instr[18_bF$buf41]
 _6215__bF$buf5
 datapath_1.Instr[18_bF$buf7]
 _3921_
 _5377__bF$buf1
 _4101_
 _1834_
 datapath_1.RegisterFile.regfile_mem[30][10]
 _2367_
 _3565__bF$buf2
 datapath_1.RegisterFile.regfile_mem[17][0]
 datapath_1.RegisterFile.regfile_mem[10][3]
 _2885_
 datapath_1.Instr[16_bF$buf5]
 datapath_1.RegisterFile.regfile_mem[10][18]
 datapath_1.RegisterFile.regfile_mem[25][8]
 _1979_
 datapath_1.Instr[21_bF$buf39]
 _3911_
 _2251_
 _4248_
 _2013_
 datapath_1.RegisterFile.regfile_mem[0][10]
 _5242_
 _3851_
 _1884__bF$buf3
 _3588__bF$buf4
 _4548_
 _2406_
 _4110_
 datapath_1.Instr[18_bF$buf22]
 _1706_
 datapath_1.RegisterFile.regfile_mem[15][31]
 _2641_
 datapath_1.RegisterFile.regfile_mem[16][14]
 clk_bF$buf29
 _3518_
 _5012_
 _3567__bF$buf1
 datapath_1.Instr[22_bF$buf39]
 _1237_
 _3523_
 _4522_
 _4754_
 datapath_1.Instr[23_bF$buf8_bF$buf3]
 _3895_
 _5746__bF$buf7
 datapath_1.RegisterFile.regfile_mem[11][9]
 _4529_
 _5479__bF$buf0
 datapath_1.RegisterFile.regfile_mem[20][0]
 datapath_1.Instr[18_bF$buf1]
 _4284_
 datapath_1.RegisterFile.regfile_mem[30][22]
 _1198_
 datapath_1.Instr[16_bF$buf11]
 _1890__bF$buf20
 datapath_1.RegisterFile.regfile_mem[9][17]
 _1925_
 datapath_1.RegisterFile.regfile_mem[20][30]
 datapath_1.Instr[18_bF$buf38]
 datapath_1.RegisterFile.regfile_mem[25][31]
 _3512_
 datapath_1.Instr[25]
 _3268_
 datapath_1.Instr[16_bF$buf15]
 _2584_
 _3501_
 datapath_1.Instr[21_bF$buf3]
 _5336_
 datapath_1.Instr[22_bF$buf4]
 _5282__bF$buf2
 _3939_
 _5084_
 datapath_1.RegisterFile.regfile_mem[31][24]
 _5090_
 datapath_1.Instr[17_bF$buf40]
 _3196_
 _1890__bF$buf13
 datapath_1.Instr[18_bF$buf39]
 _2782_
 _1305_
 _3969_
 _5155_
 _5980_
 _1869_
 _3919_
 _5300_
 datapath_1.Instr[23_bF$buf8_bF$buf0]
 datapath_1.RegisterFile.regfile_mem[26][18]
 _5320_
 _2617_
 _1890__bF$buf46
 _4258_
 _4555_
 datapath_1.Instr[22_bF$buf25]
 datapath_1.Instr[23_bF$buf13_bF$buf1]
 datapath_1.RegisterFile.regfile_mem[26][17]
 datapath_1.RegisterFile.regfile_mem[17][16]
 datapath_1.Instr[22]
 _5646_
 _5579_
 datapath_1.Instr[18_bF$buf26]
 datapath_1.Instr[23_bF$buf4_bF$buf2]
 _5679__bF$buf0
 _1451_
 _5324__bF$buf3
 _5278__bF$buf0
 _5342__bF$buf1
 _1890__bF$buf25
 datapath_1.RegisterFile.regfile_mem[12][9]
 datapath_1.RegisterFile.regfile_mem[6][13]
 datapath_1.RegisterFile.regfile_mem[14][18]
 _5779_
 _5275__bF$buf5
 _1884__bF$buf9
 datapath_1.Instr[18_bF$buf30]
 datapath_1.RegisterFile.regfile_mem[4][25]
 datapath_1.Instr[16]_hier0_bF$buf3
 datapath_1.RegisterFile.regfile_mem[7][6]
 _2993_
 _2592_
 _5021_
 _4557_
 _2199_
 _5026_
 _4666_
 datapath_1.Instr[21_bF$buf0]
 datapath_1.Instr[25_bF$buf0]
 datapath_1.Instr[17]_hier0_bF$buf5
 _5292__bF$buf4
 _2930_
 _5056_
 _3683_
 datapath_1.Instr[23_bF$buf8_bF$buf1]
 datapath_1.Instr[17_bF$buf33]
 datapath_1.RegisterFile.regfile_mem[11][6]
 datapath_1.RD1[28]
 datapath_1.Instr[18_bF$buf18]
 datapath_1.RegisterFile.regfile_mem[22][12]
 _5322__bF$buf4
 datapath_1.RegisterFile.regfile_mem[30][1]
 datapath_1.RD2[24]
 datapath_1.RegisterFile.regfile_mem[19][25]
 _4876_
 _3571__bF$buf7
 _1418_
 datapath_1.Instr[18_bF$buf42]
 _5318__bF$buf4
 _5332_
 _5326__bF$buf3
 _3661_
 datapath_1.Instr[21_bF$buf16]
 _5069_
 _5334_
 _4168_
 _2523_
 _4240_
 _2324_
 _3567__bF$buf8
 _2327_
 datapath_1.Instr[22_bF$buf8]
 _2563_
 _3656_
 datapath_1.Instr[16_bF$buf2]
 datapath_1.RegisterFile.regfile_mem[7][1]
 _3988_
 datapath_1.RegisterFile.regfile_mem[17][12]
 datapath_1.Instr[22_bF$buf28]
 _5314_
 datapath_1.RegisterFile.regfile_mem[8][1]
 _3215_
 _2397_
 _1890__bF$buf7
 datapath_1.Instr[16_bF$buf52]
 datapath_1.Instr[21_bF$buf27]
 datapath_1.RegisterFile.regfile_mem[4][0]
 _3663_
 _2066_
 _5265__bF$buf3
 _2064_
 _5296__bF$buf3
 datapath_1.Instr[16_bF$buf55]
 _1883_
 _3031_
 _3555_
 _3554_
 _3569_
 _4002_
 datapath_1.Instr[20_bF$buf5]
 _3569__bF$buf2
 datapath_1.Instr[18_bF$buf44]
 _4507_
 _5111_
 _3566__bF$buf4
 _3628_
 _4745_
 _4992_
 _5265__bF$buf90
 _3603_
 _5310__bF$buf2
 _5326__bF$buf2
 _3644_
 datapath_1.Instr[21_bF$buf1]
 datapath_1.Instr[22_bF$buf39]
 _3556_
 datapath_1.RD1[31]
 datapath_1.Instr[23]
 _1883__bF$buf4
 _5328__bF$buf2
 _1890__bF$buf5
 datapath_1.RegisterFile.regfile_mem[4][9]
 datapath_1.Instr[23_bF$buf3_bF$buf2]
 _3169_
 _3168_
 _1885__bF$buf3
 _3588__bF$buf16
 datapath_1.Instr[16_bF$buf16]
 _2854_
 _2626_
 datapath_1.Instr[18_bF$buf1]
 datapath_1.RegisterFile.regfile_mem[12][22]
 datapath_1.RegisterFile.regfile_mem[0][18]
 _4637_
 datapath_1.Instr[21_bF$buf47]
 _6316_
 _4072_
 _1239_
 _3490_
 _4736_
 datapath_1.RegisterFile.regfile_mem[6][22]
 _3566__bF$buf6
 datapath_1.RegisterFile.regfile_mem[0][30]
 _4517_
 datapath_1.Instr[18_bF$buf17]
 _1887__bF$buf4
 _3627_
 _3475_
 datapath_1.Instr[17_bF$buf41]
 datapath_1.Instr[21_bF$buf4]
 datapath_1.Instr[16_bF$buf38]
 _1917__bF$buf2
 _5411__bF$buf5
 datapath_1.RegisterFile.regfile_mem[0][29]
 datapath_1.RegisterFile.regfile_mem[6][20]
 datapath_1.Instr[16_bF$buf52]
 _6385_
 _6182__bF$buf1
 datapath_1.Instr[23_bF$buf6_bF$buf1]
 clk_bF$buf36
 _5377__bF$buf6
 datapath_1.RegisterFile.regfile_mem[9][20]
 _5298__bF$buf3
 datapath_1.RegisterFile.regfile_mem[1][16]
 _3394_
 _3405_
 _3588__bF$buf36
 datapath_1.Instr[17_bF$buf45]
 _5265__bF$buf44
 datapath_1.Instr[21_bF$buf12]
 datapath_1.Instr[16_bF$buf12]
 datapath_1.Instr[17_bF$buf29]
 _1890__bF$buf47
 datapath_1.Instr[21_bF$buf14]
 datapath_1.RegisterFile.regfile_mem[12][2]
 _2573_
 _3114_
 _5613__bF$buf3
 datapath_1.RegisterFile.regfile_mem[9][23]
 datapath_1.RegisterFile.regfile_mem[8][27]
 _5812_
 datapath_1.RegisterFile.regfile_mem[0][23]
 _4807_
 _2620_
 datapath_1.RegisterFile.regfile_mem[12][13]
 datapath_1.RegisterFile.regfile_mem[13][23]
 datapath_1.Instr[21_bF$buf28]
 datapath_1.Instr[17_bF$buf12]
 _4792_
 _3347_
 _6149__bF$buf2
 _4308_
 datapath_1.Instr[22_bF$buf46]
 datapath_1.Instr[18_bF$buf4]
 datapath_1.RegisterFile.regfile_mem[19][17]
 datapath_1.Instr[16_bF$buf1]
 datapath_1.Instr[17]_hier0_bF$buf2
 _5276__bF$buf3
 datapath_1.Instr[20_bF$buf3]
 _2381_
 datapath_1.Instr[17_bF$buf16]
 _4490_
 _4306_
 datapath_1.Instr[16_bF$buf39]
 _1883__bF$buf0
 _4821_
 _4564_
 datapath_1.Instr[22_bF$buf35]
 datapath_1.Instr[17_bF$buf7]
 _2876_
 _3275_
 datapath_1.Instr[21_bF$buf43]
 datapath_1.Instr[18_bF$buf2]
 datapath_1.RegisterFile.regfile_mem[21][12]
 _3824_
 _3970_
 datapath_1.RegisterFile.regfile_mem[14][25]
 _2316_
 datapath_1.RegisterFile.regfile_mem[4][20]
 datapath_1.RegisterFile.regfile_mem[10][16]
 datapath_1.RegisterFile.regfile_mem[0][7]
 datapath_1.Instr[21_bF$buf8]
 datapath_1.Instr[22_bF$buf31]
 datapath_1.RegisterFile.regfile_mem[17][28]
 _3152_
 datapath_1.RegisterFile.regfile_mem[20][20]
 datapath_1.RegisterFile.regfile_mem[11][11]
 _2031_
 datapath_1.Instr[18_bF$buf19]
 _3588__hier0_bF$buf1
 _3972_
 datapath_1.RegisterFile.regfile_mem[20][28]
 datapath_1.RegisterFile.regfile_mem[28][28]
 _3362_
 datapath_1.Instr[22_bF$buf2]
 _1747_
 datapath_1.Instr[18_bF$buf43]
 _3128_
 datapath_1.Instr[18_bF$buf33]
 _2032_
 _1890__bF$buf29
 _2055_
 datapath_1.Instr[21_bF$buf18]
 datapath_1.Instr[22_bF$buf38]
 datapath_1.RegisterFile.regfile_mem[13][13]
 clk_bF$buf53
 _2369_
 datapath_1.RegisterFile.regfile_mem[31][26]
 datapath_1.Instr[21]
 _4035_
 datapath_1.RegisterFile.regfile_mem[16][3]
 _3566__bF$buf9
 _3076_
 _5269_
 _2859_
 _5237_
 _3312_
 _2646_
 _4719_
 datapath_1.RegisterFile.regfile_mem[25][21]
 datapath_1.RD1[5]
 _5274_
 _2371_
 datapath_1.RegisterFile.regfile_mem[6][30]
 _3008_
 datapath_1.Instr[16_bF$buf50]
 datapath_1.Instr[21_bF$buf49]
 _1488_
 datapath_1.RegisterFile.regfile_mem[10][28]
 datapath_1.Instr[18]_hier0_bF$buf0
 datapath_1.Instr[22_bF$buf27]
 _4162_
 datapath_1.Instr[16_bF$buf48]
 datapath_1.RegisterFile.regfile_mem[19][19]
 datapath_1.RegisterFile.regfile_mem[30][3]
 _6250__bF$buf1
 _4189_
 datapath_1.Instr[21_bF$buf11]
 _3571__bF$buf0
 datapath_1.RegisterFile.regfile_mem[7][16]
 _4838_
 _3566__bF$buf2
 _4402_
 _5324__bF$buf4
 datapath_1.Instr[21_bF$buf22]
 datapath_1.RegisterFile.regfile_mem[17][7]
 _2707_
 datapath_1.Instr[22_bF$buf16]
 datapath_1.Instr[23_bF$buf11_bF$buf1]
 _4966_
 datapath_1.Instr[16_bF$buf18]
 datapath_1.Instr[16_bF$buf7]
 datapath_1.Instr[17_bF$buf4]
 datapath_1.Instr[23_bF$buf2_bF$buf2]
 _1914_
 datapath_1.Instr[16_bF$buf4]
 _5712_
 _1890__bF$buf36
 _4485_
 datapath_1.RegisterFile.regfile_mem[16][17]
 _3459_
 _4254_
 _2773_
 _1887__bF$buf2
 datapath_1.Instr[22_bF$buf4]
 _3952_
 _3953_
 datapath_1.RegisterFile.regfile_mem[7][7]
 datapath_1.RegisterFile.regfile_mem[11][1]
 _1890__bF$buf42
 _1278_
 _5103_
 _2695_
 _5107_
 _5512__bF$buf2
 _2524_
 datapath_1.RegisterFile.regfile_mem[9][14]
 _5746__bF$buf6
 datapath_1.RegisterFile.regfile_mem[30][23]
 datapath_1.Instr[17_bF$buf21]
 _1890__bF$buf30
 datapath_1.Instr[21_bF$buf40]
 datapath_1.RegisterFile.regfile_mem[13][22]
 datapath_1.Instr[17_bF$buf14]
 datapath_1.Instr[16_bF$buf13]
 datapath_1.RegisterFile.regfile_mem[12][18]
 _2618_
 _2220_
 _3073_
 _2867_
 datapath_1.Instr[17_bF$buf13]
 datapath_1.Instr[23_bF$buf12_bF$buf1]
 _2574_
 _2753_
 _2756_
 _3588__bF$buf11
 _4599_
 datapath_1.Instr[24_bF$buf1]
 datapath_1.RegisterFile.regfile_mem[30][19]
 _2552_
 _2518_
 _5280__bF$buf4
 _5314__bF$buf0
 datapath_1.Instr[21_bF$buf21]
 _2502_
 datapath_1.RegisterFile.regfile_mem[3][15]
 datapath_1.RegisterFile.regfile_mem[12][16]
 datapath_1.RegisterFile.regfile_mem[12][7]
 datapath_1.Instr[17_bF$buf46]
 datapath_1.Instr[17_bF$buf44]
 _2053_
 datapath_1.Instr[23_bF$buf11_bF$buf0]
 _1890__hier0_bF$buf4
 _3175_
 _3388_
 datapath_1.RegisterFile.regfile_mem[7][19]
 datapath_1.RegisterFile.regfile_mem[10][12]
 _4126_
 _2454_
 _4551_
 _2399_
 datapath_1.Instr[17_bF$buf9]
 _5812__bF$buf2
 datapath_1.RegisterFile.regfile_mem[13][31]
 _5706_
 _2889_
 datapath_1.Instr[21_bF$buf38]
 datapath_1.Instr[16_bF$buf9]
 _1988_
 _2356_
 datapath_1.RegisterFile.regfile_mem[9][9]
 datapath_1.RD1[6]
 datapath_1.RD1[18]
 datapath_1.Instr[21_bF$buf30]
 datapath_1.Instr[25_bF$buf5]
 datapath_1.Instr[23_bF$buf9_bF$buf2]
 datapath_1.Instr[23_bF$buf1]
 _5351_
 _4037_
 datapath_1.Instr[23_bF$buf4_bF$buf3]
 datapath_1.Instr[17_bF$buf50]
 _2314_
 datapath_1.Instr[16_bF$buf49]
 _3981_
 _1890__bF$buf2
 datapath_1.Instr[18_bF$buf40]
 _3150_
 _6350__bF$buf5
 _3346_
 _3406_
 datapath_1.Instr[21_bF$buf51]
 datapath_1.Instr[18_bF$buf25]
 _5318__bF$buf3
 _3588__bF$buf23
 datapath_1.RegisterFile.regfile_mem[13][5]
 datapath_1.RegisterFile.regfile_mem[3][18]
 _2159_
 _2384_
 _2161_
 datapath_1.RegisterFile.regfile_mem[1][5]
 _3567__bF$buf6
 datapath_1.RegisterFile.regfile_mem[8][18]
 datapath_1.RegisterFile.regfile_mem[0][4]
 datapath_1.RegisterFile.regfile_mem[13][12]
 _2239_
 _6345_
 _4614_
 datapath_1.RegisterFile.regfile_mem[21][19]
 _5298_
 datapath_1.RegisterFile.regfile_mem[30][7]
 datapath_1.RegisterFile.regfile_mem[29][15]
 datapath_1.RegisterFile.regfile_mem[29][28]
 _3752_
 datapath_1.RegisterFile.regfile_mem[4][14]
 datapath_1.RegisterFile.regfile_mem[14][19]
 _1885__bF$buf10
 datapath_1.RD1[1]
 _4000_
 datapath_1.RegisterFile.regfile_mem[4][2]
 _2571_
 datapath_1.Instr[17_bF$buf0]
 datapath_1.Instr[16_bF$buf21]
 _5479__bF$buf1
 datapath_1.Instr[18_bF$buf37]
 datapath_1.RegisterFile.regfile_mem[0][6]
 _3398_
 datapath_1.Instr[21_bF$buf6]
 _1634_
 datapath_1.RegisterFile.regfile_mem[3][3]
 _2723_
 _5512_
 datapath_1.RegisterFile.regfile_mem[5][3]
 clk_bF$buf112
 datapath_1.Instr[18_bF$buf39]
 _5580__bF$buf4
 _709_
 datapath_1.ALU.aluInA[25]
 _669_
 _3567__bF$buf0
 _466_
 datapath_1.PC_prima[23]
 datapath_1.Instr[14]
 _6828_
 _7173_
 _6476_
 _6474_
 _7161_
 datapath_1.PC[22]
 datapath_1.PC[21]
 _6664_
 _17_
 _6724_
 _6983_[3]
 _6955_
 rst
 _3403_
 _3588__bF$buf16
 datapath_1.Instr[21_bF$buf46]
 datapath_1.RegisterFile.regfile_mem[22][3]
 _6350_
 _6779_
 _6383__bF$buf0
 _6796_
 _6775_
 _6780_
 _6742_
 datapath_1.Instr[12]
 _0_[4]
 _8_
 _6982_
 _6607_
 aluControl_1.inst[5]
 _6547__bF$buf1
 _6623_
 _6551__bF$buf1
 aluControl[2]
 _6536_
 _6571_
 _6690_
 _6544_
 datapath_1.ALU.aluInA[31]
 _6551_
 datapath_1.ALU.aluInB[25]
 datapath_1.ALU.aluInB[11]
 datapath_1.Instr[6]
 _6646_
 datapath_1.A[29]
 _6547__bF$buf0
 _2_[5]
 datapath_1.ALU.aluResult[11]
 _6551_
 _2_[25]
 datapath_1.ALU.aluResult[22]
 _6385__bF$buf4
 _6383__bF$buf2
 _6388__bF$buf1
 _6387__bF$buf4
 datapath_1.A[10]
 datapath_1.PC_prima[3]
 _6534_
 datapath_1.ALUOut[23]
 PCSource[1_bF$buf3]
 _6433_
 datapath_1.PCEn
 datapath_1.ALU.aluResult[8]
 datapath_1.ALU.aluInA[13]
 datapath_1.Instr[9]
 datapath_1.Instr[13]
 _7115_[5]
 _7129_
 _6430_
 datapath_1.Instr[16_bF$buf23]
 datapath_1.Instr[21_bF$buf33]
 _1885__bF$buf0
 _2611_
 _3565__bF$buf0
 _4119_
 datapath_1.Instr[16_bF$buf3]
 _5302_
 datapath_1.RegisterFile.regfile_mem[15][24]
 _4955_
 _1719_
 datapath_1.Instr[21_bF$buf10]
 datapath_1.Instr[17_bF$buf16]
 _1721_
 datapath_1.RegisterFile.regfile_mem[13][15]
 _5073_
 datapath_1.Instr[16_bF$buf41]
 datapath_1.RegisterFile.regfile_mem[17][19]
 _2291_
 _1289_
 datapath_1.Instr[22_bF$buf17]
 _5479_
 datapath_1.RegisterFile.regfile_mem[2][21]
 _5517_
 clk
 _1890__bF$buf41
 _5519_
 _1662_
 datapath_1.RegisterFile.regfile_mem[9][31]
 _2662_
 _5296__bF$buf3
 datapath_1.Instr[22_bF$buf33]
 datapath_1.RegisterFile.regfile_mem[28][1]
 datapath_1.Instr[21_bF$buf23]
 _6283__bF$buf3
 _1886_
 _6046_
 datapath_1.Instr[16_bF$buf21]
 clk_bF$buf81
 datapath_1.Instr[22_bF$buf34]
 _4074_
 datapath_1.RegisterFile.regfile_mem[2][27]
 datapath_1.Instr[21_bF$buf24]
 _4342_
 _4249_
 datapath_1.RegisterFile.regfile_mem[0][1]
 _3588__bF$buf6
 datapath_1.RegisterFile.regfile_mem[25][19]
 datapath_1.RegisterFile.regfile_mem[11][26]
 datapath_1.Instr[21_bF$buf28]
 _5328__bF$buf3
 _3893_
 datapath_1.Instr[16_bF$buf0]
 datapath_1.RegisterFile.regfile_mem[16][5]
 _5950_
 datapath_1.RegisterFile.regfile_mem[19][20]
 datapath_1.Instr[16_bF$buf34]
 datapath_1.Instr[21_bF$buf55]
 datapath_1.Instr[19_bF$buf5]
 datapath_1.Instr[16_bF$buf44]
 _3733_
 datapath_1.Instr[22_bF$buf14]
 _4416_
 _5746_
 _4415_
 _5059_
 datapath_1.RegisterFile.regfile_mem[17][20]
 _3748_
 _2059_
 _5263_
 _2614_
 _5338_
 datapath_1.RD2[26]
 _3588__bF$buf5
 datapath_1.Instr[22_bF$buf8]
