260 nets failed to route:
 _583_
 _638_
 _720_
 _715_
 _586_
 _551_
 _765_
 _791_
 _787_
 _788_
 _468_
 _563_
 _512_
 _520_
 _488_
 _525_
 _475_
 _794_
 _800_
 _473_
 _545_
 _524_
 _480_
 _460_
 _763_
 _766_
 _486_
 MAC.ROM[0_bF$buf2]
 _420_[2]
 _789_
 _784_
 MAC.ROM[0_bF$buf1]
 _803_
 _629_
 _462_
 _519_
 _917_
 asr1.clk_bF$buf3
 _168_
 _535_
 clk_bF$buf6
 _421_
 MAC.Adder[3]
 _1018_
 asr2.en_bF$buf7
 _942_
 asr2.cables[6][6]
 _928_
 asr2.en
 _938_
 _207_
 asr2.clk_bF$buf4
 asr1.cables[7][7]
 _819_
 _367_
 asr1.q[7]
 _922_
 asr1.cables[3][2]
 asr1.cables[2][3]
 asr1.cables[6][1]
 _836_
 _921_
 _155_[3]
 _885_
 _806_
 _824_
 _804_
 _288_[5]
 retardo_asr_2.connect_wire[1][7]
 retardo_asr_2.connect_wire[1][2]
 retardo_asr_1.connect_wire[1][6]
 _867_
 clk_bF$buf3
 retardo_asr_1.connect_wire[1][5]
 _491_
 gnd
 _477_
 _439_
 _556_
 _555_
 _289_
 _1033_
 _192_
 asr2.cables[1][2]
 asr2.clk
 _235_
 asr2.cables[6][0]
 _1045_
 down_counter.contador[0]
 _1038_
 _196_
 _211_
 asr2.clk_bF$buf5
 asr2.en_bF$buf0
 _995_
 asr2.en_bF$buf3
 _228_
 asr2.clk_bF$buf6
 _946_
 asr2.cables[8][1]
 rst_bF$buf3
 asr2.cables[8][2]
 _967_
 _253_
 _192_
 _307_
 _994_
 _1045_
 asr2.q[0]
 asr2.cables[7][1]
 asr2.cables[7][3]
 _952_
 _271_
 _966_
 asr2.en_bF$buf10
 _932_
 _222_
 _933_
 _879_
 _120_
 asr1.cables[1][0]
 asr1.cables[2][1]
 _805_
 rst_bF$buf1
 asr1.q[2]
 dout[7]
 up_counter.contador[0]
 _1_
 _866_
 _3_[2]
 _864_
 _137_[4]
 asr1.clk
 _41_
 _918_
 asr1.cables[7][0]
 asr1.cables[7][4]
 _872_
 asr1.clk_bF$buf5
 _80_
 rst_bF$buf2
 _5_
 _809_
 _59_
 vdd
 _852_
 _542_
 _742_
 _653_
 _571_
 _438_[6]
 _736_
 MAC.clr_bF$buf3
 _452_
 _635_
 _513_
 _741_
 _645_
 _584_
 _454_
 _511_
 _517_
 _463_
 _748_
 _746_
 _596_
 _476_
 MAC.ROM[1]
 _514_
 _548_
 MAC.ROM[4]
 _443_
 _446_
 _490_
 _657_
 _747_
 _531_
 _481_
 _799_
 _529_
 _666_
 _621_
 _792_
 _440_
 _628_
 _458_
 retardo_asr_1.connect_wire[1][1]
 _1011_
 _202_
 _1047_
 _944_
 _252_[0]
 asr2.cables[3][3]
 _953_
 asr2.cables[5][7]
 _226_
 _960_
 _959_
 _288_[3]
 asr2.q[4]
 asr2.cables[3][5]
 _1044_
 _218_
 _1025_
 _210_
 _927_
 asr1.q[3]
 _23_
 asr1.cables[7][6]
 _84_
 _58_[0]
 _126_
 _890_
 _648_
 _656_
 _651_
 _658_
 _734_
 _502_
 _489_
 _776_
 _773_
 _642_
 _723_
 _739_
 _728_
 _641_
 _622_
 _691_
 _673_
 MAC.ROM[6]
 _786_
 _754_
 MAC.Adder[4]
 _790_
 _537_
 _631_
 _598_
 _590_
 _632_
 _626_
 _602_
 _603_
 _608_
 _609_
 _610_
 MAC.Adder[1]
 _669_
 _600_
 MAC.ROM[3]
 _801_
 _500_
 _662_
 _654_
 MAC.clr_bF$buf0
 _696_
 _483_
 _566_
 _560_
 vdd
