Vesta static timing analysis, register-to-register maximum timing

Top 20 maximum delay paths:
Path DFFPOSX1_1220/CLK to DFFPOSX1_1216/D delay 7489.77 ps
      0.0 ps                   clk_bF_buf0:   CLKBUF1_114/Y -> DFFPOSX1_1220/CLK
    308.0 ps            control_1_state_3_: DFFPOSX1_1220/Q ->     INVX1_224/A
    469.3 ps                          _23_:     INVX1_224/Y ->   NAND2X1_912/B
    931.7 ps                          _24_:   NAND2X1_912/Y ->   OAI22X1_109/B
   1359.8 ps                          IorD:   OAI22X1_109/Y ->     BUFX2_329/A
   1691.5 ps                  IorD_bF_buf6:     BUFX2_329/Y ->    NOR2X1_154/A
   1872.3 ps                          _38_:    NOR2X1_154/Y ->   NAND2X1_923/B
   2077.0 ps                    ALUSrcB_1_:   NAND2X1_923/Y ->    BUFX2_1263/A
   2362.8 ps            ALUSrcB_1_bF_buf2_:    BUFX2_1263/Y ->    NOR2X1_143/A
   2595.0 ps                        _6551_:    NOR2X1_143/Y ->    BUFX2_1267/A
   2933.2 ps                _6551__bF_buf3:    BUFX2_1267/Y ->    AOI22X1_88/A
   3094.0 ps                        _6559_:    AOI22X1_88/Y ->  NAND3X1_1267/C
   3514.5 ps      datapath_1_ALU_aluInB_2_:  NAND3X1_1267/Y ->     INVX1_295/A
   3787.4 ps                         _283_:     INVX1_295/Y ->   NAND2X1_968/B
   3991.8 ps                         _296_:   NAND2X1_968/Y ->  OAI21X1_1461/A
   4223.5 ps                         _321_:  OAI21X1_1461/Y ->   AOI21X1_518/C
   4497.9 ps                         _322_:   AOI21X1_518/Y ->  OAI21X1_1488/B
   4808.5 ps                         _403_:  OAI21X1_1488/Y ->   AOI21X1_538/A
   5149.0 ps                         _551_:   AOI21X1_538/Y ->  OAI21X1_1585/B
   5524.2 ps                         _698_:  OAI21X1_1585/Y ->   AOI21X1_564/A
   5833.2 ps                         _776_:   AOI21X1_564/Y ->  OAI21X1_1632/B
   6059.8 ps                         _825_:  OAI21X1_1632/Y ->  NAND2X1_1054/B
   6189.7 ps                         _840_:  NAND2X1_1054/Y ->  NAND3X1_1407/C
   6299.2 ps                         _843_:  NAND3X1_1407/Y ->  NAND3X1_1408/B
   6430.0 ps                         _845_:  NAND3X1_1408/Y ->  NAND3X1_1411/C
   6588.1 ps  datapath_1_ALU_aluResult_31_:  NAND3X1_1411/Y ->    AOI22X1_85/B
   6727.5 ps                        _6482_:    AOI22X1_85/Y ->  NAND3X1_1258/C
   6833.9 ps       datapath_1_PC_prima_31_:  NAND3X1_1258/Y ->   NAND2X1_907/B
   6934.2 ps                        _7178_:   NAND2X1_907/Y ->   AOI21X1_504/B
   7020.1 ps                    _7115__31_:   AOI21X1_504/Y -> DFFPOSX1_1216/D

   clock skew at destination = 158.92
   setup at destination = 310.772

Path DFFPOSX1_1220/CLK to DFFPOSX1_1214/D delay 7354.31 ps
      0.0 ps                   clk_bF_buf0:   CLKBUF1_114/Y -> DFFPOSX1_1220/CLK
    308.0 ps            control_1_state_3_: DFFPOSX1_1220/Q ->     INVX1_224/A
    469.3 ps                          _23_:     INVX1_224/Y ->   NAND2X1_912/B
    931.7 ps                          _24_:   NAND2X1_912/Y ->   OAI22X1_109/B
   1359.8 ps                          IorD:   OAI22X1_109/Y ->     BUFX2_329/A
   1691.5 ps                  IorD_bF_buf6:     BUFX2_329/Y ->    NOR2X1_154/A
   1872.3 ps                          _38_:    NOR2X1_154/Y ->   NAND2X1_923/B
   2077.0 ps                    ALUSrcB_1_:   NAND2X1_923/Y ->    BUFX2_1263/A
   2362.8 ps            ALUSrcB_1_bF_buf2_:    BUFX2_1263/Y ->    NOR2X1_143/A
   2595.0 ps                        _6551_:    NOR2X1_143/Y ->    BUFX2_1267/A
   2933.2 ps                _6551__bF_buf3:    BUFX2_1267/Y ->    AOI22X1_88/A
   3094.0 ps                        _6559_:    AOI22X1_88/Y ->  NAND3X1_1267/C
   3514.5 ps      datapath_1_ALU_aluInB_2_:  NAND3X1_1267/Y ->     INVX1_295/A
   3787.4 ps                         _283_:     INVX1_295/Y ->   NAND2X1_968/B
   3991.8 ps                         _296_:   NAND2X1_968/Y ->  OAI21X1_1461/A
   4223.5 ps                         _321_:  OAI21X1_1461/Y ->   AOI21X1_518/C
   4497.9 ps                         _322_:   AOI21X1_518/Y ->  OAI21X1_1488/B
   4808.5 ps                         _403_:  OAI21X1_1488/Y ->   AOI21X1_538/A
   5149.0 ps                         _551_:   AOI21X1_538/Y ->  OAI21X1_1585/B
   5524.2 ps                         _698_:  OAI21X1_1585/Y ->   AOI21X1_564/A
   5833.2 ps                         _776_:   AOI21X1_564/Y ->  OAI21X1_1625/B
   6021.4 ps                         _809_:  OAI21X1_1625/Y ->  OAI21X1_1629/B
   6149.1 ps                         _818_:  OAI21X1_1629/Y ->     AND2X2_34/A
   6311.8 ps                         _822_:     AND2X2_34/Y ->  OAI21X1_1631/C
   6447.1 ps  datapath_1_ALU_aluResult_29_:  OAI21X1_1631/Y ->    AOI22X1_83/B
   6590.8 ps                        _6476_:    AOI22X1_83/Y ->  NAND3X1_1252/C
   6698.3 ps       datapath_1_PC_prima_29_:  NAND3X1_1252/Y ->   NAND2X1_903/B
   6798.8 ps                        _7174_:   NAND2X1_903/Y ->   AOI21X1_502/B
   6884.6 ps                    _7115__29_:   AOI21X1_502/Y -> DFFPOSX1_1214/D

   clock skew at destination = 158.92
   setup at destination = 310.774

Path DFFPOSX1_1220/CLK to DFFPOSX1_1215/D delay 7349.8 ps
      0.0 ps                   clk_bF_buf0:   CLKBUF1_114/Y -> DFFPOSX1_1220/CLK
    308.0 ps            control_1_state_3_: DFFPOSX1_1220/Q ->     INVX1_224/A
    469.3 ps                          _23_:     INVX1_224/Y ->   NAND2X1_912/B
    931.7 ps                          _24_:   NAND2X1_912/Y ->   OAI22X1_109/B
   1359.8 ps                          IorD:   OAI22X1_109/Y ->     BUFX2_329/A
   1691.5 ps                  IorD_bF_buf6:     BUFX2_329/Y ->    NOR2X1_154/A
   1872.3 ps                          _38_:    NOR2X1_154/Y ->   NAND2X1_923/B
   2077.0 ps                    ALUSrcB_1_:   NAND2X1_923/Y ->    BUFX2_1263/A
   2362.8 ps            ALUSrcB_1_bF_buf2_:    BUFX2_1263/Y ->    NOR2X1_143/A
   2595.0 ps                        _6551_:    NOR2X1_143/Y ->    BUFX2_1266/A
   2933.2 ps                _6551__bF_buf4:    BUFX2_1266/Y ->    AOI22X1_93/A
   3094.0 ps                        _6574_:    AOI22X1_93/Y ->  NAND3X1_1282/C
   3385.6 ps      datapath_1_ALU_aluInB_7_:  NAND3X1_1282/Y ->     AND2X2_20/B
   3681.2 ps                         _373_:     AND2X2_20/Y ->    NOR2X1_243/B
   4003.6 ps                         _374_:    NOR2X1_243/Y ->   NAND2X1_985/A
   4278.3 ps                         _384_:   NAND2X1_985/Y ->  OAI21X1_1485/B
   4478.9 ps                         _388_:  OAI21X1_1485/Y ->   AOI21X1_525/C
   4777.4 ps                         _389_:   AOI21X1_525/Y ->  OAI21X1_1537/B
   5093.0 ps                         _563_:  OAI21X1_1537/Y ->   AOI21X1_557/A
   5455.4 ps                         _712_:   AOI21X1_557/Y ->  OAI21X1_1616/B
   5722.3 ps                         _785_:  OAI21X1_1616/Y ->   AOI21X1_573/A
   5973.7 ps                         _833_:   AOI21X1_573/Y ->   AOI21X1_574/A
   6110.3 ps                         _834_:   AOI21X1_574/Y ->  OAI21X1_1635/C
   6226.7 ps                         _835_:  OAI21X1_1635/Y ->  NAND3X1_1406/A
   6432.4 ps  datapath_1_ALU_aluResult_30_:  NAND3X1_1406/Y ->    AOI22X1_84/B
   6583.3 ps                        _6479_:    AOI22X1_84/Y ->  NAND3X1_1255/C
   6693.3 ps       datapath_1_PC_prima_30_:  NAND3X1_1255/Y ->   NAND2X1_905/B
   6794.2 ps                        _7176_:   NAND2X1_905/Y ->   AOI21X1_503/B
   6880.1 ps                    _7115__30_:   AOI21X1_503/Y -> DFFPOSX1_1215/D

   clock skew at destination = 158.92
   setup at destination = 310.779

Path DFFPOSX1_1220/CLK to DFFPOSX1_1212/D delay 7331.58 ps
      0.0 ps                   clk_bF_buf0:   CLKBUF1_114/Y -> DFFPOSX1_1220/CLK
    308.0 ps            control_1_state_3_: DFFPOSX1_1220/Q ->     INVX1_224/A
    469.3 ps                          _23_:     INVX1_224/Y ->   NAND2X1_912/B
    931.7 ps                          _24_:   NAND2X1_912/Y ->   OAI22X1_109/B
   1359.8 ps                          IorD:   OAI22X1_109/Y ->     BUFX2_329/A
   1691.5 ps                  IorD_bF_buf6:     BUFX2_329/Y ->    NOR2X1_154/A
   1872.3 ps                          _38_:    NOR2X1_154/Y ->   NAND2X1_923/B
   2077.0 ps                    ALUSrcB_1_:   NAND2X1_923/Y ->    BUFX2_1263/A
   2362.8 ps            ALUSrcB_1_bF_buf2_:    BUFX2_1263/Y ->    NOR2X1_143/A
   2595.0 ps                        _6551_:    NOR2X1_143/Y ->    BUFX2_1267/A
   2933.2 ps                _6551__bF_buf3:    BUFX2_1267/Y ->    AOI22X1_88/A
   3094.0 ps                        _6559_:    AOI22X1_88/Y ->  NAND3X1_1267/C
   3514.5 ps      datapath_1_ALU_aluInB_2_:  NAND3X1_1267/Y ->     INVX1_295/A
   3787.4 ps                         _283_:     INVX1_295/Y ->   NAND2X1_968/B
   3991.8 ps                         _296_:   NAND2X1_968/Y ->  OAI21X1_1461/A
   4223.5 ps                         _321_:  OAI21X1_1461/Y ->   AOI21X1_518/C
   4497.9 ps                         _322_:   AOI21X1_518/Y ->  OAI21X1_1488/B
   4808.5 ps                         _403_:  OAI21X1_1488/Y ->   AOI21X1_538/A
   5149.0 ps                         _551_:   AOI21X1_538/Y ->  OAI21X1_1585/B
   5524.2 ps                         _698_:  OAI21X1_1585/Y ->  NAND2X1_1044/B
   5706.2 ps                         _746_:  NAND2X1_1044/Y ->   AOI21X1_562/A
   5876.1 ps                         _747_:   AOI21X1_562/Y ->    NOR2X1_306/B
   6046.5 ps                         _757_:    NOR2X1_306/Y ->   AOI21X1_563/A
   6171.0 ps                         _758_:   AOI21X1_563/Y ->  OAI21X1_1608/C
   6282.8 ps                         _759_:  OAI21X1_1608/Y ->  NAND3X1_1404/C
   6441.5 ps  datapath_1_ALU_aluResult_27_:  NAND3X1_1404/Y ->    AOI22X1_81/B
   6581.0 ps                        _6470_:    AOI22X1_81/Y ->  NAND3X1_1246/C
   6687.4 ps       datapath_1_PC_prima_27_:  NAND3X1_1246/Y ->   NAND2X1_899/B
   6787.7 ps                        _7170_:   NAND2X1_899/Y ->   AOI21X1_500/B
   6873.6 ps                    _7115__27_:   AOI21X1_500/Y -> DFFPOSX1_1212/D

   clock skew at destination = 153.597
   setup at destination = 304.396

Path DFFPOSX1_1220/CLK to DFFPOSX1_1208/D delay 7309.49 ps
      0.0 ps                   clk_bF_buf0:   CLKBUF1_114/Y -> DFFPOSX1_1220/CLK
    308.0 ps            control_1_state_3_: DFFPOSX1_1220/Q ->     INVX1_224/A
    469.3 ps                          _23_:     INVX1_224/Y ->   NAND2X1_912/B
    931.7 ps                          _24_:   NAND2X1_912/Y ->   OAI22X1_109/B
   1359.8 ps                          IorD:   OAI22X1_109/Y ->     BUFX2_329/A
   1691.5 ps                  IorD_bF_buf6:     BUFX2_329/Y ->    NOR2X1_154/A
   1872.3 ps                          _38_:    NOR2X1_154/Y ->   NAND2X1_923/B
   2077.0 ps                    ALUSrcB_1_:   NAND2X1_923/Y ->    BUFX2_1263/A
   2362.8 ps            ALUSrcB_1_bF_buf2_:    BUFX2_1263/Y ->    NOR2X1_143/A
   2595.0 ps                        _6551_:    NOR2X1_143/Y ->    BUFX2_1267/A
   2933.2 ps                _6551__bF_buf3:    BUFX2_1267/Y ->    AOI22X1_88/A
   3094.0 ps                        _6559_:    AOI22X1_88/Y ->  NAND3X1_1267/C
   3514.5 ps      datapath_1_ALU_aluInB_2_:  NAND3X1_1267/Y ->     INVX1_295/A
   3787.4 ps                         _283_:     INVX1_295/Y ->   NAND2X1_968/B
   3991.8 ps                         _296_:   NAND2X1_968/Y ->  OAI21X1_1461/A
   4223.5 ps                         _321_:  OAI21X1_1461/Y ->   AOI21X1_518/C
   4497.9 ps                         _322_:   AOI21X1_518/Y ->  OAI21X1_1488/B
   4808.5 ps                         _403_:  OAI21X1_1488/Y ->   AOI21X1_538/A
   5149.0 ps                         _551_:   AOI21X1_538/Y ->  OAI21X1_1563/B
   5477.3 ps                         _628_:  OAI21X1_1563/Y ->  NAND2X1_1030/B
   5687.7 ps                         _655_:  NAND2X1_1030/Y ->   AOI21X1_554/A
   5912.7 ps                         _659_:   AOI21X1_554/Y ->  OAI21X1_1581/B
   6067.7 ps                         _677_:  OAI21X1_1581/Y ->  NAND3X1_1397/B
   6216.6 ps                         _678_:  NAND3X1_1397/Y ->  NAND3X1_1399/B
   6401.6 ps  datapath_1_ALU_aluResult_23_:  NAND3X1_1399/Y ->    AOI22X1_77/B
   6534.2 ps                        _6458_:    AOI22X1_77/Y ->  NAND3X1_1234/C
   6640.5 ps       datapath_1_PC_prima_23_:  NAND3X1_1234/Y ->   NAND2X1_891/B
   6740.8 ps                        _7162_:   NAND2X1_891/Y ->   AOI21X1_496/B
   6832.3 ps                    _7115__23_:   AOI21X1_496/Y -> DFFPOSX1_1208/D

   clock skew at destination = 158.92
   setup at destination = 318.26

Path DFFPOSX1_1220/CLK to DFFPOSX1_1056/D delay 7266.65 ps
      0.0 ps                   clk_bF_buf0:   CLKBUF1_114/Y -> DFFPOSX1_1220/CLK
    308.0 ps            control_1_state_3_: DFFPOSX1_1220/Q ->     INVX1_224/A
    469.3 ps                          _23_:     INVX1_224/Y ->   NAND2X1_912/B
    931.7 ps                          _24_:   NAND2X1_912/Y ->   OAI22X1_109/B
   1359.8 ps                          IorD:   OAI22X1_109/Y ->     BUFX2_329/A
   1691.5 ps                  IorD_bF_buf6:     BUFX2_329/Y ->    NOR2X1_154/A
   1872.3 ps                          _38_:    NOR2X1_154/Y ->   NAND2X1_923/B
   2077.0 ps                    ALUSrcB_1_:   NAND2X1_923/Y ->    BUFX2_1263/A
   2362.8 ps            ALUSrcB_1_bF_buf2_:    BUFX2_1263/Y ->    NOR2X1_143/A
   2595.0 ps                        _6551_:    NOR2X1_143/Y ->    BUFX2_1267/A
   2933.2 ps                _6551__bF_buf3:    BUFX2_1267/Y ->    AOI22X1_88/A
   3094.0 ps                        _6559_:    AOI22X1_88/Y ->  NAND3X1_1267/C
   3514.5 ps      datapath_1_ALU_aluInB_2_:  NAND3X1_1267/Y ->     INVX1_295/A
   3787.4 ps                         _283_:     INVX1_295/Y ->   NAND2X1_968/B
   3991.8 ps                         _296_:   NAND2X1_968/Y ->  OAI21X1_1461/A
   4223.5 ps                         _321_:  OAI21X1_1461/Y ->   AOI21X1_518/C
   4497.9 ps                         _322_:   AOI21X1_518/Y ->  OAI21X1_1488/B
   4808.5 ps                         _403_:  OAI21X1_1488/Y ->   AOI21X1_538/A
   5149.0 ps                         _551_:   AOI21X1_538/Y ->  OAI21X1_1585/B
   5524.2 ps                         _698_:  OAI21X1_1585/Y ->   AOI21X1_564/A
   5833.2 ps                         _776_:   AOI21X1_564/Y ->  OAI21X1_1632/B
   6059.8 ps                         _825_:  OAI21X1_1632/Y ->  NAND2X1_1054/B
   6189.7 ps                         _840_:  NAND2X1_1054/Y ->  NAND3X1_1407/C
   6299.2 ps                         _843_:  NAND3X1_1407/Y ->  NAND3X1_1408/B
   6430.0 ps                         _845_:  NAND3X1_1408/Y ->  NAND3X1_1411/C
   6588.1 ps  datapath_1_ALU_aluResult_31_:  NAND3X1_1411/Y ->   NAND2X1_587/B
   6709.1 ps                        _6848_:   NAND2X1_587/Y ->   AOI21X1_344/B
   6796.7 ps                    _6785__31_:   AOI21X1_344/Y -> DFFPOSX1_1056/D

   clock skew at destination = 158.92
   setup at destination = 311.056

Path DFFPOSX1_1220/CLK to DFFPOSX1_1211/D delay 7237.99 ps
      0.0 ps                   clk_bF_buf0:   CLKBUF1_114/Y -> DFFPOSX1_1220/CLK
    308.0 ps            control_1_state_3_: DFFPOSX1_1220/Q ->     INVX1_224/A
    469.3 ps                          _23_:     INVX1_224/Y ->   NAND2X1_912/B
    931.7 ps                          _24_:   NAND2X1_912/Y ->   OAI22X1_109/B
   1359.8 ps                          IorD:   OAI22X1_109/Y ->     BUFX2_329/A
   1691.5 ps                  IorD_bF_buf6:     BUFX2_329/Y ->    NOR2X1_154/A
   1872.3 ps                          _38_:    NOR2X1_154/Y ->   NAND2X1_923/B
   2077.0 ps                    ALUSrcB_1_:   NAND2X1_923/Y ->    BUFX2_1263/A
   2362.8 ps            ALUSrcB_1_bF_buf2_:    BUFX2_1263/Y ->    NOR2X1_143/A
   2595.0 ps                        _6551_:    NOR2X1_143/Y ->    BUFX2_1267/A
   2933.2 ps                _6551__bF_buf3:    BUFX2_1267/Y ->    AOI22X1_88/A
   3094.0 ps                        _6559_:    AOI22X1_88/Y ->  NAND3X1_1267/C
   3514.5 ps      datapath_1_ALU_aluInB_2_:  NAND3X1_1267/Y ->     INVX1_295/A
   3787.4 ps                         _283_:     INVX1_295/Y ->   NAND2X1_968/B
   3991.8 ps                         _296_:   NAND2X1_968/Y ->  OAI21X1_1461/A
   4223.5 ps                         _321_:  OAI21X1_1461/Y ->   AOI21X1_518/C
   4497.9 ps                         _322_:   AOI21X1_518/Y ->  OAI21X1_1488/B
   4808.5 ps                         _403_:  OAI21X1_1488/Y ->   AOI21X1_538/A
   5149.0 ps                         _551_:   AOI21X1_538/Y ->  OAI21X1_1585/B
   5524.2 ps                         _698_:  OAI21X1_1585/Y ->  NAND2X1_1044/B
   5706.2 ps                         _746_:  NAND2X1_1044/Y ->   AOI21X1_562/A
   5876.1 ps                         _747_:   AOI21X1_562/Y ->    NOR2X1_303/B
   5975.6 ps                         _748_:    NOR2X1_303/Y ->  OAI21X1_1605/C
   6074.4 ps                         _749_:  OAI21X1_1605/Y ->     AND2X2_29/A
   6196.8 ps                         _755_:     AND2X2_29/Y ->  OAI21X1_1607/C
   6332.1 ps  datapath_1_ALU_aluResult_26_:  OAI21X1_1607/Y ->    AOI22X1_80/B
   6463.4 ps                        _6467_:    AOI22X1_80/Y ->  NAND3X1_1243/C
   6569.1 ps       datapath_1_PC_prima_26_:  NAND3X1_1243/Y ->   NAND2X1_897/B
   6669.3 ps                        _7168_:   NAND2X1_897/Y ->   AOI21X1_499/B
   6760.8 ps                    _7115__26_:   AOI21X1_499/Y -> DFFPOSX1_1211/D

   clock skew at destination = 158.92
   setup at destination = 318.257

Path DFFPOSX1_1220/CLK to DFFPOSX1_1209/D delay 7196.43 ps
      0.0 ps                   clk_bF_buf0:   CLKBUF1_114/Y -> DFFPOSX1_1220/CLK
    308.0 ps            control_1_state_3_: DFFPOSX1_1220/Q ->     INVX1_224/A
    469.3 ps                          _23_:     INVX1_224/Y ->   NAND2X1_912/B
    931.7 ps                          _24_:   NAND2X1_912/Y ->   OAI22X1_109/B
   1359.8 ps                          IorD:   OAI22X1_109/Y ->     BUFX2_329/A
   1691.5 ps                  IorD_bF_buf6:     BUFX2_329/Y ->    NOR2X1_154/A
   1872.3 ps                          _38_:    NOR2X1_154/Y ->   NAND2X1_923/B
   2077.0 ps                    ALUSrcB_1_:   NAND2X1_923/Y ->    BUFX2_1263/A
   2362.8 ps            ALUSrcB_1_bF_buf2_:    BUFX2_1263/Y ->    NOR2X1_143/A
   2595.0 ps                        _6551_:    NOR2X1_143/Y ->    BUFX2_1267/A
   2933.2 ps                _6551__bF_buf3:    BUFX2_1267/Y ->    AOI22X1_88/A
   3094.0 ps                        _6559_:    AOI22X1_88/Y ->  NAND3X1_1267/C
   3514.5 ps      datapath_1_ALU_aluInB_2_:  NAND3X1_1267/Y ->     INVX1_295/A
   3787.4 ps                         _283_:     INVX1_295/Y ->   NAND2X1_968/B
   3991.8 ps                         _296_:   NAND2X1_968/Y ->  OAI21X1_1461/A
   4223.5 ps                         _321_:  OAI21X1_1461/Y ->   AOI21X1_518/C
   4497.9 ps                         _322_:   AOI21X1_518/Y ->  OAI21X1_1488/B
   4808.5 ps                         _403_:  OAI21X1_1488/Y ->   AOI21X1_538/A
   5149.0 ps                         _551_:   AOI21X1_538/Y ->  OAI21X1_1585/B
   5524.2 ps                         _698_:  OAI21X1_1585/Y ->  OAI21X1_1586/C
   5755.6 ps                         _699_:  OAI21X1_1586/Y ->     INVX1_346/A
   5930.3 ps                         _700_:     INVX1_346/Y ->    NOR2X1_297/B
   6028.6 ps                         _701_:    NOR2X1_297/Y ->  OAI21X1_1587/C
   6136.4 ps                         _702_:  OAI21X1_1587/Y ->  NAND3X1_1401/C
   6294.5 ps  datapath_1_ALU_aluResult_24_:  NAND3X1_1401/Y ->    AOI22X1_78/B
   6422.7 ps                        _6461_:    AOI22X1_78/Y ->  NAND3X1_1237/C
   6527.6 ps       datapath_1_PC_prima_24_:  NAND3X1_1237/Y ->   NAND2X1_893/B
   6627.8 ps                        _7164_:   NAND2X1_893/Y ->   AOI21X1_497/B
   6719.3 ps                    _7115__24_:   AOI21X1_497/Y -> DFFPOSX1_1209/D

   clock skew at destination = 158.92
   setup at destination = 318.251

Path DFFPOSX1_1220/CLK to DFFPOSX1_1210/D delay 7192.39 ps
      0.0 ps                   clk_bF_buf0:   CLKBUF1_114/Y -> DFFPOSX1_1220/CLK
    308.0 ps            control_1_state_3_: DFFPOSX1_1220/Q ->     INVX1_224/A
    469.3 ps                          _23_:     INVX1_224/Y ->   NAND2X1_912/B
    931.7 ps                          _24_:   NAND2X1_912/Y ->   OAI22X1_109/B
   1359.8 ps                          IorD:   OAI22X1_109/Y ->     BUFX2_329/A
   1691.5 ps                  IorD_bF_buf6:     BUFX2_329/Y ->    NOR2X1_154/A
   1872.3 ps                          _38_:    NOR2X1_154/Y ->   NAND2X1_923/B
   2077.0 ps                    ALUSrcB_1_:   NAND2X1_923/Y ->    BUFX2_1263/A
   2362.8 ps            ALUSrcB_1_bF_buf2_:    BUFX2_1263/Y ->    NOR2X1_143/A
   2595.0 ps                        _6551_:    NOR2X1_143/Y ->    BUFX2_1267/A
   2933.2 ps                _6551__bF_buf3:    BUFX2_1267/Y ->    AOI22X1_88/A
   3094.0 ps                        _6559_:    AOI22X1_88/Y ->  NAND3X1_1267/C
   3514.5 ps      datapath_1_ALU_aluInB_2_:  NAND3X1_1267/Y ->     INVX1_295/A
   3787.4 ps                         _283_:     INVX1_295/Y ->   NAND2X1_968/B
   3991.8 ps                         _296_:   NAND2X1_968/Y ->  OAI21X1_1461/A
   4223.5 ps                         _321_:  OAI21X1_1461/Y ->   AOI21X1_518/C
   4497.9 ps                         _322_:   AOI21X1_518/Y ->  OAI21X1_1488/B
   4808.5 ps                         _403_:  OAI21X1_1488/Y ->   AOI21X1_538/A
   5149.0 ps                         _551_:   AOI21X1_538/Y ->  OAI21X1_1585/B
   5524.2 ps                         _698_:  OAI21X1_1585/Y ->  OAI21X1_1586/C
   5755.6 ps                         _699_:  OAI21X1_1586/Y ->     INVX1_346/A
   5930.3 ps                         _700_:     INVX1_346/Y ->  OAI21X1_1596/B
   6065.2 ps                         _728_:  OAI21X1_1596/Y ->  NAND3X1_1402/A
   6274.8 ps  datapath_1_ALU_aluResult_25_:  NAND3X1_1402/Y ->    AOI22X1_79/B
   6425.8 ps                        _6464_:    AOI22X1_79/Y ->  NAND3X1_1240/C
   6535.9 ps       datapath_1_PC_prima_25_:  NAND3X1_1240/Y ->   NAND2X1_895/B
   6636.8 ps                        _7166_:   NAND2X1_895/Y ->   AOI21X1_498/B
   6722.7 ps                    _7115__25_:   AOI21X1_498/Y -> DFFPOSX1_1210/D

   clock skew at destination = 158.92
   setup at destination = 310.779

Path DFFPOSX1_1220/CLK to DFFPOSX1_1207/D delay 7191.68 ps
      0.0 ps                   clk_bF_buf0:   CLKBUF1_114/Y -> DFFPOSX1_1220/CLK
    308.0 ps            control_1_state_3_: DFFPOSX1_1220/Q ->     INVX1_224/A
    469.3 ps                          _23_:     INVX1_224/Y ->   NAND2X1_912/B
    931.7 ps                          _24_:   NAND2X1_912/Y ->   OAI22X1_109/B
   1359.8 ps                          IorD:   OAI22X1_109/Y ->     BUFX2_329/A
   1691.5 ps                  IorD_bF_buf6:     BUFX2_329/Y ->    NOR2X1_154/A
   1872.3 ps                          _38_:    NOR2X1_154/Y ->   NAND2X1_923/B
   2077.0 ps                    ALUSrcB_1_:   NAND2X1_923/Y ->    BUFX2_1263/A
   2362.8 ps            ALUSrcB_1_bF_buf2_:    BUFX2_1263/Y ->    NOR2X1_143/A
   2595.0 ps                        _6551_:    NOR2X1_143/Y ->    BUFX2_1267/A
   2933.2 ps                _6551__bF_buf3:    BUFX2_1267/Y ->    AOI22X1_88/A
   3094.0 ps                        _6559_:    AOI22X1_88/Y ->  NAND3X1_1267/C
   3514.5 ps      datapath_1_ALU_aluInB_2_:  NAND3X1_1267/Y ->     INVX1_295/A
   3787.4 ps                         _283_:     INVX1_295/Y ->   NAND2X1_968/B
   3991.8 ps                         _296_:   NAND2X1_968/Y ->  OAI21X1_1461/A
   4223.5 ps                         _321_:  OAI21X1_1461/Y ->   AOI21X1_518/C
   4497.9 ps                         _322_:   AOI21X1_518/Y ->  OAI21X1_1488/B
   4808.5 ps                         _403_:  OAI21X1_1488/Y ->   AOI21X1_538/A
   5149.0 ps                         _551_:   AOI21X1_538/Y ->  OAI21X1_1563/B
   5477.3 ps                         _628_:  OAI21X1_1563/Y ->  NAND2X1_1030/B
   5687.7 ps                         _655_:  NAND2X1_1030/Y ->   AOI21X1_554/A
   5912.7 ps                         _659_:   AOI21X1_554/Y ->    NOR2X1_288/B
   6019.7 ps                         _660_:    NOR2X1_288/Y ->  OAI21X1_1576/C
   6131.0 ps                         _661_:  OAI21X1_1576/Y ->  NAND3X1_1396/C
   6289.7 ps  datapath_1_ALU_aluResult_22_:  NAND3X1_1396/Y ->    AOI22X1_76/B
   6418.0 ps                        _6455_:    AOI22X1_76/Y ->  NAND3X1_1231/C
   6522.9 ps       datapath_1_PC_prima_22_:  NAND3X1_1231/Y ->   NAND2X1_889/B
   6623.0 ps                        _7160_:   NAND2X1_889/Y ->   AOI21X1_495/B
   6714.5 ps                    _7115__22_:   AOI21X1_495/Y -> DFFPOSX1_1207/D

   clock skew at destination = 158.92
   setup at destination = 318.251

Path DFFPOSX1_1220/CLK to DFFPOSX1_1200/D delay 7172.77 ps
      0.0 ps                   clk_bF_buf0:   CLKBUF1_114/Y -> DFFPOSX1_1220/CLK
    308.0 ps            control_1_state_3_: DFFPOSX1_1220/Q ->     INVX1_224/A
    469.3 ps                          _23_:     INVX1_224/Y ->   NAND2X1_912/B
    931.7 ps                          _24_:   NAND2X1_912/Y ->   OAI22X1_109/B
   1359.8 ps                          IorD:   OAI22X1_109/Y ->     BUFX2_329/A
   1691.5 ps                  IorD_bF_buf6:     BUFX2_329/Y ->    NOR2X1_154/A
   1872.3 ps                          _38_:    NOR2X1_154/Y ->   NAND2X1_923/B
   2077.0 ps                    ALUSrcB_1_:   NAND2X1_923/Y ->    BUFX2_1263/A
   2362.8 ps            ALUSrcB_1_bF_buf2_:    BUFX2_1263/Y ->    NOR2X1_143/A
   2595.0 ps                        _6551_:    NOR2X1_143/Y ->    BUFX2_1266/A
   2933.2 ps                _6551__bF_buf4:    BUFX2_1266/Y ->    AOI22X1_93/A
   3094.0 ps                        _6574_:    AOI22X1_93/Y ->  NAND3X1_1282/C
   3385.6 ps      datapath_1_ALU_aluInB_7_:  NAND3X1_1282/Y ->     AND2X2_20/B
   3681.2 ps                         _373_:     AND2X2_20/Y ->    NOR2X1_243/B
   4003.6 ps                         _374_:    NOR2X1_243/Y ->   NAND2X1_985/A
   4278.3 ps                         _384_:   NAND2X1_985/Y ->  OAI21X1_1485/B
   4478.9 ps                         _388_:  OAI21X1_1485/Y ->   AOI21X1_525/C
   4777.4 ps                         _389_:   AOI21X1_525/Y ->  OAI21X1_1516/B
   5052.6 ps                         _486_:  OAI21X1_1516/Y ->  NAND2X1_1005/B
   5240.5 ps                         _498_:  NAND2X1_1005/Y ->    NOR2X1_261/B
   5390.7 ps                         _500_:    NOR2X1_261/Y ->    NOR2X1_265/B
   5606.6 ps                         _518_:    NOR2X1_265/Y ->  OAI21X1_1530/B
   5822.9 ps                         _534_:  OAI21X1_1530/Y ->   AOI21X1_536/A
   5951.7 ps                         _535_:   AOI21X1_536/Y ->  OAI21X1_1531/C
   6064.7 ps                         _536_:  OAI21X1_1531/Y ->  NAND3X1_1387/A
   6269.8 ps  datapath_1_ALU_aluResult_15_:  NAND3X1_1387/Y ->    AOI22X1_69/B
   6405.7 ps                        _6434_:    AOI22X1_69/Y ->  NAND3X1_1210/C
   6513.6 ps       datapath_1_PC_prima_15_:  NAND3X1_1210/Y ->   NAND2X1_875/B
   6614.3 ps                        _7146_:   NAND2X1_875/Y ->   AOI21X1_488/B
   6705.8 ps                    _7115__15_:   AOI21X1_488/Y -> DFFPOSX1_1200/D

   clock skew at destination = 153.597
   setup at destination = 313.342

Path DFFPOSX1_1220/CLK to DFFPOSX1_1190/D delay 7149.11 ps
      0.0 ps                clk_bF_buf0:   CLKBUF1_114/Y -> DFFPOSX1_1220/CLK
    308.0 ps         control_1_state_3_: DFFPOSX1_1220/Q ->     INVX1_224/A
    469.3 ps                       _23_:     INVX1_224/Y ->   NAND2X1_912/B
    931.7 ps                       _24_:   NAND2X1_912/Y ->   OAI22X1_109/B
   1359.8 ps                       IorD:   OAI22X1_109/Y ->     BUFX2_329/A
   1691.5 ps               IorD_bF_buf6:     BUFX2_329/Y ->    NOR2X1_154/A
   1872.3 ps                       _38_:    NOR2X1_154/Y ->   NAND2X1_923/B
   2077.0 ps                 ALUSrcB_1_:   NAND2X1_923/Y ->    BUFX2_1263/A
   2362.8 ps         ALUSrcB_1_bF_buf2_:    BUFX2_1263/Y ->    NOR2X1_143/A
   2595.0 ps                     _6551_:    NOR2X1_143/Y ->    BUFX2_1266/A
   2933.2 ps             _6551__bF_buf4:    BUFX2_1266/Y ->   AOI22X1_106/A
   3094.0 ps                     _6613_:   AOI22X1_106/Y ->  NAND3X1_1321/C
   3345.3 ps  datapath_1_ALU_aluInB_20_:  NAND3X1_1321/Y ->   NAND2X1_930/B
   3669.0 ps                       _94_:   NAND2X1_930/Y ->   NAND2X1_931/A
   4135.7 ps                       _95_:   NAND2X1_931/Y ->     INVX1_243/A
   4361.0 ps                       _96_:     INVX1_243/Y ->    NOR2X1_170/A
   4577.1 ps                      _103_:    NOR2X1_170/Y ->   NAND2X1_935/B
   4779.9 ps                      _104_:   NAND2X1_935/Y ->    NOR2X1_175/A
   4954.0 ps                      _127_:    NOR2X1_175/Y ->  NAND3X1_1366/A
   5188.7 ps                      _227_:  NAND3X1_1366/Y ->  OAI21X1_1439/B
   5341.0 ps                      _234_:  OAI21X1_1439/Y ->   AOI21X1_515/C
   5432.3 ps     datapath_1_ALU_aluZero:   AOI21X1_515/Y ->  NAND2X1_1057/A
   5537.8 ps                      _858_:  NAND2X1_1057/Y ->  NAND2X1_1058/B
   5722.3 ps            datapath_1_PCEn:  NAND2X1_1058/Y ->     BUFX2_365/A
   5956.0 ps    datapath_1_PCEn_bF_buf0:     BUFX2_365/Y ->     INVX1_219/A
   6149.8 ps                     _7116_:     INVX1_219/Y ->    BUFX2_1167/A
   6429.8 ps             _7116__bF_buf3:    BUFX2_1167/Y ->   NAND2X1_856/B
   6562.3 ps                     _7127_:   NAND2X1_856/Y ->   AOI21X1_478/A
   6666.8 ps                  _7115__5_:   AOI21X1_478/Y -> DFFPOSX1_1190/D

   clock skew at destination = 158.92
   setup at destination = 323.402

Path DFFPOSX1_1220/CLK to DFFPOSX1_1188/D delay 7149.11 ps
      0.0 ps                clk_bF_buf0:   CLKBUF1_114/Y -> DFFPOSX1_1220/CLK
    308.0 ps         control_1_state_3_: DFFPOSX1_1220/Q ->     INVX1_224/A
    469.3 ps                       _23_:     INVX1_224/Y ->   NAND2X1_912/B
    931.7 ps                       _24_:   NAND2X1_912/Y ->   OAI22X1_109/B
   1359.8 ps                       IorD:   OAI22X1_109/Y ->     BUFX2_329/A
   1691.5 ps               IorD_bF_buf6:     BUFX2_329/Y ->    NOR2X1_154/A
   1872.3 ps                       _38_:    NOR2X1_154/Y ->   NAND2X1_923/B
   2077.0 ps                 ALUSrcB_1_:   NAND2X1_923/Y ->    BUFX2_1263/A
   2362.8 ps         ALUSrcB_1_bF_buf2_:    BUFX2_1263/Y ->    NOR2X1_143/A
   2595.0 ps                     _6551_:    NOR2X1_143/Y ->    BUFX2_1266/A
   2933.2 ps             _6551__bF_buf4:    BUFX2_1266/Y ->   AOI22X1_106/A
   3094.0 ps                     _6613_:   AOI22X1_106/Y ->  NAND3X1_1321/C
   3345.3 ps  datapath_1_ALU_aluInB_20_:  NAND3X1_1321/Y ->   NAND2X1_930/B
   3669.0 ps                       _94_:   NAND2X1_930/Y ->   NAND2X1_931/A
   4135.7 ps                       _95_:   NAND2X1_931/Y ->     INVX1_243/A
   4361.0 ps                       _96_:     INVX1_243/Y ->    NOR2X1_170/A
   4577.1 ps                      _103_:    NOR2X1_170/Y ->   NAND2X1_935/B
   4779.9 ps                      _104_:   NAND2X1_935/Y ->    NOR2X1_175/A
   4954.0 ps                      _127_:    NOR2X1_175/Y ->  NAND3X1_1366/A
   5188.7 ps                      _227_:  NAND3X1_1366/Y ->  OAI21X1_1439/B
   5341.0 ps                      _234_:  OAI21X1_1439/Y ->   AOI21X1_515/C
   5432.3 ps     datapath_1_ALU_aluZero:   AOI21X1_515/Y ->  NAND2X1_1057/A
   5537.8 ps                      _858_:  NAND2X1_1057/Y ->  NAND2X1_1058/B
   5722.3 ps            datapath_1_PCEn:  NAND2X1_1058/Y ->     BUFX2_365/A
   5956.0 ps    datapath_1_PCEn_bF_buf0:     BUFX2_365/Y ->     INVX1_219/A
   6149.8 ps                     _7116_:     INVX1_219/Y ->    BUFX2_1166/A
   6429.8 ps             _7116__bF_buf4:    BUFX2_1166/Y ->   NAND2X1_852/B
   6562.3 ps                     _7123_:   NAND2X1_852/Y ->   AOI21X1_476/A
   6666.8 ps                  _7115__3_:   AOI21X1_476/Y -> DFFPOSX1_1188/D

   clock skew at destination = 158.92
   setup at destination = 323.402

Path DFFPOSX1_1220/CLK to DFFPOSX1_1198/D delay 7149.11 ps
      0.0 ps                clk_bF_buf0:   CLKBUF1_114/Y -> DFFPOSX1_1220/CLK
    308.0 ps         control_1_state_3_: DFFPOSX1_1220/Q ->     INVX1_224/A
    469.3 ps                       _23_:     INVX1_224/Y ->   NAND2X1_912/B
    931.7 ps                       _24_:   NAND2X1_912/Y ->   OAI22X1_109/B
   1359.8 ps                       IorD:   OAI22X1_109/Y ->     BUFX2_329/A
   1691.5 ps               IorD_bF_buf6:     BUFX2_329/Y ->    NOR2X1_154/A
   1872.3 ps                       _38_:    NOR2X1_154/Y ->   NAND2X1_923/B
   2077.0 ps                 ALUSrcB_1_:   NAND2X1_923/Y ->    BUFX2_1263/A
   2362.8 ps         ALUSrcB_1_bF_buf2_:    BUFX2_1263/Y ->    NOR2X1_143/A
   2595.0 ps                     _6551_:    NOR2X1_143/Y ->    BUFX2_1266/A
   2933.2 ps             _6551__bF_buf4:    BUFX2_1266/Y ->   AOI22X1_106/A
   3094.0 ps                     _6613_:   AOI22X1_106/Y ->  NAND3X1_1321/C
   3345.3 ps  datapath_1_ALU_aluInB_20_:  NAND3X1_1321/Y ->   NAND2X1_930/B
   3669.0 ps                       _94_:   NAND2X1_930/Y ->   NAND2X1_931/A
   4135.7 ps                       _95_:   NAND2X1_931/Y ->     INVX1_243/A
   4361.0 ps                       _96_:     INVX1_243/Y ->    NOR2X1_170/A
   4577.1 ps                      _103_:    NOR2X1_170/Y ->   NAND2X1_935/B
   4779.9 ps                      _104_:   NAND2X1_935/Y ->    NOR2X1_175/A
   4954.0 ps                      _127_:    NOR2X1_175/Y ->  NAND3X1_1366/A
   5188.7 ps                      _227_:  NAND3X1_1366/Y ->  OAI21X1_1439/B
   5341.0 ps                      _234_:  OAI21X1_1439/Y ->   AOI21X1_515/C
   5432.3 ps     datapath_1_ALU_aluZero:   AOI21X1_515/Y ->  NAND2X1_1057/A
   5537.8 ps                      _858_:  NAND2X1_1057/Y ->  NAND2X1_1058/B
   5722.3 ps            datapath_1_PCEn:  NAND2X1_1058/Y ->     BUFX2_365/A
   5956.0 ps    datapath_1_PCEn_bF_buf0:     BUFX2_365/Y ->     INVX1_219/A
   6149.8 ps                     _7116_:     INVX1_219/Y ->    BUFX2_1166/A
   6429.8 ps             _7116__bF_buf4:    BUFX2_1166/Y ->   NAND2X1_872/B
   6562.3 ps                     _7143_:   NAND2X1_872/Y ->   AOI21X1_486/A
   6666.8 ps                 _7115__13_:   AOI21X1_486/Y -> DFFPOSX1_1198/D

   clock skew at destination = 158.92
   setup at destination = 323.402

Path DFFPOSX1_1220/CLK to DFFPOSX1_1201/D delay 7149.11 ps
      0.0 ps                clk_bF_buf0:   CLKBUF1_114/Y -> DFFPOSX1_1220/CLK
    308.0 ps         control_1_state_3_: DFFPOSX1_1220/Q ->     INVX1_224/A
    469.3 ps                       _23_:     INVX1_224/Y ->   NAND2X1_912/B
    931.7 ps                       _24_:   NAND2X1_912/Y ->   OAI22X1_109/B
   1359.8 ps                       IorD:   OAI22X1_109/Y ->     BUFX2_329/A
   1691.5 ps               IorD_bF_buf6:     BUFX2_329/Y ->    NOR2X1_154/A
   1872.3 ps                       _38_:    NOR2X1_154/Y ->   NAND2X1_923/B
   2077.0 ps                 ALUSrcB_1_:   NAND2X1_923/Y ->    BUFX2_1263/A
   2362.8 ps         ALUSrcB_1_bF_buf2_:    BUFX2_1263/Y ->    NOR2X1_143/A
   2595.0 ps                     _6551_:    NOR2X1_143/Y ->    BUFX2_1266/A
   2933.2 ps             _6551__bF_buf4:    BUFX2_1266/Y ->   AOI22X1_106/A
   3094.0 ps                     _6613_:   AOI22X1_106/Y ->  NAND3X1_1321/C
   3345.3 ps  datapath_1_ALU_aluInB_20_:  NAND3X1_1321/Y ->   NAND2X1_930/B
   3669.0 ps                       _94_:   NAND2X1_930/Y ->   NAND2X1_931/A
   4135.7 ps                       _95_:   NAND2X1_931/Y ->     INVX1_243/A
   4361.0 ps                       _96_:     INVX1_243/Y ->    NOR2X1_170/A
   4577.1 ps                      _103_:    NOR2X1_170/Y ->   NAND2X1_935/B
   4779.9 ps                      _104_:   NAND2X1_935/Y ->    NOR2X1_175/A
   4954.0 ps                      _127_:    NOR2X1_175/Y ->  NAND3X1_1366/A
   5188.7 ps                      _227_:  NAND3X1_1366/Y ->  OAI21X1_1439/B
   5341.0 ps                      _234_:  OAI21X1_1439/Y ->   AOI21X1_515/C
   5432.3 ps     datapath_1_ALU_aluZero:   AOI21X1_515/Y ->  NAND2X1_1057/A
   5537.8 ps                      _858_:  NAND2X1_1057/Y ->  NAND2X1_1058/B
   5722.3 ps            datapath_1_PCEn:  NAND2X1_1058/Y ->     BUFX2_365/A
   5956.0 ps    datapath_1_PCEn_bF_buf0:     BUFX2_365/Y ->     INVX1_219/A
   6149.8 ps                     _7116_:     INVX1_219/Y ->    BUFX2_1166/A
   6429.8 ps             _7116__bF_buf4:    BUFX2_1166/Y ->   NAND2X1_878/B
   6562.3 ps                     _7149_:   NAND2X1_878/Y ->   AOI21X1_489/A
   6666.8 ps                 _7115__16_:   AOI21X1_489/Y -> DFFPOSX1_1201/D

   clock skew at destination = 158.92
   setup at destination = 323.402

Path DFFPOSX1_1220/CLK to DFFPOSX1_1202/D delay 7149.11 ps
      0.0 ps                clk_bF_buf0:   CLKBUF1_114/Y -> DFFPOSX1_1220/CLK
    308.0 ps         control_1_state_3_: DFFPOSX1_1220/Q ->     INVX1_224/A
    469.3 ps                       _23_:     INVX1_224/Y ->   NAND2X1_912/B
    931.7 ps                       _24_:   NAND2X1_912/Y ->   OAI22X1_109/B
   1359.8 ps                       IorD:   OAI22X1_109/Y ->     BUFX2_329/A
   1691.5 ps               IorD_bF_buf6:     BUFX2_329/Y ->    NOR2X1_154/A
   1872.3 ps                       _38_:    NOR2X1_154/Y ->   NAND2X1_923/B
   2077.0 ps                 ALUSrcB_1_:   NAND2X1_923/Y ->    BUFX2_1263/A
   2362.8 ps         ALUSrcB_1_bF_buf2_:    BUFX2_1263/Y ->    NOR2X1_143/A
   2595.0 ps                     _6551_:    NOR2X1_143/Y ->    BUFX2_1266/A
   2933.2 ps             _6551__bF_buf4:    BUFX2_1266/Y ->   AOI22X1_106/A
   3094.0 ps                     _6613_:   AOI22X1_106/Y ->  NAND3X1_1321/C
   3345.3 ps  datapath_1_ALU_aluInB_20_:  NAND3X1_1321/Y ->   NAND2X1_930/B
   3669.0 ps                       _94_:   NAND2X1_930/Y ->   NAND2X1_931/A
   4135.7 ps                       _95_:   NAND2X1_931/Y ->     INVX1_243/A
   4361.0 ps                       _96_:     INVX1_243/Y ->    NOR2X1_170/A
   4577.1 ps                      _103_:    NOR2X1_170/Y ->   NAND2X1_935/B
   4779.9 ps                      _104_:   NAND2X1_935/Y ->    NOR2X1_175/A
   4954.0 ps                      _127_:    NOR2X1_175/Y ->  NAND3X1_1366/A
   5188.7 ps                      _227_:  NAND3X1_1366/Y ->  OAI21X1_1439/B
   5341.0 ps                      _234_:  OAI21X1_1439/Y ->   AOI21X1_515/C
   5432.3 ps     datapath_1_ALU_aluZero:   AOI21X1_515/Y ->  NAND2X1_1057/A
   5537.8 ps                      _858_:  NAND2X1_1057/Y ->  NAND2X1_1058/B
   5722.3 ps            datapath_1_PCEn:  NAND2X1_1058/Y ->     BUFX2_365/A
   5956.0 ps    datapath_1_PCEn_bF_buf0:     BUFX2_365/Y ->     INVX1_219/A
   6149.8 ps                     _7116_:     INVX1_219/Y ->    BUFX2_1166/A
   6429.8 ps             _7116__bF_buf4:    BUFX2_1166/Y ->   NAND2X1_880/B
   6562.3 ps                     _7151_:   NAND2X1_880/Y ->   AOI21X1_490/A
   6666.8 ps                 _7115__17_:   AOI21X1_490/Y -> DFFPOSX1_1202/D

   clock skew at destination = 158.92
   setup at destination = 323.402

Path DFFPOSX1_1220/CLK to DFFPOSX1_1206/D delay 7149.11 ps
      0.0 ps                clk_bF_buf0:   CLKBUF1_114/Y -> DFFPOSX1_1220/CLK
    308.0 ps         control_1_state_3_: DFFPOSX1_1220/Q ->     INVX1_224/A
    469.3 ps                       _23_:     INVX1_224/Y ->   NAND2X1_912/B
    931.7 ps                       _24_:   NAND2X1_912/Y ->   OAI22X1_109/B
   1359.8 ps                       IorD:   OAI22X1_109/Y ->     BUFX2_329/A
   1691.5 ps               IorD_bF_buf6:     BUFX2_329/Y ->    NOR2X1_154/A
   1872.3 ps                       _38_:    NOR2X1_154/Y ->   NAND2X1_923/B
   2077.0 ps                 ALUSrcB_1_:   NAND2X1_923/Y ->    BUFX2_1263/A
   2362.8 ps         ALUSrcB_1_bF_buf2_:    BUFX2_1263/Y ->    NOR2X1_143/A
   2595.0 ps                     _6551_:    NOR2X1_143/Y ->    BUFX2_1266/A
   2933.2 ps             _6551__bF_buf4:    BUFX2_1266/Y ->   AOI22X1_106/A
   3094.0 ps                     _6613_:   AOI22X1_106/Y ->  NAND3X1_1321/C
   3345.3 ps  datapath_1_ALU_aluInB_20_:  NAND3X1_1321/Y ->   NAND2X1_930/B
   3669.0 ps                       _94_:   NAND2X1_930/Y ->   NAND2X1_931/A
   4135.7 ps                       _95_:   NAND2X1_931/Y ->     INVX1_243/A
   4361.0 ps                       _96_:     INVX1_243/Y ->    NOR2X1_170/A
   4577.1 ps                      _103_:    NOR2X1_170/Y ->   NAND2X1_935/B
   4779.9 ps                      _104_:   NAND2X1_935/Y ->    NOR2X1_175/A
   4954.0 ps                      _127_:    NOR2X1_175/Y ->  NAND3X1_1366/A
   5188.7 ps                      _227_:  NAND3X1_1366/Y ->  OAI21X1_1439/B
   5341.0 ps                      _234_:  OAI21X1_1439/Y ->   AOI21X1_515/C
   5432.3 ps     datapath_1_ALU_aluZero:   AOI21X1_515/Y ->  NAND2X1_1057/A
   5537.8 ps                      _858_:  NAND2X1_1057/Y ->  NAND2X1_1058/B
   5722.3 ps            datapath_1_PCEn:  NAND2X1_1058/Y ->     BUFX2_365/A
   5956.0 ps    datapath_1_PCEn_bF_buf0:     BUFX2_365/Y ->     INVX1_219/A
   6149.8 ps                     _7116_:     INVX1_219/Y ->    BUFX2_1167/A
   6429.8 ps             _7116__bF_buf3:    BUFX2_1167/Y ->   NAND2X1_888/B
   6562.3 ps                     _7159_:   NAND2X1_888/Y ->   AOI21X1_494/A
   6666.8 ps                 _7115__21_:   AOI21X1_494/Y -> DFFPOSX1_1206/D

   clock skew at destination = 158.92
   setup at destination = 323.402

Path DFFPOSX1_1220/CLK to DFFPOSX1_1204/D delay 7149.11 ps
      0.0 ps                clk_bF_buf0:   CLKBUF1_114/Y -> DFFPOSX1_1220/CLK
    308.0 ps         control_1_state_3_: DFFPOSX1_1220/Q ->     INVX1_224/A
    469.3 ps                       _23_:     INVX1_224/Y ->   NAND2X1_912/B
    931.7 ps                       _24_:   NAND2X1_912/Y ->   OAI22X1_109/B
   1359.8 ps                       IorD:   OAI22X1_109/Y ->     BUFX2_329/A
   1691.5 ps               IorD_bF_buf6:     BUFX2_329/Y ->    NOR2X1_154/A
   1872.3 ps                       _38_:    NOR2X1_154/Y ->   NAND2X1_923/B
   2077.0 ps                 ALUSrcB_1_:   NAND2X1_923/Y ->    BUFX2_1263/A
   2362.8 ps         ALUSrcB_1_bF_buf2_:    BUFX2_1263/Y ->    NOR2X1_143/A
   2595.0 ps                     _6551_:    NOR2X1_143/Y ->    BUFX2_1266/A
   2933.2 ps             _6551__bF_buf4:    BUFX2_1266/Y ->   AOI22X1_106/A
   3094.0 ps                     _6613_:   AOI22X1_106/Y ->  NAND3X1_1321/C
   3345.3 ps  datapath_1_ALU_aluInB_20_:  NAND3X1_1321/Y ->   NAND2X1_930/B
   3669.0 ps                       _94_:   NAND2X1_930/Y ->   NAND2X1_931/A
   4135.7 ps                       _95_:   NAND2X1_931/Y ->     INVX1_243/A
   4361.0 ps                       _96_:     INVX1_243/Y ->    NOR2X1_170/A
   4577.1 ps                      _103_:    NOR2X1_170/Y ->   NAND2X1_935/B
   4779.9 ps                      _104_:   NAND2X1_935/Y ->    NOR2X1_175/A
   4954.0 ps                      _127_:    NOR2X1_175/Y ->  NAND3X1_1366/A
   5188.7 ps                      _227_:  NAND3X1_1366/Y ->  OAI21X1_1439/B
   5341.0 ps                      _234_:  OAI21X1_1439/Y ->   AOI21X1_515/C
   5432.3 ps     datapath_1_ALU_aluZero:   AOI21X1_515/Y ->  NAND2X1_1057/A
   5537.8 ps                      _858_:  NAND2X1_1057/Y ->  NAND2X1_1058/B
   5722.3 ps            datapath_1_PCEn:  NAND2X1_1058/Y ->     BUFX2_365/A
   5956.0 ps    datapath_1_PCEn_bF_buf0:     BUFX2_365/Y ->     INVX1_219/A
   6149.8 ps                     _7116_:     INVX1_219/Y ->    BUFX2_1166/A
   6429.8 ps             _7116__bF_buf4:    BUFX2_1166/Y ->   NAND2X1_884/B
   6562.3 ps                     _7155_:   NAND2X1_884/Y ->   AOI21X1_492/A
   6666.8 ps                 _7115__19_:   AOI21X1_492/Y -> DFFPOSX1_1204/D

   clock skew at destination = 158.92
   setup at destination = 323.402

Path DFFPOSX1_1220/CLK to DFFPOSX1_1196/D delay 7149.11 ps
      0.0 ps                clk_bF_buf0:   CLKBUF1_114/Y -> DFFPOSX1_1220/CLK
    308.0 ps         control_1_state_3_: DFFPOSX1_1220/Q ->     INVX1_224/A
    469.3 ps                       _23_:     INVX1_224/Y ->   NAND2X1_912/B
    931.7 ps                       _24_:   NAND2X1_912/Y ->   OAI22X1_109/B
   1359.8 ps                       IorD:   OAI22X1_109/Y ->     BUFX2_329/A
   1691.5 ps               IorD_bF_buf6:     BUFX2_329/Y ->    NOR2X1_154/A
   1872.3 ps                       _38_:    NOR2X1_154/Y ->   NAND2X1_923/B
   2077.0 ps                 ALUSrcB_1_:   NAND2X1_923/Y ->    BUFX2_1263/A
   2362.8 ps         ALUSrcB_1_bF_buf2_:    BUFX2_1263/Y ->    NOR2X1_143/A
   2595.0 ps                     _6551_:    NOR2X1_143/Y ->    BUFX2_1266/A
   2933.2 ps             _6551__bF_buf4:    BUFX2_1266/Y ->   AOI22X1_106/A
   3094.0 ps                     _6613_:   AOI22X1_106/Y ->  NAND3X1_1321/C
   3345.3 ps  datapath_1_ALU_aluInB_20_:  NAND3X1_1321/Y ->   NAND2X1_930/B
   3669.0 ps                       _94_:   NAND2X1_930/Y ->   NAND2X1_931/A
   4135.7 ps                       _95_:   NAND2X1_931/Y ->     INVX1_243/A
   4361.0 ps                       _96_:     INVX1_243/Y ->    NOR2X1_170/A
   4577.1 ps                      _103_:    NOR2X1_170/Y ->   NAND2X1_935/B
   4779.9 ps                      _104_:   NAND2X1_935/Y ->    NOR2X1_175/A
   4954.0 ps                      _127_:    NOR2X1_175/Y ->  NAND3X1_1366/A
   5188.7 ps                      _227_:  NAND3X1_1366/Y ->  OAI21X1_1439/B
   5341.0 ps                      _234_:  OAI21X1_1439/Y ->   AOI21X1_515/C
   5432.3 ps     datapath_1_ALU_aluZero:   AOI21X1_515/Y ->  NAND2X1_1057/A
   5537.8 ps                      _858_:  NAND2X1_1057/Y ->  NAND2X1_1058/B
   5722.3 ps            datapath_1_PCEn:  NAND2X1_1058/Y ->     BUFX2_365/A
   5956.0 ps    datapath_1_PCEn_bF_buf0:     BUFX2_365/Y ->     INVX1_219/A
   6149.8 ps                     _7116_:     INVX1_219/Y ->    BUFX2_1166/A
   6429.8 ps             _7116__bF_buf4:    BUFX2_1166/Y ->   NAND2X1_868/B
   6562.3 ps                     _7139_:   NAND2X1_868/Y ->   AOI21X1_484/A
   6666.8 ps                 _7115__11_:   AOI21X1_484/Y -> DFFPOSX1_1196/D

   clock skew at destination = 158.92
   setup at destination = 323.402

Path DFFPOSX1_1220/CLK to DFFPOSX1_1054/D delay 7132.23 ps
      0.0 ps                   clk_bF_buf0:   CLKBUF1_114/Y -> DFFPOSX1_1220/CLK
    308.0 ps            control_1_state_3_: DFFPOSX1_1220/Q ->     INVX1_224/A
    469.3 ps                          _23_:     INVX1_224/Y ->   NAND2X1_912/B
    931.7 ps                          _24_:   NAND2X1_912/Y ->   OAI22X1_109/B
   1359.8 ps                          IorD:   OAI22X1_109/Y ->     BUFX2_329/A
   1691.5 ps                  IorD_bF_buf6:     BUFX2_329/Y ->    NOR2X1_154/A
   1872.3 ps                          _38_:    NOR2X1_154/Y ->   NAND2X1_923/B
   2077.0 ps                    ALUSrcB_1_:   NAND2X1_923/Y ->    BUFX2_1263/A
   2362.8 ps            ALUSrcB_1_bF_buf2_:    BUFX2_1263/Y ->    NOR2X1_143/A
   2595.0 ps                        _6551_:    NOR2X1_143/Y ->    BUFX2_1267/A
   2933.2 ps                _6551__bF_buf3:    BUFX2_1267/Y ->    AOI22X1_88/A
   3094.0 ps                        _6559_:    AOI22X1_88/Y ->  NAND3X1_1267/C
   3514.5 ps      datapath_1_ALU_aluInB_2_:  NAND3X1_1267/Y ->     INVX1_295/A
   3787.4 ps                         _283_:     INVX1_295/Y ->   NAND2X1_968/B
   3991.8 ps                         _296_:   NAND2X1_968/Y ->  OAI21X1_1461/A
   4223.5 ps                         _321_:  OAI21X1_1461/Y ->   AOI21X1_518/C
   4497.9 ps                         _322_:   AOI21X1_518/Y ->  OAI21X1_1488/B
   4808.5 ps                         _403_:  OAI21X1_1488/Y ->   AOI21X1_538/A
   5149.0 ps                         _551_:   AOI21X1_538/Y ->  OAI21X1_1585/B
   5524.2 ps                         _698_:  OAI21X1_1585/Y ->   AOI21X1_564/A
   5833.2 ps                         _776_:   AOI21X1_564/Y ->  OAI21X1_1625/B
   6021.4 ps                         _809_:  OAI21X1_1625/Y ->  OAI21X1_1629/B
   6149.1 ps                         _818_:  OAI21X1_1629/Y ->     AND2X2_34/A
   6311.8 ps                         _822_:     AND2X2_34/Y ->  OAI21X1_1631/C
   6447.1 ps  datapath_1_ALU_aluResult_29_:  OAI21X1_1631/Y ->   NAND2X1_583/B
   6574.1 ps                        _6844_:   NAND2X1_583/Y ->   AOI21X1_342/B
   6662.2 ps                    _6785__29_:   AOI21X1_342/Y -> DFFPOSX1_1054/D

   clock skew at destination = 158.92
   setup at destination = 311.138

Computed maximum clock frequency (zero margin) = 133.515 MHz
-----------------------------------------

