Qflow placement logfile created on Fri Jul 5 20:18:39 PDT 2019
Running blif2cel to generate input files for graywolf
blif2cel.tcl --blif /home/openvlsi/proyecto/IEE2753-2019-eaanais/proyecto/qflow_viernes/synthesis/FIR.blif  --lef  /usr/local/share/qflow/tech/osu050/osu050_stdcells.lef --cel /home/openvlsi/proyecto/IEE2753-2019-eaanais/proyecto/qflow_viernes/layout/FIR.cel
Opened BLIF file (/home/openvlsi/proyecto/IEE2753-2019-eaanais/proyecto/qflow_viernes/synthesis/FIR.blif) for reading ...
Opened CEL file (/home/openvlsi/proyecto/IEE2753-2019-eaanais/proyecto/qflow_viernes/layout/FIR.cel) for writing...
Loaded /usr/local/share/qflow/tech/osu050/osu050_stdcells.lef file for reading...
1st pass of blif file /home/openvlsi/proyecto/IEE2753-2019-eaanais/proyecto/qflow_viernes/synthesis/FIR.blif. . .
Reading macros and/or technology data from LEF file. . .
LEF file specifies route layer Y pitch as 3
LEF file specifies route layer X pitch as 2.4
Parsing macro AND2X2
Parsing macro AOI21X1
Parsing macro AOI22X1
Parsing macro BUFX2
Parsing macro NOR3X1
Parsing macro DFFPOSX1
Parsing macro INVX1
Parsing macro NAND2X1
Parsing macro NAND3X1
Parsing macro NOR2X1
Parsing macro OAI21X1
Parsing macro OAI22X1
Parsing macro OR2X2
Parsing macro XOR2X1
Parsing macro XNOR2X1
Parsing macro DFFSR
Parsing macro CLKBUF1
2nd pass of blif file. . .
3rd pass of blif file. . .
Done!
No FIR.cel1 file found for project. . . no partial blockages to apply to layout.
Running decongest to set initial density of 0.3
decongest.tcl FIR  /usr/local/share/qflow/tech/osu050/osu050_stdcells.lef FILL 0.3 --units=100
Reading FILL {} {} macros from LEF file.

decongest.tcl:
Fixed density planning, density = 0.3
Number of cells = 1640, total width = 2223600
Width of fill = 5188400
Width of decap = 0
Width of antenna  = 0

Done!
No FIR.cel2 file found for project. . . continuing without pin placement hints
Running GrayWolf placement
graywolf  FIR

twflow version:2.1 date:Mon May 25 21:15:08 EDT 1992
Authors: Bill Swartz, Carl Sechen
         Yale University

syntax version:v1.1 date:Mon May 25 21:11:10 EDT 1992
TimberWolf System Syntax Checker
Authors: Carl Sechen, Kai-Win Lee, Bill Swartz,
         Dahe Chen, and Jimmy Lam
         Yale University

Read   50 objects so far...
Read  100 objects so far...
Read  150 objects so far...
Read  200 objects so far...
Read  250 objects so far...
Read  300 objects so far...
Read  350 objects so far...
Read  400 objects so far...
Read  450 objects so far...
Read  500 objects so far...
Read  550 objects so far...
Read  600 objects so far...
Read  650 objects so far...
Read  700 objects so far...
Read  750 objects so far...
Read  800 objects so far...
Read  850 objects so far...
Read  900 objects so far...
Read  950 objects so far...
Read 1000 objects so far...
Read 1050 objects so far...
Read 1100 objects so far...
Read 1150 objects so far...
Read 1200 objects so far...
Read 1250 objects so far...
Read 1300 objects so far...
Read 1350 objects so far...
Read 1400 objects so far...
Read 1450 objects so far...
Read 1500 objects so far...
Read 1550 objects so far...
Read 1600 objects so far...
Read 1650 objects so far...
No syntax errors were found

syntax terminated normally with no errors and 0 warning[s]


----------------------------
Total stdcells     :1640
Total cell width   :7.41e+06
Total cell height  :4.92e+06
Total cell area    :2.22e+10
Total core area    :2.22e+10
Average cell height:3.00e+03


nocut - replacement for Mincut version:v1.0 date:Mon May 25 21:09:40 EDT 1992
TimberWolf System Floorplan Setup Program
Authors: Carl Sechen, Bill Swartz,
         Yale University

Read   50 objects so far...
Read  100 objects so far...
Read  150 objects so far...
Read  200 objects so far...
Read  250 objects so far...
Read  300 objects so far...
Read  350 objects so far...
Read  400 objects so far...
Read  450 objects so far...
Read  500 objects so far...
Read  550 objects so far...
Read  600 objects so far...
Read  650 objects so far...
Read  700 objects so far...
Read  750 objects so far...
Read  800 objects so far...
Read  850 objects so far...
Read  900 objects so far...
Read  950 objects so far...
Read 1000 objects so far...
Read 1050 objects so far...
Read 1100 objects so far...
Read 1150 objects so far...
Read 1200 objects so far...
Read 1250 objects so far...
Read 1300 objects so far...
Read 1350 objects so far...
Read 1400 objects so far...
Read 1450 objects so far...
Read 1500 objects so far...
Read 1550 objects so far...
Read 1600 objects so far...
Read 1650 objects so far...
Splitting FIR.cel into FIR.scel and FIR.mcel...
	done!


nocut - replacement for Mincut terminated normally with no errors and 0 warning[s]


TimberWolfMC version:v2.2 date:Mon May 25 21:18:34 EDT 1992
Authors: Carl Sechen, Bill Swartz, Kai-Win Lee
         Dahe Chen, and Jimmy Lam
         Yale University

config version:v1.0 date:Mon May 25 20:57:18 EDT 1992
Row configuration program
    Yale University


config switches:
	Graphics mode on
	config will inherit window



config terminated normally with no errors and 0 warning[s]


TimberWolfMC terminated normally with no errors and 0 warning[s]

WARNING[findcost]:Net <vdd> has 429 pins


TimberWolfSC switches:
	Graphics mode on
	TimberWolfSC will inherit window

TimberWolfSC version:v6.0 date:Mon May 25 21:19:07 EDT 1992
Row-Based Placement and Global Routing Program
Authors: Carl Sechen, Kai-Win Lee, and Bill Swartz,
         Yale University
  0 
  1   2   3   4   5   6   7   8   9  10  11  12  13  14  15 
 16  17  18  19  20  21  22  23  24  25  26  27  28  29  30 
 31  32  33  34  35  36  37  38  39  40  41  42  43  44  45 
 46  47  48  49  50  51  52  53  54  55  56  57  58  59  60 
 61  62  63  64  65  66  67  68  69  70  71  72  73  74  75 
 76  77  78  79  80  81  82  83  84  85  86  87  88  89  90 
 91  92  93  94  95  96  97  98  99 100 101 102 103 104 105 
106 107 108 109 110 111 112 113 114 115 116 117 118 119 120 
121 122 123 124 125 126 127 128 129 130 131 132 133 134 135 
136 137 138 139 140 141 142 143 144 145 146 147 148 149 150 
151 152 153 154 155 156 157 158 
 block left edge is at -239
 the longest block length is 159360
 building the steiner trees
 rebuilding the steiner tree

----start doing coarse global routing ------ 
 ITERATION  1
 ITERATION  2
 ITERATION  3
 ITERATION  4
 ITERATION  5
 ITERATION  6
 ITERATION  7
 ITERATION  8
 ITERATION  9

  longest Row is:27   Its length is:156000
 doing feed-through pins assignment
 building the net-tree now !
 set up the global routing grids
 the starting value of tracks =  689
 tracks = 679 at attempts =  1000
 tracks = 673 at attempts =  2000
 tracks = 669 at attempts =  3000
 tracks = 666 at attempts =  4000
 tracks = 665 at attempts =  5000
 tracks = 663 at attempts =  6000
 tracks = 655 at attempts =  7000
 tracks = 655 at attempts =  8000
 tracks = 654 at attempts =  9000
 tracks = 654 at attempts = 10000
 tracks = 654 at attempts = 11000
 tracks = 654 at attempts = 12000
 tracks = 654 at attempts = 13000
 tracks = 654 at attempts = 14000
 tracks = 654 at attempts = 15000
 tracks = 654 at attempts = 16000
 tracks = 654 at attempts = 17000
 tracks = 654 at attempts = 18000
 tracks = 654 at attempts = 19000
 tracks = 654 at attempts = 20000
 tracks = 654 at attempts = 21000
 tracks = 654 at attempts = 22000
 tracks = 654 at attempts = 23000
 tracks = 654 at attempts = 24000
 tracks = 654 at attempts = 25000
 tracks = 654 at attempts = 26000
 tracks = 654 at attempts = 27000
 tracks = 654 at attempts = 28000
 tracks = 654 at attempts = 29000
 tracks = 654 at attempts = 30000
 tracks = 654 at attempts = 31000
 tracks = 654 at attempts = 32000
 tracks = 654 at attempts = 33000
 tracks = 654 at attempts = 34000
 tracks = 654 at attempts = 35000
 tracks = 654 at attempts = 36000
 tracks = 654 at attempts = 37000
 tracks = 654 at attempts = 38000
 tracks = 654 at attempts = 39000
 tracks = 654 at attempts = 40000
 tracks = 654 at attempts = 41000
 removing redundant feed-through pins
 the connectivity of all the nets is verified

 block left edge is at -239
 the longest block length is 159360
 building the steiner trees
 rebuilding the steiner tree

----start doing coarse global routing ------ 
 ITERATION  1
 ITERATION  2
 ITERATION  3
 ITERATION  4
 ITERATION  5
 ITERATION  6
 ITERATION  7

  longest Row is:37   Its length is:157440
 doing feed-through pins assignment
 building the net-tree now !
 set up the global routing grids
 the starting value of tracks =  711
 tracks = 694 at attempts =  1000
 tracks = 688 at attempts =  2000
 tracks = 679 at attempts =  3000
 tracks = 675 at attempts =  4000
 tracks = 673 at attempts =  5000
 tracks = 672 at attempts =  6000
 tracks = 672 at attempts =  7000
 tracks = 671 at attempts =  8000
 tracks = 670 at attempts =  9000
 tracks = 670 at attempts = 10000
 tracks = 670 at attempts = 11000
 tracks = 670 at attempts = 12000
 tracks = 670 at attempts = 13000
 tracks = 670 at attempts = 14000
 tracks = 670 at attempts = 15000
 tracks = 670 at attempts = 16000
 tracks = 670 at attempts = 17000
 tracks = 670 at attempts = 18000
 tracks = 670 at attempts = 19000
 tracks = 670 at attempts = 20000
 tracks = 670 at attempts = 21000
 tracks = 670 at attempts = 22000
 tracks = 670 at attempts = 23000
 tracks = 670 at attempts = 24000
 tracks = 670 at attempts = 25000
 tracks = 670 at attempts = 26000
 tracks = 670 at attempts = 27000
 tracks = 670 at attempts = 28000
 tracks = 670 at attempts = 29000
 tracks = 670 at attempts = 30000
 tracks = 670 at attempts = 31000
 tracks = 670 at attempts = 32000
 tracks = 670 at attempts = 33000
 tracks = 670 at attempts = 34000
 tracks = 670 at attempts = 35000
 tracks = 670 at attempts = 36000
 tracks = 670 at attempts = 37000
 tracks = 670 at attempts = 38000
 tracks = 670 at attempts = 39000
 tracks = 670 at attempts = 40000
 tracks = 670 at attempts = 41000
 removing redundant feed-through pins
 the connectivity of all the nets is verified

 block left edge is at -239
 the longest block length is 159360
 building the steiner trees
 rebuilding the steiner tree

----start doing coarse global routing ------ 
 ITERATION  1
 ITERATION  2
 ITERATION  3
 ITERATION  4
 ITERATION  5
 ITERATION  6

  longest Row is:37   Its length is:156720
 doing feed-through pins assignment
 building the net-tree now !
 set up the global routing grids
 the starting value of tracks =  686
 tracks = 666 at attempts =  1000
 tracks = 659 at attempts =  2000
 tracks = 649 at attempts =  3000
 tracks = 643 at attempts =  4000
 tracks = 643 at attempts =  5000
 tracks = 641 at attempts =  6000
 tracks = 641 at attempts =  7000
 tracks = 641 at attempts =  8000
 tracks = 641 at attempts =  9000
 tracks = 641 at attempts = 10000
 tracks = 641 at attempts = 11000
 tracks = 641 at attempts = 12000
 tracks = 641 at attempts = 13000
 tracks = 641 at attempts = 14000
 tracks = 641 at attempts = 15000
 tracks = 641 at attempts = 16000
 tracks = 641 at attempts = 17000
 tracks = 641 at attempts = 18000
 tracks = 641 at attempts = 19000
 tracks = 641 at attempts = 20000
 tracks = 641 at attempts = 21000
 tracks = 641 at attempts = 22000
 tracks = 641 at attempts = 23000
 tracks = 641 at attempts = 24000
 tracks = 641 at attempts = 25000
 tracks = 641 at attempts = 26000
 tracks = 641 at attempts = 27000
 tracks = 641 at attempts = 28000
 tracks = 641 at attempts = 29000
 tracks = 641 at attempts = 30000
 tracks = 641 at attempts = 31000
 tracks = 641 at attempts = 32000
 tracks = 641 at attempts = 33000
 tracks = 641 at attempts = 34000
 tracks = 641 at attempts = 35000
 tracks = 641 at attempts = 36000
 tracks = 641 at attempts = 37000
 tracks = 641 at attempts = 38000
 tracks = 641 at attempts = 39000
 tracks = 641 at attempts = 40000
 tracks = 641 at attempts = 41000
 removing redundant feed-through pins
 the connectivity of all the nets is verified

 block left edge is at -239
 the longest block length is 159360
 building the steiner trees
 rebuilding the steiner tree

----start doing coarse global routing ------ 
 ITERATION  1

  longest Row is:12   Its length is:152400
 doing feed-through pins assignment
 building the net-tree now !
 set up the global routing grids
 the starting value of tracks =  585
 tracks = 585 at attempts =  1000
 tracks = 585 at attempts =  2000
 tracks = 585 at attempts =  3000
 tracks = 585 at attempts =  4000
 tracks = 585 at attempts =  5000
 tracks = 585 at attempts =  6000
 tracks = 585 at attempts =  7000
 tracks = 585 at attempts =  8000
 tracks = 585 at attempts =  9000
 tracks = 585 at attempts = 10000
 tracks = 585 at attempts = 11000
 tracks = 585 at attempts = 12000
 tracks = 585 at attempts = 13000
 tracks = 585 at attempts = 14000
 tracks = 585 at attempts = 15000
 tracks = 585 at attempts = 16000
 tracks = 585 at attempts = 17000
 tracks = 585 at attempts = 18000
 tracks = 585 at attempts = 19000
 tracks = 585 at attempts = 20000
 tracks = 585 at attempts = 21000
 tracks = 585 at attempts = 22000
 tracks = 585 at attempts = 23000
 tracks = 585 at attempts = 24000
 tracks = 585 at attempts = 25000
 tracks = 585 at attempts = 26000
 tracks = 585 at attempts = 27000
 tracks = 585 at attempts = 28000
 tracks = 585 at attempts = 29000
 tracks = 585 at attempts = 30000
 tracks = 585 at attempts = 31000
 tracks = 585 at attempts = 32000
 tracks = 585 at attempts = 33000
 tracks = 585 at attempts = 34000
 tracks = 585 at attempts = 35000
 tracks = 585 at attempts = 36000
 tracks = 585 at attempts = 37000
 tracks = 585 at attempts = 38000
 tracks = 585 at attempts = 39000
 tracks = 585 at attempts = 40000
 tracks = 585 at attempts = 41000
 removing redundant feed-through pins
 the connectivity of all the nets is verified

 block left edge is at -239
 the longest block length is 159360
 building the steiner trees
 rebuilding the steiner tree

----start doing coarse global routing ------ 
 ITERATION  1
 ITERATION  2
 ITERATION  3
 ITERATION  4
 ITERATION  5
 ITERATION  6
 ITERATION  7
 ITERATION  8
 ITERATION  9
 ITERATION 10
 ITERATION 11

  longest Row is:24   Its length is:156720
 doing feed-through pins assignment
 building the net-tree now !
 set up the global routing grids
 the starting value of tracks =  684
 tracks = 663 at attempts =  1000
 tracks = 654 at attempts =  2000
 tracks = 650 at attempts =  3000
 tracks = 644 at attempts =  4000
 tracks = 643 at attempts =  5000
 tracks = 643 at attempts =  6000
 tracks = 643 at attempts =  7000
 tracks = 643 at attempts =  8000
 tracks = 643 at attempts =  9000
 tracks = 643 at attempts = 10000
 tracks = 643 at attempts = 11000
 tracks = 643 at attempts = 12000
 tracks = 643 at attempts = 13000
 tracks = 643 at attempts = 14000
 tracks = 643 at attempts = 15000
 tracks = 643 at attempts = 16000
 tracks = 643 at attempts = 17000
 tracks = 643 at attempts = 18000
 tracks = 643 at attempts = 19000
 tracks = 643 at attempts = 20000
 tracks = 643 at attempts = 21000
 tracks = 643 at attempts = 22000
 tracks = 643 at attempts = 23000
 tracks = 643 at attempts = 24000
 tracks = 643 at attempts = 25000
 tracks = 643 at attempts = 26000
 tracks = 643 at attempts = 27000
 tracks = 643 at attempts = 28000
 tracks = 643 at attempts = 29000
 tracks = 643 at attempts = 30000
 tracks = 643 at attempts = 31000
 tracks = 643 at attempts = 32000
 tracks = 643 at attempts = 33000
 tracks = 643 at attempts = 34000
 tracks = 643 at attempts = 35000
 tracks = 643 at attempts = 36000
 tracks = 643 at attempts = 37000
 tracks = 643 at attempts = 38000
 tracks = 643 at attempts = 39000
 tracks = 643 at attempts = 40000
 tracks = 643 at attempts = 41000
 removing redundant feed-through pins
 the connectivity of all the nets is verified

 block left edge is at -239
 the longest block length is 159360
 building the steiner trees
 rebuilding the steiner tree

----start doing coarse global routing ------ 
 ITERATION  1
 ITERATION  2
 ITERATION  3
 ITERATION  4
 ITERATION  5
 ITERATION  6

  longest Row is:37   Its length is:157920
 doing feed-through pins assignment
 building the net-tree now !
 set up the global routing grids
 the starting value of tracks =  685
 tracks = 670 at attempts =  1000
 tracks = 662 at attempts =  2000
 tracks = 656 at attempts =  3000
 tracks = 656 at attempts =  4000
 tracks = 655 at attempts =  5000
 tracks = 651 at attempts =  6000
 tracks = 650 at attempts =  7000
 tracks = 649 at attempts =  8000
 tracks = 649 at attempts =  9000
 tracks = 649 at attempts = 10000
 tracks = 649 at attempts = 11000
 tracks = 649 at attempts = 12000
 tracks = 649 at attempts = 13000
 tracks = 649 at attempts = 14000
 tracks = 649 at attempts = 15000
 tracks = 649 at attempts = 16000
 tracks = 649 at attempts = 17000
 tracks = 649 at attempts = 18000
 tracks = 649 at attempts = 19000
 tracks = 649 at attempts = 20000
 tracks = 649 at attempts = 21000
 tracks = 649 at attempts = 22000
 tracks = 649 at attempts = 23000
 tracks = 649 at attempts = 24000
 tracks = 649 at attempts = 25000
 tracks = 649 at attempts = 26000
 tracks = 649 at attempts = 27000
 tracks = 649 at attempts = 28000
 tracks = 649 at attempts = 29000
 tracks = 649 at attempts = 30000
 tracks = 649 at attempts = 31000
 tracks = 649 at attempts = 32000
 tracks = 649 at attempts = 33000
 tracks = 649 at attempts = 34000
 tracks = 649 at attempts = 35000
 tracks = 649 at attempts = 36000
 tracks = 649 at attempts = 37000
 tracks = 649 at attempts = 38000
 tracks = 649 at attempts = 39000
 tracks = 649 at attempts = 40000
 tracks = 649 at attempts = 41000
 removing redundant feed-through pins
 the connectivity of all the nets is verified

 block left edge is at -239
 the longest block length is 159360
 building the steiner trees
 rebuilding the steiner tree

----start doing coarse global routing ------ 
 ITERATION  1
 ITERATION  2
 ITERATION  3
 ITERATION  4
 ITERATION  5
 ITERATION  6
 ITERATION  7
 ITERATION  8
 ITERATION  9

  longest Row is:37   Its length is:157200
 doing feed-through pins assignment
 building the net-tree now !
 set up the global routing grids
 the starting value of tracks =  689
 tracks = 676 at attempts =  1000
 tracks = 666 at attempts =  2000
 tracks = 655 at attempts =  3000
 tracks = 650 at attempts =  4000
 tracks = 648 at attempts =  5000
 tracks = 648 at attempts =  6000
 tracks = 646 at attempts =  7000
 tracks = 646 at attempts =  8000
 tracks = 646 at attempts =  9000
 tracks = 646 at attempts = 10000
 tracks = 645 at attempts = 11000
 tracks = 645 at attempts = 12000
 tracks = 645 at attempts = 13000
 tracks = 645 at attempts = 14000
 tracks = 645 at attempts = 15000
 tracks = 645 at attempts = 16000
 tracks = 645 at attempts = 17000
 tracks = 645 at attempts = 18000
 tracks = 645 at attempts = 19000
 tracks = 645 at attempts = 20000
 tracks = 645 at attempts = 21000
 tracks = 645 at attempts = 22000
 tracks = 645 at attempts = 23000
 tracks = 645 at attempts = 24000
 tracks = 645 at attempts = 25000
 tracks = 645 at attempts = 26000
 tracks = 645 at attempts = 27000
 tracks = 645 at attempts = 28000
 tracks = 645 at attempts = 29000
 tracks = 645 at attempts = 30000
 tracks = 645 at attempts = 31000
 tracks = 645 at attempts = 32000
 tracks = 645 at attempts = 33000
 tracks = 645 at attempts = 34000
 tracks = 645 at attempts = 35000
 tracks = 645 at attempts = 36000
 tracks = 645 at attempts = 37000
 tracks = 645 at attempts = 38000
 tracks = 645 at attempts = 39000
 tracks = 645 at attempts = 40000
 tracks = 645 at attempts = 41000
 removing redundant feed-through pins
 the connectivity of all the nets is verified

 block left edge is at -239
 the longest block length is 159360
 building the steiner trees
 rebuilding the steiner tree

----start doing coarse global routing ------ 
 ITERATION  1

  longest Row is:12   Its length is:152400
 doing feed-through pins assignment
 building the net-tree now !
 set up the global routing grids
 the starting value of tracks =  603
 tracks = 603 at attempts =  1000
 tracks = 603 at attempts =  2000
 tracks = 603 at attempts =  3000
 tracks = 603 at attempts =  4000
 tracks = 603 at attempts =  5000
 tracks = 603 at attempts =  6000
 tracks = 603 at attempts =  7000
 tracks = 603 at attempts =  8000
 tracks = 603 at attempts =  9000
 tracks = 603 at attempts = 10000
 tracks = 603 at attempts = 11000
 tracks = 603 at attempts = 12000
 tracks = 603 at attempts = 13000
 tracks = 603 at attempts = 14000
 tracks = 603 at attempts = 15000
 tracks = 603 at attempts = 16000
 tracks = 603 at attempts = 17000
 tracks = 603 at attempts = 18000
 tracks = 603 at attempts = 19000
 tracks = 603 at attempts = 20000
 tracks = 603 at attempts = 21000
 tracks = 603 at attempts = 22000
 tracks = 603 at attempts = 23000
 tracks = 603 at attempts = 24000
 tracks = 603 at attempts = 25000
 tracks = 603 at attempts = 26000
 tracks = 603 at attempts = 27000
 tracks = 603 at attempts = 28000
 tracks = 603 at attempts = 29000
 tracks = 603 at attempts = 30000
 tracks = 603 at attempts = 31000
 tracks = 603 at attempts = 32000
 tracks = 603 at attempts = 33000
 tracks = 603 at attempts = 34000
 tracks = 603 at attempts = 35000
 tracks = 603 at attempts = 36000
 tracks = 603 at attempts = 37000
 tracks = 603 at attempts = 38000
 tracks = 603 at attempts = 39000
 tracks = 603 at attempts = 40000
 tracks = 603 at attempts = 41000
 removing redundant feed-through pins
 the connectivity of all the nets is verified


***********************************************
*ACTUAL* FINAL NUMBER OF ROUTING TRACKS: 585
***********************************************


TimberWolfSC terminated normally with no errors and 1 warning[s]


twflow terminated normally with no errors and 0 warning[s]

Running getfillcell to determine cell to use for fill.
getfillcell.tcl FIR  /usr/local/share/qflow/tech/osu050/osu050_stdcells.lef FILL
Using cell FILL for fill
Running place2def to translate graywolf output to DEF format.
place2def.tcl FIR FILL 
Running place2def.tcl
DEF database: 100 units per micron
Limits: xbot = -239 ybot = -795.0 xtop = 152565.0 ytop = 147195.0
Core values: 120.0 150.0 152520.0 147150.0
Offsets: 120.0 150.0
3 routing layers
494 horizontal tracks from -600.0 to 147600.0 step 300 (M1, M3, ...)
637 vertical tracks from 0.0 to 152880.0 step 240.0 (M2, M4, ...)
Summary: Total components = 23259
  Fill cells  = 21619
  Other cells = 1640
Done with place2def.tcl
Running addspacers to generate power stripes and align cell right edge
addspacers.tcl  -stripe 8.0 225.0 PG FIR  /usr/local/share/qflow/tech/osu050/osu050_stdcells.lef FILL
Reading FILL macros from LEF file.
Reading DEF file FIR.def. . .
Number of rows is 49
Longest row has width 1525.2 um
addspacers:  Inserting 6 stripes of width 7.2 um (8.0 um requested)
  Pitch 223.2 um, offset 204.0 um
stretch:  Number of components is 24372
Analysis of DEF file:
Number of components = 23259
New number of components = 24372
Number of rows = 49
Adjusting obstructions for power striping
Warning:  No vertical routing layer at metal 3 or above
Only posts will be placed, and not connected
Done with addspacers.tcl
Running arrangepins to adjust pin positions for optimal routing.
arrangepins.tcl  FIR
Reading info file FIR.info. . .
Reading DEF file FIR.def. . .
Recalculating pin positions
Writing DEF file FIR_mod.def. . .
Done with arrangepins.tcl
blifanno.tcl /home/openvlsi/proyecto/IEE2753-2019-eaanais/proyecto/qflow_viernes/synthesis/FIR.blif FIR.def /home/openvlsi/proyecto/IEE2753-2019-eaanais/proyecto/qflow_viernes/synthesis/FIR_anno.blif
Running blifanno.tcl
Reading DEF file FIR.def. . .
Done with blifanno.tcl

Generating RTL verilog and SPICE netlist file in directory
   /home/openvlsi/proyecto/IEE2753-2019-eaanais/proyecto/qflow_viernes/synthesis
Files:
   Verilog: /home/openvlsi/proyecto/IEE2753-2019-eaanais/proyecto/qflow_viernes/synthesis/FIR.rtl.v
   Verilog: /home/openvlsi/proyecto/IEE2753-2019-eaanais/proyecto/qflow_viernes/synthesis/FIR.rtlnopwr.v
   Verilog: /home/openvlsi/proyecto/IEE2753-2019-eaanais/proyecto/qflow_viernes/synthesis/FIR.rtlbb.v
   Spice:   /home/openvlsi/proyecto/IEE2753-2019-eaanais/proyecto/qflow_viernes/synthesis/FIR.spc

Running blif2Verilog.
Running blif2BSpice.
Placement script ended on Fri Jul 5 20:22:54 PDT 2019
